2022-04-26 09:42:48 [restartedMain] WARN  -  [DUBBO] The BeanDefinition[Root bean: class [com.alibaba.dubbo.config.spring.ServiceBean]; scope=; abstract=false; lazyInit=null; autowireMode=0; dependencyCheck=0; autowireCandidate=true; primary=false; factoryBeanName=null; factoryMethodName=null; initMethodName=null; destroyMethodName=null] of ServiceBean has been registered with name : ServiceBean:cj.springboot2.dubbo.share.service.UserService:1.0.0, dubbo version: 2.6.5, current host: 172.16.18.25
2022-04-26 09:42:50 [restartedMain] WARN  -  [DUBBO] No spring extension (bean) named:defaultCompiler, try to find an extension (bean) of type java.lang.String, dubbo version: 2.6.5, current host: 172.16.18.25
2022-04-26 09:42:50 [restartedMain] WARN  -  [DUBBO] No spring extension (bean) named:defaultCompiler, type:java.lang.String found, stop get bean., dubbo version: 2.6.5, current host: 172.16.18.25
2022-04-26 09:42:50 [restartedMain] WARN  -  [DUBBO] Fail to start qos server: , dubbo version: 2.6.5, current host: 172.16.18.25
java.lang.NoClassDefFoundError: io/netty/channel/nio/NioEventLoopGroup
	at com.alibaba.dubbo.qos.server.Server.start(Server.java:84)
	at com.alibaba.dubbo.qos.protocol.QosProtocolWrapper.startQosServer(QosProtocolWrapper.java:98)
	at com.alibaba.dubbo.qos.protocol.QosProtocolWrapper.export(QosProtocolWrapper.java:59)
	at com.alibaba.dubbo.rpc.protocol.ProtocolFilterWrapper.export(ProtocolFilterWrapper.java:98)
	at com.alibaba.dubbo.rpc.protocol.ProtocolListenerWrapper.export(ProtocolListenerWrapper.java:55)
	at com.alibaba.dubbo.rpc.Protocol$Adaptive.export(Protocol$Adaptive.java)
	at com.alibaba.dubbo.config.ServiceConfig.doExportUrlsFor1Protocol(ServiceConfig.java:513)
	at com.alibaba.dubbo.config.ServiceConfig.doExportUrls(ServiceConfig.java:358)
	at com.alibaba.dubbo.config.ServiceConfig.doExport(ServiceConfig.java:317)
	at com.alibaba.dubbo.config.ServiceConfig.export(ServiceConfig.java:216)
	at com.alibaba.dubbo.config.spring.ServiceBean.export(ServiceBean.java:291)
	at com.alibaba.dubbo.config.spring.ServiceBean.onApplicationEvent(ServiceBean.java:131)
	at com.alibaba.dubbo.config.spring.ServiceBean.onApplicationEvent(ServiceBean.java:53)
	at org.springframework.context.event.SimpleApplicationEventMulticaster.doInvokeListener(SimpleApplicationEventMulticaster.java:176)
	at org.springframework.context.event.SimpleApplicationEventMulticaster.invokeListener(SimpleApplicationEventMulticaster.java:169)
	at org.springframework.context.event.SimpleApplicationEventMulticaster.multicastEvent(SimpleApplicationEventMulticaster.java:143)
	at org.springframework.context.support.AbstractApplicationContext.publishEvent(AbstractApplicationContext.java:421)
	at org.springframework.context.support.AbstractApplicationContext.publishEvent(AbstractApplicationContext.java:378)
	at org.springframework.context.support.AbstractApplicationContext.finishRefresh(AbstractApplicationContext.java:938)
	at org.springframework.context.support.AbstractApplicationContext.refresh(AbstractApplicationContext.java:586)
	at org.springframework.boot.web.servlet.context.ServletWebServerApplicationContext.refresh(ServletWebServerApplicationContext.java:145)
	at org.springframework.boot.SpringApplication.refresh(SpringApplication.java:767)
	at org.springframework.boot.SpringApplication.refreshContext(SpringApplication.java:447)
	at org.springframework.boot.SpringApplication.run(SpringApplication.java:338)
	at org.springframework.boot.SpringApplication.run(SpringApplication.java:1356)
	at org.springframework.boot.SpringApplication.run(SpringApplication.java:1345)
	at cj.springboot2.dubbo.provider.CJDubboProvider9210Applicatoin.main(CJDubboProvider9210Applicatoin.java:11)
	at sun.reflect.NativeMethodAccessorImpl.invoke0(Native Method)
	at sun.reflect.NativeMethodAccessorImpl.invoke(NativeMethodAccessorImpl.java:62)
	at sun.reflect.DelegatingMethodAccessorImpl.invoke(DelegatingMethodAccessorImpl.java:43)
	at java.lang.reflect.Method.invoke(Method.java:498)
	at org.springframework.boot.devtools.restart.RestartLauncher.run(RestartLauncher.java:49)
Caused by: java.lang.ClassNotFoundException: io.netty.channel.nio.NioEventLoopGroup
	at java.net.URLClassLoader.findClass(URLClassLoader.java:381)
	at java.lang.ClassLoader.loadClass(ClassLoader.java:424)
	at sun.misc.Launcher$AppClassLoader.loadClass(Launcher.java:338)
	at java.lang.ClassLoader.loadClass(ClassLoader.java:357)
	... 32 common frames omitted
2022-04-26 09:48:18 [restartedMain] WARN  -  [DUBBO] The BeanDefinition[Root bean: class [com.alibaba.dubbo.config.spring.ServiceBean]; scope=; abstract=false; lazyInit=null; autowireMode=0; dependencyCheck=0; autowireCandidate=true; primary=false; factoryBeanName=null; factoryMethodName=null; initMethodName=null; destroyMethodName=null] of ServiceBean has been registered with name : ServiceBean:cj.springboot2.dubbo.share.service.UserService:1.0.0, dubbo version: 2.6.5, current host: 172.16.18.25
2022-04-26 09:48:20 [restartedMain] WARN  -  [DUBBO] No spring extension (bean) named:defaultCompiler, try to find an extension (bean) of type java.lang.String, dubbo version: 2.6.5, current host: 172.16.18.25
2022-04-26 09:48:20 [restartedMain] WARN  -  [DUBBO] No spring extension (bean) named:defaultCompiler, type:java.lang.String found, stop get bean., dubbo version: 2.6.5, current host: 172.16.18.25
2022-04-26 09:48:20 [restartedMain] WARN  -  [DUBBO] Fail to start qos server: , dubbo version: 2.6.5, current host: 172.16.18.25
java.lang.NoClassDefFoundError: io/netty/channel/nio/NioEventLoopGroup
	at com.alibaba.dubbo.qos.server.Server.start(Server.java:84)
	at com.alibaba.dubbo.qos.protocol.QosProtocolWrapper.startQosServer(QosProtocolWrapper.java:98)
	at com.alibaba.dubbo.qos.protocol.QosProtocolWrapper.export(QosProtocolWrapper.java:59)
	at com.alibaba.dubbo.rpc.protocol.ProtocolFilterWrapper.export(ProtocolFilterWrapper.java:98)
	at com.alibaba.dubbo.rpc.Protocol$Adaptive.export(Protocol$Adaptive.java)
	at com.alibaba.dubbo.config.ServiceConfig.doExportUrlsFor1Protocol(ServiceConfig.java:513)
	at com.alibaba.dubbo.config.ServiceConfig.doExportUrls(ServiceConfig.java:358)
	at com.alibaba.dubbo.config.ServiceConfig.doExport(ServiceConfig.java:317)
	at com.alibaba.dubbo.config.ServiceConfig.export(ServiceConfig.java:216)
	at com.alibaba.dubbo.config.spring.ServiceBean.export(ServiceBean.java:291)
	at com.alibaba.dubbo.config.spring.ServiceBean.onApplicationEvent(ServiceBean.java:131)
	at com.alibaba.dubbo.config.spring.ServiceBean.onApplicationEvent(ServiceBean.java:53)
	at org.springframework.context.event.SimpleApplicationEventMulticaster.doInvokeListener(SimpleApplicationEventMulticaster.java:176)
	at org.springframework.context.event.SimpleApplicationEventMulticaster.invokeListener(SimpleApplicationEventMulticaster.java:169)
	at org.springframework.context.event.SimpleApplicationEventMulticaster.multicastEvent(SimpleApplicationEventMulticaster.java:143)
	at org.springframework.context.support.AbstractApplicationContext.publishEvent(AbstractApplicationContext.java:421)
	at org.springframework.context.support.AbstractApplicationContext.publishEvent(AbstractApplicationContext.java:378)
	at org.springframework.context.support.AbstractApplicationContext.finishRefresh(AbstractApplicationContext.java:938)
	at org.springframework.context.support.AbstractApplicationContext.refresh(AbstractApplicationContext.java:586)
	at org.springframework.boot.web.servlet.context.ServletWebServerApplicationContext.refresh(ServletWebServerApplicationContext.java:145)
	at org.springframework.boot.SpringApplication.refresh(SpringApplication.java:767)
	at org.springframework.boot.SpringApplication.refreshContext(SpringApplication.java:447)
	at org.springframework.boot.SpringApplication.run(SpringApplication.java:338)
	at org.springframework.boot.SpringApplication.run(SpringApplication.java:1356)
	at org.springframework.boot.SpringApplication.run(SpringApplication.java:1345)
	at cj.springboot2.dubbo.provider.CJDubboProvider9210Applicatoin.main(CJDubboProvider9210Applicatoin.java:11)
	at sun.reflect.NativeMethodAccessorImpl.invoke0(Native Method)
	at sun.reflect.NativeMethodAccessorImpl.invoke(NativeMethodAccessorImpl.java:62)
	at sun.reflect.DelegatingMethodAccessorImpl.invoke(DelegatingMethodAccessorImpl.java:43)
	at java.lang.reflect.Method.invoke(Method.java:498)
	at org.springframework.boot.devtools.restart.RestartLauncher.run(RestartLauncher.java:49)
Caused by: java.lang.ClassNotFoundException: io.netty.channel.nio.NioEventLoopGroup
	at java.net.URLClassLoader.findClass(URLClassLoader.java:381)
	at java.lang.ClassLoader.loadClass(ClassLoader.java:424)
	at sun.misc.Launcher$AppClassLoader.loadClass(Launcher.java:338)
	at java.lang.ClassLoader.loadClass(ClassLoader.java:357)
	... 31 common frames omitted
2022-04-26 09:49:50 [restartedMain] WARN  -  [DUBBO] The BeanDefinition[Root bean: class [com.alibaba.dubbo.config.spring.ServiceBean]; scope=; abstract=false; lazyInit=null; autowireMode=0; dependencyCheck=0; autowireCandidate=true; primary=false; factoryBeanName=null; factoryMethodName=null; initMethodName=null; destroyMethodName=null] of ServiceBean has been registered with name : ServiceBean:userServiceImpl:cj.springboot2.dubbo.share.service.UserService:1.0.0, dubbo version: 2.6.2, current host: 172.16.18.25
2022-04-26 09:52:13 [restartedMain] WARN  -  [DUBBO] The BeanDefinition[Root bean: class [com.alibaba.dubbo.config.spring.ServiceBean]; scope=; abstract=false; lazyInit=null; autowireMode=0; dependencyCheck=0; autowireCandidate=true; primary=false; factoryBeanName=null; factoryMethodName=null; initMethodName=null; destroyMethodName=null] of ServiceBean has been registered with name : ServiceBean:userServiceImpl:cj.springboot2.dubbo.share.service.UserService:1.0.0, dubbo version: 2.6.2, current host: 172.16.18.25
2022-04-26 14:15:06 [restartedMain] WARN  -  [DUBBO] The BeanDefinition[Root bean: class [com.alibaba.dubbo.config.spring.ServiceBean]; scope=; abstract=false; lazyInit=null; autowireMode=0; dependencyCheck=0; autowireCandidate=true; primary=false; factoryBeanName=null; factoryMethodName=null; initMethodName=null; destroyMethodName=null] of ServiceBean has been registered with name : ServiceBean:userServiceImpl:cj.springboot2.dubbo.share.service.UserService:1.0.0, dubbo version: 2.6.2, current host: 172.16.18.25
2022-04-26 14:15:08 [restartedMain] WARN  - Exception encountered during context initialization - cancelling refresh attempt: org.springframework.beans.factory.BeanCreationException: Error creating bean with name 'compositeCompatibilityVerifier' defined in class path resource [org/springframework/cloud/configuration/CompatibilityVerifierAutoConfiguration.class]: Bean instantiation via factory method failed; nested exception is org.springframework.beans.BeanInstantiationException: Failed to instantiate [org.springframework.cloud.configuration.CompositeCompatibilityVerifier]: Factory method 'compositeCompatibilityVerifier' threw exception; nested exception is org.springframework.cloud.configuration.CompatibilityNotMetException: Spring Cloud/ Spring Boot version compatibility checks have failed: [[VerificationResult@3445cfab description = 'Spring Boot [2.5.9] is not compatible with this Spring Cloud release train', action = 'Change Spring Boot version to one of the following versions [2.6.x, 2.7.x] .
You can find the latest Spring Boot versions here [https://spring.io/projects/spring-boot#learn]. 
If you want to learn more about the Spring Cloud Release train compatibility, you can visit this page [https://spring.io/projects/spring-cloud#overview] and check the [Release Trains] section.
If you want to disable this check, just set the property [spring.cloud.compatibility-verifier.enabled=false]']]
2022-04-26 14:15:14 [Thread-21] WARN  - [NotifyCenter] Start destroying Publisher
2022-04-26 14:15:14 [Thread-11] WARN  - [HttpClientBeanHolder] Start destroying common HttpClient
2022-04-26 14:15:14 [Thread-21] WARN  - [NotifyCenter] Destruction of the end
2022-04-26 14:27:48 [restartedMain] WARN  -  [DUBBO] The BeanDefinition[Root bean: class [com.alibaba.dubbo.config.spring.ServiceBean]; scope=; abstract=false; lazyInit=null; autowireMode=0; dependencyCheck=0; autowireCandidate=true; primary=false; factoryBeanName=null; factoryMethodName=null; initMethodName=null; destroyMethodName=null] of ServiceBean has been registered with name : ServiceBean:userServiceImpl:cj.springboot2.dubbo.share.service.UserService:1.0.0, dubbo version: 2.6.2, current host: 172.16.18.25
2022-04-26 14:28:03 [restartedMain] WARN  - Exception encountered during context initialization - cancelling refresh attempt: org.springframework.context.ApplicationContextException: Failed to start bean 'webServerStartStop'; nested exception is java.lang.reflect.UndeclaredThrowableException
2022-04-26 14:28:12 [Thread-9] WARN  - [HttpClientBeanHolder] Start destroying common HttpClient
2022-04-26 14:28:12 [Thread-19] WARN  - [NotifyCenter] Start destroying Publisher
2022-04-26 14:28:12 [Thread-9] WARN  - [HttpClientBeanHolder] Destruction of the end
2022-04-26 14:28:12 [Thread-19] WARN  - [NotifyCenter] Destruction of the end
2022-04-26 15:22:48 [restartedMain] WARN  - Unable to close ApplicationContext
java.lang.IllegalStateException: Failed to introspect Class [org.apache.dubbo.spring.boot.autoconfigure.DubboRelaxedBinding2AutoConfiguration] from ClassLoader [sun.misc.Launcher$AppClassLoader@18b4aac2]
	at org.springframework.util.ReflectionUtils.getDeclaredMethods(ReflectionUtils.java:481)
	at org.springframework.util.ReflectionUtils.doWithMethods(ReflectionUtils.java:358)
	at org.springframework.util.ReflectionUtils.getUniqueDeclaredMethods(ReflectionUtils.java:414)
	at org.springframework.beans.factory.support.AbstractAutowireCapableBeanFactory.lambda$getTypeForFactoryMethod$2(AbstractAutowireCapableBeanFactory.java:743)
	at java.util.concurrent.ConcurrentHashMap.computeIfAbsent(ConcurrentHashMap.java:1660)
	at org.springframework.beans.factory.support.AbstractAutowireCapableBeanFactory.getTypeForFactoryMethod(AbstractAutowireCapableBeanFactory.java:742)
	at org.springframework.beans.factory.support.AbstractAutowireCapableBeanFactory.determineTargetType(AbstractAutowireCapableBeanFactory.java:681)
	at org.springframework.beans.factory.support.AbstractAutowireCapableBeanFactory.predictBeanType(AbstractAutowireCapableBeanFactory.java:649)
	at org.springframework.beans.factory.support.AbstractBeanFactory.isFactoryBean(AbstractBeanFactory.java:1608)
	at org.springframework.beans.factory.support.DefaultListableBeanFactory.doGetBeanNamesForType(DefaultListableBeanFactory.java:526)
	at org.springframework.beans.factory.support.DefaultListableBeanFactory.getBeanNamesForType(DefaultListableBeanFactory.java:497)
	at org.springframework.beans.factory.support.DefaultListableBeanFactory.getBeansOfType(DefaultListableBeanFactory.java:619)
	at org.springframework.beans.factory.support.DefaultListableBeanFactory.getBeansOfType(DefaultListableBeanFactory.java:611)
	at org.springframework.context.support.AbstractApplicationContext.getBeansOfType(AbstractApplicationContext.java:1242)
	at org.springframework.boot.SpringApplication.getExitCodeFromMappedException(SpringApplication.java:880)
	at org.springframework.boot.SpringApplication.getExitCodeFromException(SpringApplication.java:868)
	at org.springframework.boot.SpringApplication.handleExitCode(SpringApplication.java:855)
	at org.springframework.boot.SpringApplication.handleRunFailure(SpringApplication.java:806)
	at org.springframework.boot.SpringApplication.run(SpringApplication.java:325)
	at org.springframework.boot.SpringApplication.run(SpringApplication.java:1237)
	at org.springframework.boot.SpringApplication.run(SpringApplication.java:1226)
	at cj.springboot2.dubbo.provider.CJDubboProvider9210Applicatoin.main(CJDubboProvider9210Applicatoin.java:11)
	at sun.reflect.NativeMethodAccessorImpl.invoke0(Native Method)
	at sun.reflect.NativeMethodAccessorImpl.invoke(NativeMethodAccessorImpl.java:62)
	at sun.reflect.DelegatingMethodAccessorImpl.invoke(DelegatingMethodAccessorImpl.java:43)
	at java.lang.reflect.Method.invoke(Method.java:498)
	at org.springframework.boot.devtools.restart.RestartLauncher.run(RestartLauncher.java:49)
Caused by: java.lang.NoClassDefFoundError: com/alibaba/spring/context/config/ConfigurationBeanBinder
	at java.lang.Class.getDeclaredMethods0(Native Method)
	at java.lang.Class.privateGetDeclaredMethods(Class.java:2701)
	at java.lang.Class.getDeclaredMethods(Class.java:1975)
	at org.springframework.util.ReflectionUtils.getDeclaredMethods(ReflectionUtils.java:463)
	... 26 common frames omitted
Caused by: java.lang.ClassNotFoundException: com.alibaba.spring.context.config.ConfigurationBeanBinder
	at java.net.URLClassLoader.findClass(URLClassLoader.java:381)
	at java.lang.ClassLoader.loadClass(ClassLoader.java:424)
	at sun.misc.Launcher$AppClassLoader.loadClass(Launcher.java:338)
	at java.lang.ClassLoader.loadClass(ClassLoader.java:357)
	... 30 common frames omitted
2022-04-26 15:24:23 [restartedMain] WARN  - Unable to close ApplicationContext
java.lang.IllegalStateException: Failed to introspect Class [org.apache.dubbo.spring.boot.autoconfigure.DubboRelaxedBinding2AutoConfiguration] from ClassLoader [sun.misc.Launcher$AppClassLoader@18b4aac2]
	at org.springframework.util.ReflectionUtils.getDeclaredMethods(ReflectionUtils.java:481)
	at org.springframework.util.ReflectionUtils.doWithMethods(ReflectionUtils.java:358)
	at org.springframework.util.ReflectionUtils.getUniqueDeclaredMethods(ReflectionUtils.java:414)
	at org.springframework.beans.factory.support.AbstractAutowireCapableBeanFactory.lambda$getTypeForFactoryMethod$2(AbstractAutowireCapableBeanFactory.java:743)
	at java.util.concurrent.ConcurrentHashMap.computeIfAbsent(ConcurrentHashMap.java:1660)
	at org.springframework.beans.factory.support.AbstractAutowireCapableBeanFactory.getTypeForFactoryMethod(AbstractAutowireCapableBeanFactory.java:742)
	at org.springframework.beans.factory.support.AbstractAutowireCapableBeanFactory.determineTargetType(AbstractAutowireCapableBeanFactory.java:681)
	at org.springframework.beans.factory.support.AbstractAutowireCapableBeanFactory.predictBeanType(AbstractAutowireCapableBeanFactory.java:649)
	at org.springframework.beans.factory.support.AbstractBeanFactory.isFactoryBean(AbstractBeanFactory.java:1608)
	at org.springframework.beans.factory.support.DefaultListableBeanFactory.doGetBeanNamesForType(DefaultListableBeanFactory.java:526)
	at org.springframework.beans.factory.support.DefaultListableBeanFactory.getBeanNamesForType(DefaultListableBeanFactory.java:497)
	at org.springframework.beans.factory.support.DefaultListableBeanFactory.getBeansOfType(DefaultListableBeanFactory.java:619)
	at org.springframework.beans.factory.support.DefaultListableBeanFactory.getBeansOfType(DefaultListableBeanFactory.java:611)
	at org.springframework.context.support.AbstractApplicationContext.getBeansOfType(AbstractApplicationContext.java:1242)
	at org.springframework.boot.SpringApplication.getExitCodeFromMappedException(SpringApplication.java:880)
	at org.springframework.boot.SpringApplication.getExitCodeFromException(SpringApplication.java:868)
	at org.springframework.boot.SpringApplication.handleExitCode(SpringApplication.java:855)
	at org.springframework.boot.SpringApplication.handleRunFailure(SpringApplication.java:806)
	at org.springframework.boot.SpringApplication.run(SpringApplication.java:325)
	at org.springframework.boot.SpringApplication.run(SpringApplication.java:1237)
	at org.springframework.boot.SpringApplication.run(SpringApplication.java:1226)
	at cj.springboot2.dubbo.provider.CJDubboProvider9210Applicatoin.main(CJDubboProvider9210Applicatoin.java:11)
	at sun.reflect.NativeMethodAccessorImpl.invoke0(Native Method)
	at sun.reflect.NativeMethodAccessorImpl.invoke(NativeMethodAccessorImpl.java:62)
	at sun.reflect.DelegatingMethodAccessorImpl.invoke(DelegatingMethodAccessorImpl.java:43)
	at java.lang.reflect.Method.invoke(Method.java:498)
	at org.springframework.boot.devtools.restart.RestartLauncher.run(RestartLauncher.java:49)
Caused by: java.lang.NoClassDefFoundError: com/alibaba/spring/context/config/ConfigurationBeanBinder
	at java.lang.Class.getDeclaredMethods0(Native Method)
	at java.lang.Class.privateGetDeclaredMethods(Class.java:2701)
	at java.lang.Class.getDeclaredMethods(Class.java:1975)
	at org.springframework.util.ReflectionUtils.getDeclaredMethods(ReflectionUtils.java:463)
	... 26 common frames omitted
Caused by: java.lang.ClassNotFoundException: com.alibaba.spring.context.config.ConfigurationBeanBinder
	at java.net.URLClassLoader.findClass(URLClassLoader.java:381)
	at java.lang.ClassLoader.loadClass(ClassLoader.java:424)
	at sun.misc.Launcher$AppClassLoader.loadClass(Launcher.java:338)
	at java.lang.ClassLoader.loadClass(ClassLoader.java:357)
	... 30 common frames omitted
2022-04-26 15:25:38 [restartedMain] WARN  - Unable to close ApplicationContext
java.lang.IllegalStateException: Failed to introspect Class [org.apache.dubbo.spring.boot.autoconfigure.DubboRelaxedBinding2AutoConfiguration] from ClassLoader [sun.misc.Launcher$AppClassLoader@18b4aac2]
	at org.springframework.util.ReflectionUtils.getDeclaredMethods(ReflectionUtils.java:481)
	at org.springframework.util.ReflectionUtils.doWithMethods(ReflectionUtils.java:358)
	at org.springframework.util.ReflectionUtils.getUniqueDeclaredMethods(ReflectionUtils.java:414)
	at org.springframework.beans.factory.support.AbstractAutowireCapableBeanFactory.lambda$getTypeForFactoryMethod$2(AbstractAutowireCapableBeanFactory.java:743)
	at java.util.concurrent.ConcurrentHashMap.computeIfAbsent(ConcurrentHashMap.java:1688)
	at org.springframework.beans.factory.support.AbstractAutowireCapableBeanFactory.getTypeForFactoryMethod(AbstractAutowireCapableBeanFactory.java:742)
	at org.springframework.beans.factory.support.AbstractAutowireCapableBeanFactory.determineTargetType(AbstractAutowireCapableBeanFactory.java:681)
	at org.springframework.beans.factory.support.AbstractAutowireCapableBeanFactory.predictBeanType(AbstractAutowireCapableBeanFactory.java:649)
	at org.springframework.beans.factory.support.AbstractBeanFactory.isFactoryBean(AbstractBeanFactory.java:1608)
	at org.springframework.beans.factory.support.DefaultListableBeanFactory.doGetBeanNamesForType(DefaultListableBeanFactory.java:526)
	at org.springframework.beans.factory.support.DefaultListableBeanFactory.getBeanNamesForType(DefaultListableBeanFactory.java:497)
	at org.springframework.beans.factory.support.DefaultListableBeanFactory.getBeansOfType(DefaultListableBeanFactory.java:619)
	at org.springframework.beans.factory.support.DefaultListableBeanFactory.getBeansOfType(DefaultListableBeanFactory.java:611)
	at org.springframework.context.support.AbstractApplicationContext.getBeansOfType(AbstractApplicationContext.java:1242)
	at org.springframework.boot.SpringApplication.getExitCodeFromMappedException(SpringApplication.java:880)
	at org.springframework.boot.SpringApplication.getExitCodeFromException(SpringApplication.java:868)
	at org.springframework.boot.SpringApplication.handleExitCode(SpringApplication.java:855)
	at org.springframework.boot.SpringApplication.handleRunFailure(SpringApplication.java:806)
	at org.springframework.boot.SpringApplication.run(SpringApplication.java:325)
	at org.springframework.boot.SpringApplication.run(SpringApplication.java:1237)
	at org.springframework.boot.SpringApplication.run(SpringApplication.java:1226)
	at cj.springboot2.dubbo.provider.CJDubboProvider9210Applicatoin.main(CJDubboProvider9210Applicatoin.java:11)
	at sun.reflect.NativeMethodAccessorImpl.invoke0(Native Method)
	at sun.reflect.NativeMethodAccessorImpl.invoke(NativeMethodAccessorImpl.java:62)
	at sun.reflect.DelegatingMethodAccessorImpl.invoke(DelegatingMethodAccessorImpl.java:43)
	at java.lang.reflect.Method.invoke(Method.java:498)
	at org.springframework.boot.devtools.restart.RestartLauncher.run(RestartLauncher.java:49)
Caused by: java.lang.NoClassDefFoundError: com/alibaba/spring/context/config/ConfigurationBeanBinder
	at java.lang.Class.getDeclaredMethods0(Native Method)
	at java.lang.Class.privateGetDeclaredMethods(Class.java:2701)
	at java.lang.Class.getDeclaredMethods(Class.java:1975)
	at org.springframework.util.ReflectionUtils.getDeclaredMethods(ReflectionUtils.java:463)
	... 26 common frames omitted
Caused by: java.lang.ClassNotFoundException: com.alibaba.spring.context.config.ConfigurationBeanBinder
	at java.net.URLClassLoader.findClass(URLClassLoader.java:381)
	at java.lang.ClassLoader.loadClass(ClassLoader.java:424)
	at sun.misc.Launcher$AppClassLoader.loadClass(Launcher.java:338)
	at java.lang.ClassLoader.loadClass(ClassLoader.java:357)
	... 30 common frames omitted
2022-04-26 15:27:26 [restartedMain] WARN  - Unable to close ApplicationContext
java.lang.IllegalStateException: Failed to introspect Class [org.apache.dubbo.spring.boot.autoconfigure.DubboAutoConfiguration] from ClassLoader [sun.misc.Launcher$AppClassLoader@18b4aac2]
	at org.springframework.util.ReflectionUtils.getDeclaredMethods(ReflectionUtils.java:481)
	at org.springframework.util.ReflectionUtils.doWithMethods(ReflectionUtils.java:358)
	at org.springframework.util.ReflectionUtils.getUniqueDeclaredMethods(ReflectionUtils.java:414)
	at org.springframework.beans.factory.support.AbstractAutowireCapableBeanFactory.lambda$getTypeForFactoryMethod$2(AbstractAutowireCapableBeanFactory.java:743)
	at java.util.concurrent.ConcurrentHashMap.computeIfAbsent(ConcurrentHashMap.java:1688)
	at org.springframework.beans.factory.support.AbstractAutowireCapableBeanFactory.getTypeForFactoryMethod(AbstractAutowireCapableBeanFactory.java:742)
	at org.springframework.beans.factory.support.AbstractAutowireCapableBeanFactory.determineTargetType(AbstractAutowireCapableBeanFactory.java:681)
	at org.springframework.beans.factory.support.AbstractAutowireCapableBeanFactory.predictBeanType(AbstractAutowireCapableBeanFactory.java:649)
	at org.springframework.beans.factory.support.AbstractBeanFactory.isFactoryBean(AbstractBeanFactory.java:1608)
	at org.springframework.beans.factory.support.DefaultListableBeanFactory.doGetBeanNamesForType(DefaultListableBeanFactory.java:526)
	at org.springframework.beans.factory.support.DefaultListableBeanFactory.getBeanNamesForType(DefaultListableBeanFactory.java:497)
	at org.springframework.beans.factory.support.DefaultListableBeanFactory.getBeansOfType(DefaultListableBeanFactory.java:619)
	at org.springframework.beans.factory.support.DefaultListableBeanFactory.getBeansOfType(DefaultListableBeanFactory.java:611)
	at org.springframework.context.support.AbstractApplicationContext.getBeansOfType(AbstractApplicationContext.java:1242)
	at org.springframework.boot.SpringApplication.getExitCodeFromMappedException(SpringApplication.java:880)
	at org.springframework.boot.SpringApplication.getExitCodeFromException(SpringApplication.java:868)
	at org.springframework.boot.SpringApplication.handleExitCode(SpringApplication.java:855)
	at org.springframework.boot.SpringApplication.handleRunFailure(SpringApplication.java:806)
	at org.springframework.boot.SpringApplication.run(SpringApplication.java:325)
	at org.springframework.boot.SpringApplication.run(SpringApplication.java:1237)
	at org.springframework.boot.SpringApplication.run(SpringApplication.java:1226)
	at cj.springboot2.dubbo.provider.CJDubboProvider9210Applicatoin.main(CJDubboProvider9210Applicatoin.java:11)
	at sun.reflect.NativeMethodAccessorImpl.invoke0(Native Method)
	at sun.reflect.NativeMethodAccessorImpl.invoke(NativeMethodAccessorImpl.java:62)
	at sun.reflect.DelegatingMethodAccessorImpl.invoke(DelegatingMethodAccessorImpl.java:43)
	at java.lang.reflect.Method.invoke(Method.java:498)
	at org.springframework.boot.devtools.restart.RestartLauncher.run(RestartLauncher.java:49)
Caused by: java.lang.NoClassDefFoundError: org/apache/dubbo/config/spring/beans/factory/annotation/ServiceClassPostProcessor
	at java.lang.Class.getDeclaredMethods0(Native Method)
	at java.lang.Class.privateGetDeclaredMethods(Class.java:2701)
	at java.lang.Class.getDeclaredMethods(Class.java:1975)
	at org.springframework.util.ReflectionUtils.getDeclaredMethods(ReflectionUtils.java:463)
	... 26 common frames omitted
Caused by: java.lang.ClassNotFoundException: org.apache.dubbo.config.spring.beans.factory.annotation.ServiceClassPostProcessor
	at java.net.URLClassLoader.findClass(URLClassLoader.java:381)
	at java.lang.ClassLoader.loadClass(ClassLoader.java:424)
	at sun.misc.Launcher$AppClassLoader.loadClass(Launcher.java:338)
	at java.lang.ClassLoader.loadClass(ClassLoader.java:357)
	... 30 common frames omitted
2022-04-26 15:28:28 [restartedMain] WARN  -  [DUBBO] The BeanDefinition[Root bean: class [com.alibaba.dubbo.config.spring.ServiceBean]; scope=; abstract=false; lazyInit=null; autowireMode=0; dependencyCheck=0; autowireCandidate=true; primary=false; factoryBeanName=null; factoryMethodName=null; initMethodName=null; destroyMethodName=null] of ServiceBean has been registered with name : ServiceBean:cj.springboot2.dubbo.share.service.UserService:1.0.0, dubbo version: 2.6.5, current host: 172.16.18.25
2022-04-26 15:28:29 [restartedMain] WARN  -  [DUBBO] No spring extension (bean) named:defaultCompiler, try to find an extension (bean) of type java.lang.String, dubbo version: 2.6.5, current host: 172.16.18.25
2022-04-26 15:28:29 [restartedMain] WARN  -  [DUBBO] No spring extension (bean) named:defaultCompiler, type:java.lang.String found, stop get bean., dubbo version: 2.6.5, current host: 172.16.18.25
2022-04-26 15:28:29 [restartedMain] WARN  -  [DUBBO] Fail to start qos server: , dubbo version: 2.6.5, current host: 172.16.18.25
java.lang.NoClassDefFoundError: io/netty/channel/nio/NioEventLoopGroup
	at com.alibaba.dubbo.qos.server.Server.start(Server.java:84)
	at com.alibaba.dubbo.qos.protocol.QosProtocolWrapper.startQosServer(QosProtocolWrapper.java:98)
	at com.alibaba.dubbo.qos.protocol.QosProtocolWrapper.export(QosProtocolWrapper.java:59)
	at com.alibaba.dubbo.rpc.protocol.ProtocolListenerWrapper.export(ProtocolListenerWrapper.java:55)
	at com.alibaba.dubbo.rpc.protocol.ProtocolFilterWrapper.export(ProtocolFilterWrapper.java:98)
	at com.alibaba.dubbo.rpc.Protocol$Adaptive.export(Protocol$Adaptive.java)
	at com.alibaba.dubbo.config.ServiceConfig.doExportUrlsFor1Protocol(ServiceConfig.java:513)
	at com.alibaba.dubbo.config.ServiceConfig.doExportUrls(ServiceConfig.java:358)
	at com.alibaba.dubbo.config.ServiceConfig.doExport(ServiceConfig.java:317)
	at com.alibaba.dubbo.config.ServiceConfig.export(ServiceConfig.java:216)
	at com.alibaba.dubbo.config.spring.ServiceBean.export(ServiceBean.java:291)
	at com.alibaba.dubbo.config.spring.ServiceBean.onApplicationEvent(ServiceBean.java:131)
	at com.alibaba.dubbo.config.spring.ServiceBean.onApplicationEvent(ServiceBean.java:53)
	at org.springframework.context.event.SimpleApplicationEventMulticaster.doInvokeListener(SimpleApplicationEventMulticaster.java:172)
	at org.springframework.context.event.SimpleApplicationEventMulticaster.invokeListener(SimpleApplicationEventMulticaster.java:165)
	at org.springframework.context.event.SimpleApplicationEventMulticaster.multicastEvent(SimpleApplicationEventMulticaster.java:139)
	at org.springframework.context.support.AbstractApplicationContext.publishEvent(AbstractApplicationContext.java:403)
	at org.springframework.context.support.AbstractApplicationContext.publishEvent(AbstractApplicationContext.java:360)
	at org.springframework.context.support.AbstractApplicationContext.finishRefresh(AbstractApplicationContext.java:897)
	at org.springframework.context.support.AbstractApplicationContext.refresh(AbstractApplicationContext.java:553)
	at org.springframework.boot.web.servlet.context.ServletWebServerApplicationContext.refresh(ServletWebServerApplicationContext.java:143)
	at org.springframework.boot.SpringApplication.refresh(SpringApplication.java:758)
	at org.springframework.boot.SpringApplication.refresh(SpringApplication.java:750)
	at org.springframework.boot.SpringApplication.refreshContext(SpringApplication.java:397)
	at org.springframework.boot.SpringApplication.run(SpringApplication.java:315)
	at org.springframework.boot.SpringApplication.run(SpringApplication.java:1237)
	at org.springframework.boot.SpringApplication.run(SpringApplication.java:1226)
	at cj.springboot2.dubbo.provider.CJDubboProvider9210Applicatoin.main(CJDubboProvider9210Applicatoin.java:11)
	at sun.reflect.NativeMethodAccessorImpl.invoke0(Native Method)
	at sun.reflect.NativeMethodAccessorImpl.invoke(NativeMethodAccessorImpl.java:62)
	at sun.reflect.DelegatingMethodAccessorImpl.invoke(DelegatingMethodAccessorImpl.java:43)
	at java.lang.reflect.Method.invoke(Method.java:498)
	at org.springframework.boot.devtools.restart.RestartLauncher.run(RestartLauncher.java:49)
Caused by: java.lang.ClassNotFoundException: io.netty.channel.nio.NioEventLoopGroup
	at java.net.URLClassLoader.findClass(URLClassLoader.java:381)
	at java.lang.ClassLoader.loadClass(ClassLoader.java:424)
	at sun.misc.Launcher$AppClassLoader.loadClass(Launcher.java:338)
	at java.lang.ClassLoader.loadClass(ClassLoader.java:357)
	... 33 common frames omitted
2022-04-26 15:28:29 [restartedMain] WARN  - Invocation of destroy method failed on bean with name 'tomcatMetricsBinder': java.lang.NullPointerException
2022-04-26 15:30:13 [restartedMain] WARN  -  [DUBBO] The BeanDefinition[Root bean: class [com.alibaba.dubbo.config.spring.ServiceBean]; scope=; abstract=false; lazyInit=null; autowireMode=0; dependencyCheck=0; autowireCandidate=true; primary=false; factoryBeanName=null; factoryMethodName=null; initMethodName=null; destroyMethodName=null] of ServiceBean has been registered with name : ServiceBean:cj.springboot2.dubbo.share.service.UserService:1.0.0, dubbo version: 2.6.5, current host: 172.16.18.25
2022-04-26 15:30:14 [restartedMain] WARN  -  [DUBBO] No spring extension (bean) named:defaultCompiler, try to find an extension (bean) of type java.lang.String, dubbo version: 2.6.5, current host: 172.16.18.25
2022-04-26 15:30:14 [restartedMain] WARN  -  [DUBBO] No spring extension (bean) named:defaultCompiler, type:java.lang.String found, stop get bean., dubbo version: 2.6.5, current host: 172.16.18.25
2022-04-26 15:30:14 [restartedMain] WARN  -  [DUBBO] Fail to start qos server: , dubbo version: 2.6.5, current host: 172.16.18.25
java.lang.NoClassDefFoundError: io/netty/channel/nio/NioEventLoopGroup
	at com.alibaba.dubbo.qos.server.Server.start(Server.java:84)
	at com.alibaba.dubbo.qos.protocol.QosProtocolWrapper.startQosServer(QosProtocolWrapper.java:98)
	at com.alibaba.dubbo.qos.protocol.QosProtocolWrapper.export(QosProtocolWrapper.java:59)
	at com.alibaba.dubbo.rpc.protocol.ProtocolFilterWrapper.export(ProtocolFilterWrapper.java:98)
	at com.alibaba.dubbo.rpc.protocol.ProtocolListenerWrapper.export(ProtocolListenerWrapper.java:55)
	at com.alibaba.dubbo.rpc.Protocol$Adaptive.export(Protocol$Adaptive.java)
	at com.alibaba.dubbo.config.ServiceConfig.doExportUrlsFor1Protocol(ServiceConfig.java:513)
	at com.alibaba.dubbo.config.ServiceConfig.doExportUrls(ServiceConfig.java:358)
	at com.alibaba.dubbo.config.ServiceConfig.doExport(ServiceConfig.java:317)
	at com.alibaba.dubbo.config.ServiceConfig.export(ServiceConfig.java:216)
	at com.alibaba.dubbo.config.spring.ServiceBean.export(ServiceBean.java:291)
	at com.alibaba.dubbo.config.spring.ServiceBean.onApplicationEvent(ServiceBean.java:131)
	at com.alibaba.dubbo.config.spring.ServiceBean.onApplicationEvent(ServiceBean.java:53)
	at org.springframework.context.event.SimpleApplicationEventMulticaster.doInvokeListener(SimpleApplicationEventMulticaster.java:172)
	at org.springframework.context.event.SimpleApplicationEventMulticaster.invokeListener(SimpleApplicationEventMulticaster.java:165)
	at org.springframework.context.event.SimpleApplicationEventMulticaster.multicastEvent(SimpleApplicationEventMulticaster.java:139)
	at org.springframework.context.support.AbstractApplicationContext.publishEvent(AbstractApplicationContext.java:403)
	at org.springframework.context.support.AbstractApplicationContext.publishEvent(AbstractApplicationContext.java:360)
	at org.springframework.context.support.AbstractApplicationContext.finishRefresh(AbstractApplicationContext.java:897)
	at org.springframework.context.support.AbstractApplicationContext.refresh(AbstractApplicationContext.java:553)
	at org.springframework.boot.web.servlet.context.ServletWebServerApplicationContext.refresh(ServletWebServerApplicationContext.java:143)
	at org.springframework.boot.SpringApplication.refresh(SpringApplication.java:758)
	at org.springframework.boot.SpringApplication.refresh(SpringApplication.java:750)
	at org.springframework.boot.SpringApplication.refreshContext(SpringApplication.java:397)
	at org.springframework.boot.SpringApplication.run(SpringApplication.java:315)
	at org.springframework.boot.SpringApplication.run(SpringApplication.java:1237)
	at org.springframework.boot.SpringApplication.run(SpringApplication.java:1226)
	at cj.springboot2.dubbo.provider.CJDubboProvider9210Applicatoin.main(CJDubboProvider9210Applicatoin.java:11)
	at sun.reflect.NativeMethodAccessorImpl.invoke0(Native Method)
	at sun.reflect.NativeMethodAccessorImpl.invoke(NativeMethodAccessorImpl.java:62)
	at sun.reflect.DelegatingMethodAccessorImpl.invoke(DelegatingMethodAccessorImpl.java:43)
	at java.lang.reflect.Method.invoke(Method.java:498)
	at org.springframework.boot.devtools.restart.RestartLauncher.run(RestartLauncher.java:49)
Caused by: java.lang.ClassNotFoundException: io.netty.channel.nio.NioEventLoopGroup
	at java.net.URLClassLoader.findClass(URLClassLoader.java:381)
	at java.lang.ClassLoader.loadClass(ClassLoader.java:424)
	at sun.misc.Launcher$AppClassLoader.loadClass(Launcher.java:338)
	at java.lang.ClassLoader.loadClass(ClassLoader.java:357)
	... 33 common frames omitted
2022-04-26 15:30:14 [restartedMain] WARN  - Invocation of destroy method failed on bean with name 'tomcatMetricsBinder': java.lang.NullPointerException
2022-04-26 15:49:04 [restartedMain] WARN  -  [DUBBO] The BeanDefinition[Root bean: class [com.alibaba.dubbo.config.spring.ServiceBean]; scope=; abstract=false; lazyInit=false; autowireMode=0; dependencyCheck=0; autowireCandidate=true; primary=false; factoryBeanName=null; factoryMethodName=null; initMethodName=null; destroyMethodName=null] of ServiceBean has been registered with name : ServiceBean:cj.springboot2.dubbo.share.service.UserService:1.0.0, dubbo version: 2.6.5, current host: 172.16.18.25
2022-04-26 15:49:04 [restartedMain] WARN  -  [DUBBO] The Duplicated BeanDefinition[Root bean: class [com.alibaba.dubbo.config.spring.ServiceBean]; scope=; abstract=false; lazyInit=false; autowireMode=0; dependencyCheck=0; autowireCandidate=true; primary=false; factoryBeanName=null; factoryMethodName=null; initMethodName=null; destroyMethodName=null] of ServiceBean[ bean name : ServiceBean:cj.springboot2.dubbo.share.service.UserService:1.0.0] was be found , Did @DubboComponentScan scan to same package in many times?, dubbo version: 2.6.5, current host: 172.16.18.25
2022-04-26 15:49:06 [restartedMain] WARN  -  [DUBBO] No spring extension (bean) named:defaultCompiler, try to find an extension (bean) of type java.lang.String, dubbo version: 2.6.5, current host: 172.16.18.25
2022-04-26 15:49:06 [restartedMain] WARN  -  [DUBBO] No spring extension (bean) named:defaultCompiler, type:java.lang.String found, stop get bean., dubbo version: 2.6.5, current host: 172.16.18.25
2022-04-26 15:51:53 [restartedMain] WARN  -  [DUBBO] The BeanDefinition[Root bean: class [com.alibaba.dubbo.config.spring.ServiceBean]; scope=; abstract=false; lazyInit=false; autowireMode=0; dependencyCheck=0; autowireCandidate=true; primary=false; factoryBeanName=null; factoryMethodName=null; initMethodName=null; destroyMethodName=null] of ServiceBean has been registered with name : ServiceBean:cj.springboot2.dubbo.share.service.UserService:1.0.0, dubbo version: 2.6.5, current host: 172.16.18.25
2022-04-26 15:51:53 [restartedMain] WARN  -  [DUBBO] The Duplicated BeanDefinition[Root bean: class [com.alibaba.dubbo.config.spring.ServiceBean]; scope=; abstract=false; lazyInit=false; autowireMode=0; dependencyCheck=0; autowireCandidate=true; primary=false; factoryBeanName=null; factoryMethodName=null; initMethodName=null; destroyMethodName=null] of ServiceBean[ bean name : ServiceBean:cj.springboot2.dubbo.share.service.UserService:1.0.0] was be found , Did @DubboComponentScan scan to same package in many times?, dubbo version: 2.6.5, current host: 172.16.18.25
2022-04-26 15:51:55 [restartedMain] WARN  -  [DUBBO] No spring extension (bean) named:defaultCompiler, try to find an extension (bean) of type java.lang.String, dubbo version: 2.6.5, current host: 172.16.18.25
2022-04-26 15:51:55 [restartedMain] WARN  -  [DUBBO] No spring extension (bean) named:defaultCompiler, type:java.lang.String found, stop get bean., dubbo version: 2.6.5, current host: 172.16.18.25
2022-04-26 15:52:27 [restartedMain] WARN  -  [DUBBO] The BeanDefinition[Root bean: class [com.alibaba.dubbo.config.spring.ServiceBean]; scope=; abstract=false; lazyInit=false; autowireMode=0; dependencyCheck=0; autowireCandidate=true; primary=false; factoryBeanName=null; factoryMethodName=null; initMethodName=null; destroyMethodName=null] of ServiceBean has been registered with name : ServiceBean:cj.springboot2.dubbo.share.service.UserService:1.0.0, dubbo version: 2.6.5, current host: 172.16.18.25
2022-04-26 15:52:27 [restartedMain] WARN  -  [DUBBO] The Duplicated BeanDefinition[Root bean: class [com.alibaba.dubbo.config.spring.ServiceBean]; scope=; abstract=false; lazyInit=false; autowireMode=0; dependencyCheck=0; autowireCandidate=true; primary=false; factoryBeanName=null; factoryMethodName=null; initMethodName=null; destroyMethodName=null] of ServiceBean[ bean name : ServiceBean:cj.springboot2.dubbo.share.service.UserService:1.0.0] was be found , Did @DubboComponentScan scan to same package in many times?, dubbo version: 2.6.5, current host: 172.16.18.25
2022-04-26 15:52:28 [restartedMain] WARN  -  [DUBBO] No spring extension (bean) named:defaultCompiler, try to find an extension (bean) of type java.lang.String, dubbo version: 2.6.5, current host: 172.16.18.25
2022-04-26 15:52:28 [restartedMain] WARN  -  [DUBBO] No spring extension (bean) named:defaultCompiler, type:java.lang.String found, stop get bean., dubbo version: 2.6.5, current host: 172.16.18.25
2022-04-26 15:54:28 [restartedMain] WARN  -  [DUBBO] The BeanDefinition[Root bean: class [com.alibaba.dubbo.config.spring.ServiceBean]; scope=; abstract=false; lazyInit=false; autowireMode=0; dependencyCheck=0; autowireCandidate=true; primary=false; factoryBeanName=null; factoryMethodName=null; initMethodName=null; destroyMethodName=null] of ServiceBean has been registered with name : ServiceBean:cj.springboot2.dubbo.share.service.UserService:1.0.0, dubbo version: 2.6.5, current host: 172.16.18.25
2022-04-26 15:54:28 [restartedMain] WARN  -  [DUBBO] The Duplicated BeanDefinition[Root bean: class [com.alibaba.dubbo.config.spring.ServiceBean]; scope=; abstract=false; lazyInit=false; autowireMode=0; dependencyCheck=0; autowireCandidate=true; primary=false; factoryBeanName=null; factoryMethodName=null; initMethodName=null; destroyMethodName=null] of ServiceBean[ bean name : ServiceBean:cj.springboot2.dubbo.share.service.UserService:1.0.0] was be found , Did @DubboComponentScan scan to same package in many times?, dubbo version: 2.6.5, current host: 172.16.18.25
2022-04-26 15:54:29 [restartedMain] WARN  -  [DUBBO] No spring extension (bean) named:defaultCompiler, try to find an extension (bean) of type java.lang.String, dubbo version: 2.6.5, current host: 172.16.18.25
2022-04-26 15:54:29 [restartedMain] WARN  -  [DUBBO] No spring extension (bean) named:defaultCompiler, type:java.lang.String found, stop get bean., dubbo version: 2.6.5, current host: 172.16.18.25
2022-04-26 15:57:27 [restartedMain] WARN  -  [DUBBO] The BeanDefinition[Root bean: class [com.alibaba.dubbo.config.spring.ServiceBean]; scope=; abstract=false; lazyInit=false; autowireMode=0; dependencyCheck=0; autowireCandidate=true; primary=false; factoryBeanName=null; factoryMethodName=null; initMethodName=null; destroyMethodName=null] of ServiceBean has been registered with name : ServiceBean:cj.springboot2.dubbo.share.service.UserService:1.0.0, dubbo version: 2.6.5, current host: 172.16.18.25
2022-04-26 15:57:28 [restartedMain] WARN  -  [DUBBO] No spring extension (bean) named:defaultCompiler, try to find an extension (bean) of type java.lang.String, dubbo version: 2.6.5, current host: 172.16.18.25
2022-04-26 15:57:28 [restartedMain] WARN  -  [DUBBO] No spring extension (bean) named:defaultCompiler, type:java.lang.String found, stop get bean., dubbo version: 2.6.5, current host: 172.16.18.25
2022-04-26 16:32:27 [restartedMain] WARN  -  [DUBBO] The BeanDefinition[Root bean: class [com.alibaba.dubbo.config.spring.ServiceBean]; scope=; abstract=false; lazyInit=false; autowireMode=0; dependencyCheck=0; autowireCandidate=true; primary=false; factoryBeanName=null; factoryMethodName=null; initMethodName=null; destroyMethodName=null] of ServiceBean has been registered with name : ServiceBean:cj.springboot2.dubbo.share.service.UserService:1.0.0, dubbo version: 2.6.5, current host: 172.16.18.25
2022-04-26 16:32:28 [restartedMain] WARN  -  [DUBBO] No spring extension (bean) named:defaultCompiler, try to find an extension (bean) of type java.lang.String, dubbo version: 2.6.5, current host: 172.16.18.25
2022-04-26 16:32:28 [restartedMain] WARN  -  [DUBBO] No spring extension (bean) named:defaultCompiler, type:java.lang.String found, stop get bean., dubbo version: 2.6.5, current host: 172.16.18.25
2022-04-26 16:32:29 [restartedMain] WARN  -  [DUBBO] Ignore empty notify urls for subscribe url provider://172.16.18.25:20881/cj.springboot2.dubbo.share.service.UserService?anyhost=true&application=cj-dubbo-provider&bean.name=ServiceBean:cj.springboot2.dubbo.share.service.UserService:1.0.0&category=configurators&check=false&dubbo=2.0.2&generic=false&interface=cj.springboot2.dubbo.share.service.UserService&methods=getUserAddressList&pid=24052&revision=1.0.0&side=provider&timestamp=1650961948920&version=1.0.0, dubbo version: 2.6.5, current host: 172.16.18.25
2022-04-26 16:32:29 [com.alibaba.nacos.naming.client.listener] WARN  -  [DUBBO] Ignore empty notify urls for subscribe url provider://172.16.18.25:20881/cj.springboot2.dubbo.share.service.UserService?anyhost=true&application=cj-dubbo-provider&bean.name=ServiceBean:cj.springboot2.dubbo.share.service.UserService:1.0.0&category=configurators&check=false&dubbo=2.0.2&generic=false&interface=cj.springboot2.dubbo.share.service.UserService&methods=getUserAddressList&pid=24052&revision=1.0.0&side=provider&timestamp=1650961948920&version=1.0.0, dubbo version: 2.6.5, current host: 172.16.18.25
2022-04-26 16:50:43 [restartedMain] WARN  -  [DUBBO] The BeanDefinition[Root bean: class [com.alibaba.dubbo.config.spring.ServiceBean]; scope=; abstract=false; lazyInit=false; autowireMode=0; dependencyCheck=0; autowireCandidate=true; primary=false; factoryBeanName=null; factoryMethodName=null; initMethodName=null; destroyMethodName=null] of ServiceBean has been registered with name : ServiceBean:cj.springboot2.dubbo.share.service.UserService:1.0.0, dubbo version: 2.6.5, current host: 172.16.18.25
2022-04-26 16:50:44 [restartedMain] WARN  -  [DUBBO] No spring extension (bean) named:defaultCompiler, try to find an extension (bean) of type java.lang.String, dubbo version: 2.6.5, current host: 172.16.18.25
2022-04-26 16:50:44 [restartedMain] WARN  -  [DUBBO] No spring extension (bean) named:defaultCompiler, type:java.lang.String found, stop get bean., dubbo version: 2.6.5, current host: 172.16.18.25
2022-04-26 16:50:44 [restartedMain] WARN  -  [DUBBO] Ignore empty notify urls for subscribe url provider://172.16.18.25:20881/cj.springboot2.dubbo.share.service.UserService?anyhost=true&application=cj-dubbo-provider&bean.name=ServiceBean:cj.springboot2.dubbo.share.service.UserService:1.0.0&category=configurators&check=false&dubbo=2.0.2&generic=false&interface=cj.springboot2.dubbo.share.service.UserService&methods=getUserAddressList&pid=22344&revision=1.0.0&side=provider&timestamp=1650963044775&version=1.0.0, dubbo version: 2.6.5, current host: 172.16.18.25
2022-04-26 16:50:44 [com.alibaba.nacos.naming.client.listener] WARN  -  [DUBBO] Ignore empty notify urls for subscribe url provider://172.16.18.25:20881/cj.springboot2.dubbo.share.service.UserService?anyhost=true&application=cj-dubbo-provider&bean.name=ServiceBean:cj.springboot2.dubbo.share.service.UserService:1.0.0&category=configurators&check=false&dubbo=2.0.2&generic=false&interface=cj.springboot2.dubbo.share.service.UserService&methods=getUserAddressList&pid=22344&revision=1.0.0&side=provider&timestamp=1650963044775&version=1.0.0, dubbo version: 2.6.5, current host: 172.16.18.25
2022-04-26 16:51:02 [New I/O server worker #1-1] WARN  -  [DUBBO] All clients has discontected from /172.16.18.25:20881. You can graceful shutdown now., dubbo version: 2.6.5, current host: 172.16.18.25
2022-04-26 16:52:16 [restartedMain] WARN  -  [DUBBO] The BeanDefinition[Root bean: class [com.alibaba.dubbo.config.spring.ServiceBean]; scope=; abstract=false; lazyInit=false; autowireMode=0; dependencyCheck=0; autowireCandidate=true; primary=false; factoryBeanName=null; factoryMethodName=null; initMethodName=null; destroyMethodName=null] of ServiceBean has been registered with name : ServiceBean:cj.springboot2.dubbo.share.service.UserService:1.0.0, dubbo version: 2.6.5, current host: 172.16.18.25
2022-04-26 16:52:17 [restartedMain] WARN  -  [DUBBO] No spring extension (bean) named:defaultCompiler, try to find an extension (bean) of type java.lang.String, dubbo version: 2.6.5, current host: 172.16.18.25
2022-04-26 16:52:17 [restartedMain] WARN  -  [DUBBO] No spring extension (bean) named:defaultCompiler, type:java.lang.String found, stop get bean., dubbo version: 2.6.5, current host: 172.16.18.25
2022-04-26 16:52:17 [restartedMain] WARN  -  [DUBBO] Ignore empty notify urls for subscribe url provider://172.16.18.25:20881/cj.springboot2.dubbo.share.service.UserService?anyhost=true&application=cj-dubbo-provider&bean.name=ServiceBean:cj.springboot2.dubbo.share.service.UserService:1.0.0&category=configurators&check=false&dubbo=2.0.2&generic=false&interface=cj.springboot2.dubbo.share.service.UserService&methods=getUserAddressList&pid=10096&revision=1.0.0&side=provider&timestamp=1650963137705&version=1.0.0, dubbo version: 2.6.5, current host: 172.16.18.25
2022-04-26 16:52:17 [com.alibaba.nacos.naming.client.listener] WARN  -  [DUBBO] Ignore empty notify urls for subscribe url provider://172.16.18.25:20881/cj.springboot2.dubbo.share.service.UserService?anyhost=true&application=cj-dubbo-provider&bean.name=ServiceBean:cj.springboot2.dubbo.share.service.UserService:1.0.0&category=configurators&check=false&dubbo=2.0.2&generic=false&interface=cj.springboot2.dubbo.share.service.UserService&methods=getUserAddressList&pid=10096&revision=1.0.0&side=provider&timestamp=1650963137705&version=1.0.0, dubbo version: 2.6.5, current host: 172.16.18.25
2022-04-26 16:58:41 [DubboMonitorCreator-thread-1] WARN  -  [DUBBO] Ignore empty notify urls for subscribe url consumer://172.16.18.25/com.alibaba.dubbo.monitor.MonitorService?application=cj-dubbo-provider&category=providers,configurators,routers&dubbo=2.0.2&interface=com.alibaba.dubbo.monitor.MonitorService&pid=10096&qos.enable=false&timestamp=1650963137742, dubbo version: 2.6.5, current host: 172.16.18.25
2022-04-26 16:58:41 [com.alibaba.nacos.naming.client.listener] WARN  -  [DUBBO] Ignore empty notify urls for subscribe url consumer://172.16.18.25/com.alibaba.dubbo.monitor.MonitorService?application=cj-dubbo-provider&category=providers,configurators,routers&dubbo=2.0.2&interface=com.alibaba.dubbo.monitor.MonitorService&pid=10096&qos.enable=false&timestamp=1650963137742, dubbo version: 2.6.5, current host: 172.16.18.25
2022-04-26 17:00:22 [restartedMain] WARN  -  [DUBBO] The BeanDefinition[Root bean: class [com.alibaba.dubbo.config.spring.ServiceBean]; scope=; abstract=false; lazyInit=false; autowireMode=0; dependencyCheck=0; autowireCandidate=true; primary=false; factoryBeanName=null; factoryMethodName=null; initMethodName=null; destroyMethodName=null] of ServiceBean has been registered with name : ServiceBean:cj.springboot2.dubbo.share.service.UserService:1.0.0, dubbo version: 2.6.5, current host: 172.16.18.25
2022-04-26 17:00:23 [restartedMain] WARN  -  [DUBBO] No spring extension (bean) named:defaultCompiler, try to find an extension (bean) of type java.lang.String, dubbo version: 2.6.5, current host: 172.16.18.25
2022-04-26 17:00:23 [restartedMain] WARN  -  [DUBBO] No spring extension (bean) named:defaultCompiler, type:java.lang.String found, stop get bean., dubbo version: 2.6.5, current host: 172.16.18.25
2022-04-26 17:00:23 [restartedMain] WARN  -  [DUBBO] Ignore empty notify urls for subscribe url provider://172.16.18.25:20881/cj.springboot2.dubbo.share.service.UserService?anyhost=true&application=cj-dubbo-provider&bean.name=ServiceBean:cj.springboot2.dubbo.share.service.UserService:1.0.0&category=configurators&check=false&dubbo=2.0.2&generic=false&interface=cj.springboot2.dubbo.share.service.UserService&methods=getUserAddressList&pid=31964&revision=1.0.0&side=provider&timestamp=1650963623701&version=1.0.0, dubbo version: 2.6.5, current host: 172.16.18.25
2022-04-26 17:00:23 [com.alibaba.nacos.naming.client.listener] WARN  -  [DUBBO] Ignore empty notify urls for subscribe url provider://172.16.18.25:20881/cj.springboot2.dubbo.share.service.UserService?anyhost=true&application=cj-dubbo-provider&bean.name=ServiceBean:cj.springboot2.dubbo.share.service.UserService:1.0.0&category=configurators&check=false&dubbo=2.0.2&generic=false&interface=cj.springboot2.dubbo.share.service.UserService&methods=getUserAddressList&pid=31964&revision=1.0.0&side=provider&timestamp=1650963623701&version=1.0.0, dubbo version: 2.6.5, current host: 172.16.18.25
