2022-04-25 15:42:02 [restartedMain] INFO  - Starting CJMybatisPlusApplication using Java 1.8.0_161 on NS-20200706KEOF with PID 26712 (E:\java\cjProject\cj-springboot-all\mybatis-plus\target\classes started by Administrator in E:\java\cjProject\cj-springboot-all)
2022-04-25 15:42:02 [restartedMain] INFO  - The following profiles are active: dev
2022-04-25 15:42:02 [restartedMain] INFO  - Devtools property defaults active! Set 'spring.devtools.add-properties' to 'false' to disable
2022-04-25 15:42:02 [restartedMain] INFO  - For additional web related logging consider setting the 'logging.level.web' property to 'DEBUG'
2022-04-25 15:42:02 [restartedMain] WARN  - No MyBatis mapper was found in '[cj.springboot2.template.mybatis.plus.dao]' package. Please check your configuration.
2022-04-25 15:42:03 [restartedMain] INFO  - Bean 'spring.datasource.dynamic-com.baomidou.dynamic.datasource.spring.boot.autoconfigure.DynamicDataSourceProperties' of type [com.baomidou.dynamic.datasource.spring.boot.autoconfigure.DynamicDataSourceProperties] is not eligible for getting processed by all BeanPostProcessors (for example: not eligible for auto-proxying)
2022-04-25 15:42:03 [restartedMain] INFO  - Bean 'com.baomidou.dynamic.datasource.spring.boot.autoconfigure.DynamicDataSourceAutoConfiguration' of type [com.baomidou.dynamic.datasource.spring.boot.autoconfigure.DynamicDataSourceAutoConfiguration$$EnhancerBySpringCGLIB$$80e59f32] is not eligible for getting processed by all BeanPostProcessors (for example: not eligible for auto-proxying)
2022-04-25 15:42:03 [restartedMain] INFO  - Bean 'dsProcessor' of type [com.baomidou.dynamic.datasource.processor.DsHeaderProcessor] is not eligible for getting processed by all BeanPostProcessors (for example: not eligible for auto-proxying)
2022-04-25 15:42:03 [restartedMain] INFO  - Tomcat initialized with port(s): 9001 (http)
2022-04-25 15:42:03 [restartedMain] INFO  - Initializing ProtocolHandler ["http-nio-9001"]
2022-04-25 15:42:03 [restartedMain] INFO  - Starting service [Tomcat]
2022-04-25 15:42:03 [restartedMain] INFO  - Starting Servlet engine: [Apache Tomcat/9.0.56]
2022-04-25 15:42:03 [restartedMain] INFO  - Initializing Spring embedded WebApplicationContext
2022-04-25 15:42:03 [restartedMain] INFO  - Root WebApplicationContext: initialization completed in 1241 ms
2022-04-25 15:42:03 [restartedMain] INFO  - Initializing Dozer. Version: 6.4.0, Thread Name: restartedMain
2022-04-25 15:42:03 [restartedMain] INFO  - OSGi support is false
2022-04-25 15:42:03 [restartedMain] INFO  - Trying to find Dozer configuration file: dozer.properties
2022-04-25 15:42:03 [restartedMain] INFO  - Failed to find dozer.properties via com.github.dozermapper.core.config.resolvers.LegacyPropertiesSettingsResolver.
2022-04-25 15:42:03 [restartedMain] INFO  - Using URL [cjDefaultDozerBeanMapping.xml] to load custom xml mappings
2022-04-25 15:42:03 [restartedMain] INFO  - Trying to resolve XML entity with public ID [null] and system ID [http://dozermapper.github.io/schema/bean-mapping.xsd]
2022-04-25 15:42:03 [restartedMain] INFO  - Resolved public ID [null] and system ID [http://dozermapper.github.io/schema/bean-mapping.xsd]
2022-04-25 15:42:03 [restartedMain] INFO  - Successfully loaded custom xml mapping.
2022-04-25 15:42:03 [restartedMain] WARN  - dynamic-datasource initial loaded [0] datasource,Please add your primary datasource or check your configuration
2022-04-25 15:42:04 [restartedMain] INFO  - Initializing Dozer. Version: 6.4.0, Thread Name: restartedMain
2022-04-25 15:42:04 [restartedMain] INFO  - Trying to find Dozer configuration file: dozer.properties
2022-04-25 15:42:04 [restartedMain] INFO  - Failed to find dozer.properties via com.github.dozermapper.core.config.resolvers.LegacyPropertiesSettingsResolver.
2022-04-25 15:42:04 [restartedMain] INFO  - javax.el support is true
2022-04-25 15:42:04 [restartedMain] WARN  - Unable to start LiveReload server
2022-04-25 15:42:04 [restartedMain] INFO  - Exposing 1 endpoint(s) beneath base path '/actuator'
2022-04-25 15:42:04 [restartedMain] INFO  - Starting ProtocolHandler ["http-nio-9001"]
2022-04-25 15:42:04 [restartedMain] WARN  - Exception encountered during context initialization - cancelling refresh attempt: org.springframework.context.ApplicationContextException: Failed to start bean 'webServerStartStop'; nested exception is org.springframework.boot.web.server.PortInUseException: Port 9001 is already in use
2022-04-25 15:42:04 [restartedMain] INFO  - dynamic-datasource start closing ....
2022-04-25 15:42:04 [restartedMain] INFO  - dynamic-datasource all closed success,bye
2022-04-25 15:42:04 [restartedMain] INFO  - Pausing ProtocolHandler ["http-nio-9001"]
2022-04-25 15:42:04 [restartedMain] INFO  - Stopping service [Tomcat]
2022-04-25 15:42:04 [restartedMain] INFO  - Stopping ProtocolHandler ["http-nio-9001"]
2022-04-25 15:42:04 [restartedMain] INFO  - Destroying ProtocolHandler ["http-nio-9001"]
2022-04-25 15:42:04 [restartedMain] INFO  - 

Error starting ApplicationContext. To display the conditions report re-run your application with 'debug' enabled.
2022-04-25 15:42:04 [restartedMain] ERROR - 

***************************
APPLICATION FAILED TO START
***************************

Description:

Web server failed to start. Port 9001 was already in use.

Action:

Identify and stop the process that's listening on port 9001 or configure this application to listen on another port.

2022-04-25 15:42:21 [restartedMain] INFO  - Starting CJMybatisPlusApplication using Java 1.8.0_161 on NS-20200706KEOF with PID 20432 (E:\java\cjProject\cj-springboot-all\mybatis-plus\target\classes started by Administrator in E:\java\cjProject\cj-springboot-all)
2022-04-25 15:42:21 [restartedMain] INFO  - The following profiles are active: dev
2022-04-25 15:42:21 [restartedMain] INFO  - Devtools property defaults active! Set 'spring.devtools.add-properties' to 'false' to disable
2022-04-25 15:42:21 [restartedMain] INFO  - For additional web related logging consider setting the 'logging.level.web' property to 'DEBUG'
2022-04-25 15:42:22 [restartedMain] WARN  - No MyBatis mapper was found in '[cj.springboot2.template.mybatis.plus.dao]' package. Please check your configuration.
2022-04-25 15:42:22 [restartedMain] INFO  - Bean 'spring.datasource.dynamic-com.baomidou.dynamic.datasource.spring.boot.autoconfigure.DynamicDataSourceProperties' of type [com.baomidou.dynamic.datasource.spring.boot.autoconfigure.DynamicDataSourceProperties] is not eligible for getting processed by all BeanPostProcessors (for example: not eligible for auto-proxying)
2022-04-25 15:42:22 [restartedMain] INFO  - Bean 'com.baomidou.dynamic.datasource.spring.boot.autoconfigure.DynamicDataSourceAutoConfiguration' of type [com.baomidou.dynamic.datasource.spring.boot.autoconfigure.DynamicDataSourceAutoConfiguration$$EnhancerBySpringCGLIB$$1beca1de] is not eligible for getting processed by all BeanPostProcessors (for example: not eligible for auto-proxying)
2022-04-25 15:42:22 [restartedMain] INFO  - Bean 'dsProcessor' of type [com.baomidou.dynamic.datasource.processor.DsHeaderProcessor] is not eligible for getting processed by all BeanPostProcessors (for example: not eligible for auto-proxying)
2022-04-25 15:42:22 [restartedMain] INFO  - Tomcat initialized with port(s): 9002 (http)
2022-04-25 15:42:22 [restartedMain] INFO  - Initializing ProtocolHandler ["http-nio-9002"]
2022-04-25 15:42:22 [restartedMain] INFO  - Starting service [Tomcat]
2022-04-25 15:42:22 [restartedMain] INFO  - Starting Servlet engine: [Apache Tomcat/9.0.56]
2022-04-25 15:42:22 [restartedMain] INFO  - Initializing Spring embedded WebApplicationContext
2022-04-25 15:42:22 [restartedMain] INFO  - Root WebApplicationContext: initialization completed in 921 ms
2022-04-25 15:42:22 [restartedMain] INFO  - Initializing Dozer. Version: 6.4.0, Thread Name: restartedMain
2022-04-25 15:42:22 [restartedMain] INFO  - OSGi support is false
2022-04-25 15:42:22 [restartedMain] INFO  - Trying to find Dozer configuration file: dozer.properties
2022-04-25 15:42:22 [restartedMain] INFO  - Failed to find dozer.properties via com.github.dozermapper.core.config.resolvers.LegacyPropertiesSettingsResolver.
2022-04-25 15:42:22 [restartedMain] INFO  - Using URL [cjDefaultDozerBeanMapping.xml] to load custom xml mappings
2022-04-25 15:42:22 [restartedMain] INFO  - Trying to resolve XML entity with public ID [null] and system ID [http://dozermapper.github.io/schema/bean-mapping.xsd]
2022-04-25 15:42:22 [restartedMain] INFO  - Resolved public ID [null] and system ID [http://dozermapper.github.io/schema/bean-mapping.xsd]
2022-04-25 15:42:22 [restartedMain] INFO  - Successfully loaded custom xml mapping.
2022-04-25 15:42:22 [restartedMain] WARN  - dynamic-datasource initial loaded [0] datasource,Please add your primary datasource or check your configuration
2022-04-25 15:42:23 [restartedMain] INFO  - Initializing Dozer. Version: 6.4.0, Thread Name: restartedMain
2022-04-25 15:42:23 [restartedMain] INFO  - Trying to find Dozer configuration file: dozer.properties
2022-04-25 15:42:23 [restartedMain] INFO  - Failed to find dozer.properties via com.github.dozermapper.core.config.resolvers.LegacyPropertiesSettingsResolver.
2022-04-25 15:42:23 [restartedMain] INFO  - javax.el support is true
2022-04-25 15:42:23 [restartedMain] WARN  - Unable to start LiveReload server
2022-04-25 15:42:23 [restartedMain] INFO  - Exposing 1 endpoint(s) beneath base path '/actuator'
2022-04-25 15:42:23 [restartedMain] INFO  - Starting ProtocolHandler ["http-nio-9002"]
2022-04-25 15:42:23 [restartedMain] INFO  - Tomcat started on port(s): 9002 (http) with context path ''
2022-04-25 15:42:23 [restartedMain] INFO  - Started CJMybatisPlusApplication in 2.248 seconds (JVM running for 2.834)
2022-04-25 15:42:23 [RMI TCP Connection(2)-172.16.18.25] INFO  - Initializing Spring DispatcherServlet 'dispatcherServlet'
2022-04-25 15:42:23 [RMI TCP Connection(2)-172.16.18.25] INFO  - Initializing Servlet 'dispatcherServlet'
2022-04-25 15:42:23 [RMI TCP Connection(2)-172.16.18.25] INFO  - Completed initialization in 1 ms
2022-04-25 15:42:23 [RMI TCP Connection(1)-172.16.18.25] WARN  - DataSource health check failed
com.baomidou.dynamic.datasource.exception.CannotFindDataSourceException: dynamic-datasource can not find primary datasource
	at com.baomidou.dynamic.datasource.DynamicRoutingDataSource.determinePrimaryDataSource(DynamicRoutingDataSource.java:91)
	at com.baomidou.dynamic.datasource.DynamicRoutingDataSource.getDataSource(DynamicRoutingDataSource.java:120)
	at com.baomidou.dynamic.datasource.DynamicRoutingDataSource.determineDataSource(DynamicRoutingDataSource.java:78)
	at com.baomidou.dynamic.datasource.ds.AbstractRoutingDataSource.getConnection(AbstractRoutingDataSource.java:48)
	at org.springframework.jdbc.datasource.DataSourceUtils.fetchConnection(DataSourceUtils.java:159)
	at org.springframework.jdbc.datasource.DataSourceUtils.doGetConnection(DataSourceUtils.java:117)
	at org.springframework.jdbc.datasource.DataSourceUtils.getConnection(DataSourceUtils.java:80)
	at org.springframework.jdbc.core.JdbcTemplate.execute(JdbcTemplate.java:330)
	at org.springframework.boot.actuate.jdbc.DataSourceHealthIndicator.getProduct(DataSourceHealthIndicator.java:122)
	at org.springframework.boot.actuate.jdbc.DataSourceHealthIndicator.doDataSourceHealthCheck(DataSourceHealthIndicator.java:105)
	at org.springframework.boot.actuate.jdbc.DataSourceHealthIndicator.doHealthCheck(DataSourceHealthIndicator.java:100)
	at org.springframework.boot.actuate.health.AbstractHealthIndicator.health(AbstractHealthIndicator.java:82)
	at org.springframework.boot.actuate.health.HealthIndicator.getHealth(HealthIndicator.java:37)
	at org.springframework.boot.actuate.health.HealthEndpoint.getHealth(HealthEndpoint.java:71)
	at org.springframework.boot.actuate.health.HealthEndpoint.getHealth(HealthEndpoint.java:39)
	at org.springframework.boot.actuate.health.HealthEndpointSupport.getContribution(HealthEndpointSupport.java:99)
	at org.springframework.boot.actuate.health.HealthEndpointSupport.getAggregateHealth(HealthEndpointSupport.java:110)
	at org.springframework.boot.actuate.health.HealthEndpointSupport.getContribution(HealthEndpointSupport.java:96)
	at org.springframework.boot.actuate.health.HealthEndpointSupport.getHealth(HealthEndpointSupport.java:74)
	at org.springframework.boot.actuate.health.HealthEndpointSupport.getHealth(HealthEndpointSupport.java:61)
	at org.springframework.boot.actuate.health.HealthEndpoint.health(HealthEndpoint.java:65)
	at org.springframework.boot.actuate.health.HealthEndpoint.health(HealthEndpoint.java:55)
	at sun.reflect.NativeMethodAccessorImpl.invoke0(Native Method)
	at sun.reflect.NativeMethodAccessorImpl.invoke(NativeMethodAccessorImpl.java:62)
	at sun.reflect.DelegatingMethodAccessorImpl.invoke(DelegatingMethodAccessorImpl.java:43)
	at java.lang.reflect.Method.invoke(Method.java:498)
	at org.springframework.util.ReflectionUtils.invokeMethod(ReflectionUtils.java:282)
	at org.springframework.boot.actuate.endpoint.invoke.reflect.ReflectiveOperationInvoker.invoke(ReflectiveOperationInvoker.java:74)
	at org.springframework.boot.actuate.endpoint.annotation.AbstractDiscoveredOperation.invoke(AbstractDiscoveredOperation.java:60)
	at org.springframework.boot.actuate.endpoint.jmx.EndpointMBean.invoke(EndpointMBean.java:121)
	at org.springframework.boot.actuate.endpoint.jmx.EndpointMBean.invoke(EndpointMBean.java:96)
	at com.sun.jmx.interceptor.DefaultMBeanServerInterceptor.invoke(DefaultMBeanServerInterceptor.java:819)
	at com.sun.jmx.mbeanserver.JmxMBeanServer.invoke(JmxMBeanServer.java:801)
	at javax.management.remote.rmi.RMIConnectionImpl.doOperation(RMIConnectionImpl.java:1468)
	at javax.management.remote.rmi.RMIConnectionImpl.access$300(RMIConnectionImpl.java:76)
	at javax.management.remote.rmi.RMIConnectionImpl$PrivilegedOperation.run(RMIConnectionImpl.java:1309)
	at javax.management.remote.rmi.RMIConnectionImpl.doPrivilegedOperation(RMIConnectionImpl.java:1401)
	at javax.management.remote.rmi.RMIConnectionImpl.invoke(RMIConnectionImpl.java:829)
	at sun.reflect.GeneratedMethodAccessor61.invoke(Unknown Source)
	at sun.reflect.DelegatingMethodAccessorImpl.invoke(DelegatingMethodAccessorImpl.java:43)
	at java.lang.reflect.Method.invoke(Method.java:498)
	at sun.rmi.server.UnicastServerRef.dispatch(UnicastServerRef.java:361)
	at sun.rmi.transport.Transport$1.run(Transport.java:200)
	at sun.rmi.transport.Transport$1.run(Transport.java:197)
	at java.security.AccessController.doPrivileged(Native Method)
	at sun.rmi.transport.Transport.serviceCall(Transport.java:196)
	at sun.rmi.transport.tcp.TCPTransport.handleMessages(TCPTransport.java:568)
	at sun.rmi.transport.tcp.TCPTransport$ConnectionHandler.run0(TCPTransport.java:826)
	at sun.rmi.transport.tcp.TCPTransport$ConnectionHandler.lambda$run$0(TCPTransport.java:683)
	at java.security.AccessController.doPrivileged(Native Method)
	at sun.rmi.transport.tcp.TCPTransport$ConnectionHandler.run(TCPTransport.java:682)
	at java.util.concurrent.ThreadPoolExecutor.runWorker(ThreadPoolExecutor.java:1149)
	at java.util.concurrent.ThreadPoolExecutor$Worker.run(ThreadPoolExecutor.java:624)
	at java.lang.Thread.run(Thread.java:748)
2022-04-25 15:49:04 [restartedMain] INFO  - Starting CJMybatisPlusApplication using Java 1.8.0_161 on NS-20200706KEOF with PID 11144 (E:\java\cjProject\cj-springboot-all\mybatis-plus\target\classes started by Administrator in E:\java\cjProject\cj-springboot-all)
2022-04-25 15:49:04 [restartedMain] INFO  - The following profiles are active: dev
2022-04-25 15:49:04 [restartedMain] INFO  - Devtools property defaults active! Set 'spring.devtools.add-properties' to 'false' to disable
2022-04-25 15:49:04 [restartedMain] INFO  - For additional web related logging consider setting the 'logging.level.web' property to 'DEBUG'
2022-04-25 15:49:05 [restartedMain] WARN  - No MyBatis mapper was found in '[cj.springboot2.template.mybatis.plus.dao]' package. Please check your configuration.
2022-04-25 15:49:05 [restartedMain] INFO  - Bean 'spring.datasource.dynamic-com.baomidou.dynamic.datasource.spring.boot.autoconfigure.DynamicDataSourceProperties' of type [com.baomidou.dynamic.datasource.spring.boot.autoconfigure.DynamicDataSourceProperties] is not eligible for getting processed by all BeanPostProcessors (for example: not eligible for auto-proxying)
2022-04-25 15:49:05 [restartedMain] INFO  - Bean 'com.baomidou.dynamic.datasource.spring.boot.autoconfigure.DynamicDataSourceAutoConfiguration' of type [com.baomidou.dynamic.datasource.spring.boot.autoconfigure.DynamicDataSourceAutoConfiguration$$EnhancerBySpringCGLIB$$5c3596dc] is not eligible for getting processed by all BeanPostProcessors (for example: not eligible for auto-proxying)
2022-04-25 15:49:05 [restartedMain] INFO  - Bean 'dsProcessor' of type [com.baomidou.dynamic.datasource.processor.DsHeaderProcessor] is not eligible for getting processed by all BeanPostProcessors (for example: not eligible for auto-proxying)
2022-04-25 15:49:05 [restartedMain] INFO  - Tomcat initialized with port(s): 9002 (http)
2022-04-25 15:49:05 [restartedMain] INFO  - Initializing ProtocolHandler ["http-nio-9002"]
2022-04-25 15:49:05 [restartedMain] INFO  - Starting service [Tomcat]
2022-04-25 15:49:05 [restartedMain] INFO  - Starting Servlet engine: [Apache Tomcat/9.0.56]
2022-04-25 15:49:05 [restartedMain] INFO  - Initializing Spring embedded WebApplicationContext
2022-04-25 15:49:05 [restartedMain] INFO  - Root WebApplicationContext: initialization completed in 916 ms
2022-04-25 15:49:05 [restartedMain] INFO  - Initializing Dozer. Version: 6.4.0, Thread Name: restartedMain
2022-04-25 15:49:05 [restartedMain] INFO  - OSGi support is false
2022-04-25 15:49:05 [restartedMain] INFO  - Trying to find Dozer configuration file: dozer.properties
2022-04-25 15:49:05 [restartedMain] INFO  - Failed to find dozer.properties via com.github.dozermapper.core.config.resolvers.LegacyPropertiesSettingsResolver.
2022-04-25 15:49:05 [restartedMain] INFO  - Using URL [cjDefaultDozerBeanMapping.xml] to load custom xml mappings
2022-04-25 15:49:05 [restartedMain] INFO  - Trying to resolve XML entity with public ID [null] and system ID [http://dozermapper.github.io/schema/bean-mapping.xsd]
2022-04-25 15:49:05 [restartedMain] INFO  - Resolved public ID [null] and system ID [http://dozermapper.github.io/schema/bean-mapping.xsd]
2022-04-25 15:49:05 [restartedMain] INFO  - Successfully loaded custom xml mapping.
2022-04-25 15:49:05 [restartedMain] INFO  - dynamic-datasource - add a datasource named [db1] success
2022-04-25 15:49:05 [restartedMain] INFO  - dynamic-datasource - add a datasource named [db2] success
2022-04-25 15:49:05 [restartedMain] INFO  - dynamic-datasource initial loaded [2] datasource,primary datasource named [db1]
2022-04-25 15:49:06 [restartedMain] INFO  - Initializing Dozer. Version: 6.4.0, Thread Name: restartedMain
2022-04-25 15:49:06 [restartedMain] INFO  - Trying to find Dozer configuration file: dozer.properties
2022-04-25 15:49:06 [restartedMain] INFO  - Failed to find dozer.properties via com.github.dozermapper.core.config.resolvers.LegacyPropertiesSettingsResolver.
2022-04-25 15:49:06 [restartedMain] INFO  - javax.el support is true
2022-04-25 15:49:06 [restartedMain] WARN  - Unable to start LiveReload server
2022-04-25 15:49:06 [restartedMain] INFO  - Exposing 1 endpoint(s) beneath base path '/actuator'
2022-04-25 15:49:06 [restartedMain] INFO  - Starting ProtocolHandler ["http-nio-9002"]
2022-04-25 15:49:06 [restartedMain] INFO  - Tomcat started on port(s): 9002 (http) with context path ''
2022-04-25 15:49:06 [restartedMain] INFO  - Started CJMybatisPlusApplication in 2.28 seconds (JVM running for 2.854)
2022-04-25 15:49:06 [RMI TCP Connection(1)-172.16.18.25] INFO  - Initializing Spring DispatcherServlet 'dispatcherServlet'
2022-04-25 15:49:06 [RMI TCP Connection(1)-172.16.18.25] INFO  - Initializing Servlet 'dispatcherServlet'
2022-04-25 15:49:06 [RMI TCP Connection(2)-172.16.18.25] INFO  - db1 - Starting...
2022-04-25 15:49:06 [RMI TCP Connection(1)-172.16.18.25] INFO  - Completed initialization in 1 ms
2022-04-25 15:49:06 [RMI TCP Connection(2)-172.16.18.25] INFO  - db1 - Start completed.
2022-04-25 15:50:23 [Thread-2] INFO  - dynamic-datasource start closing ....
2022-04-25 15:50:23 [Thread-2] INFO  - db1 - Shutdown initiated...
2022-04-25 15:50:23 [Thread-2] INFO  - db1 - Shutdown completed.
2022-04-25 15:50:23 [Thread-2] INFO  - dynamic-datasource all closed success,bye
2022-04-25 15:50:23 [restartedMain] INFO  - Starting CJMybatisPlusApplication using Java 1.8.0_161 on NS-20200706KEOF with PID 11144 (E:\java\cjProject\cj-springboot-all\mybatis-plus\target\classes started by Administrator in E:\java\cjProject\cj-springboot-all)
2022-04-25 15:50:23 [restartedMain] INFO  - The following profiles are active: dev
2022-04-25 15:50:23 [restartedMain] WARN  - No MyBatis mapper was found in '[cj.springboot2.template.mybatis.plus.dao]' package. Please check your configuration.
2022-04-25 15:50:23 [restartedMain] INFO  - Bean 'spring.datasource.dynamic-com.baomidou.dynamic.datasource.spring.boot.autoconfigure.DynamicDataSourceProperties' of type [com.baomidou.dynamic.datasource.spring.boot.autoconfigure.DynamicDataSourceProperties] is not eligible for getting processed by all BeanPostProcessors (for example: not eligible for auto-proxying)
2022-04-25 15:50:23 [restartedMain] INFO  - Bean 'com.baomidou.dynamic.datasource.spring.boot.autoconfigure.DynamicDataSourceAutoConfiguration' of type [com.baomidou.dynamic.datasource.spring.boot.autoconfigure.DynamicDataSourceAutoConfiguration$$EnhancerBySpringCGLIB$$5c3596dc] is not eligible for getting processed by all BeanPostProcessors (for example: not eligible for auto-proxying)
2022-04-25 15:50:23 [restartedMain] INFO  - Bean 'dsProcessor' of type [com.baomidou.dynamic.datasource.processor.DsHeaderProcessor] is not eligible for getting processed by all BeanPostProcessors (for example: not eligible for auto-proxying)
2022-04-25 15:50:23 [restartedMain] INFO  - Tomcat initialized with port(s): 9002 (http)
2022-04-25 15:50:23 [restartedMain] INFO  - Initializing ProtocolHandler ["http-nio-9002"]
2022-04-25 15:50:23 [restartedMain] INFO  - Starting service [Tomcat]
2022-04-25 15:50:23 [restartedMain] INFO  - Starting Servlet engine: [Apache Tomcat/9.0.56]
2022-04-25 15:50:23 [restartedMain] INFO  - Initializing Spring embedded WebApplicationContext
2022-04-25 15:50:23 [restartedMain] INFO  - Root WebApplicationContext: initialization completed in 322 ms
2022-04-25 15:50:23 [restartedMain] INFO  - Initializing Dozer. Version: 6.4.0, Thread Name: restartedMain
2022-04-25 15:50:23 [restartedMain] INFO  - Trying to find Dozer configuration file: dozer.properties
2022-04-25 15:50:23 [restartedMain] INFO  - Failed to find dozer.properties via com.github.dozermapper.core.config.resolvers.LegacyPropertiesSettingsResolver.
2022-04-25 15:50:23 [restartedMain] INFO  - Using URL [cjDefaultDozerBeanMapping.xml] to load custom xml mappings
2022-04-25 15:50:23 [restartedMain] INFO  - Trying to resolve XML entity with public ID [null] and system ID [http://dozermapper.github.io/schema/bean-mapping.xsd]
2022-04-25 15:50:23 [restartedMain] INFO  - Resolved public ID [null] and system ID [http://dozermapper.github.io/schema/bean-mapping.xsd]
2022-04-25 15:50:23 [restartedMain] INFO  - Successfully loaded custom xml mapping.
2022-04-25 15:50:23 [restartedMain] INFO  - dynamic-datasource - add a datasource named [db1] success
2022-04-25 15:50:23 [restartedMain] INFO  - dynamic-datasource - add a datasource named [db2] success
2022-04-25 15:50:23 [restartedMain] INFO  - dynamic-datasource initial loaded [2] datasource,primary datasource named [db1]
2022-04-25 15:50:23 [restartedMain] INFO  - Initializing Dozer. Version: 6.4.0, Thread Name: restartedMain
2022-04-25 15:50:23 [restartedMain] INFO  - Trying to find Dozer configuration file: dozer.properties
2022-04-25 15:50:23 [restartedMain] INFO  - Failed to find dozer.properties via com.github.dozermapper.core.config.resolvers.LegacyPropertiesSettingsResolver.
2022-04-25 15:50:23 [restartedMain] WARN  - Unable to start LiveReload server
2022-04-25 15:50:23 [restartedMain] INFO  - Exposing 1 endpoint(s) beneath base path '/actuator'
2022-04-25 15:50:23 [restartedMain] INFO  - Starting ProtocolHandler ["http-nio-9002"]
2022-04-25 15:50:23 [restartedMain] INFO  - Tomcat started on port(s): 9002 (http) with context path ''
2022-04-25 15:50:23 [restartedMain] INFO  - Started CJMybatisPlusApplication in 0.743 seconds (JVM running for 80.277)
2022-04-25 15:50:23 [restartedMain] INFO  - Condition evaluation unchanged
2022-04-25 15:52:52 [Thread-17] INFO  - dynamic-datasource start closing ....
2022-04-25 15:52:52 [Thread-17] INFO  - dynamic-datasource all closed success,bye
2022-04-25 15:52:52 [restartedMain] INFO  - Starting CJMybatisPlusApplication using Java 1.8.0_161 on NS-20200706KEOF with PID 11144 (E:\java\cjProject\cj-springboot-all\mybatis-plus\target\classes started by Administrator in E:\java\cjProject\cj-springboot-all)
2022-04-25 15:52:52 [restartedMain] INFO  - The following profiles are active: dev
2022-04-25 15:52:52 [restartedMain] WARN  - No MyBatis mapper was found in '[cj.springboot2.template.mybatis.plus.dao]' package. Please check your configuration.
2022-04-25 15:52:52 [restartedMain] INFO  - Bean 'spring.datasource.dynamic-com.baomidou.dynamic.datasource.spring.boot.autoconfigure.DynamicDataSourceProperties' of type [com.baomidou.dynamic.datasource.spring.boot.autoconfigure.DynamicDataSourceProperties] is not eligible for getting processed by all BeanPostProcessors (for example: not eligible for auto-proxying)
2022-04-25 15:52:52 [restartedMain] INFO  - Bean 'com.baomidou.dynamic.datasource.spring.boot.autoconfigure.DynamicDataSourceAutoConfiguration' of type [com.baomidou.dynamic.datasource.spring.boot.autoconfigure.DynamicDataSourceAutoConfiguration$$EnhancerBySpringCGLIB$$5c3596dc] is not eligible for getting processed by all BeanPostProcessors (for example: not eligible for auto-proxying)
2022-04-25 15:52:52 [restartedMain] INFO  - Bean 'dsProcessor' of type [com.baomidou.dynamic.datasource.processor.DsHeaderProcessor] is not eligible for getting processed by all BeanPostProcessors (for example: not eligible for auto-proxying)
2022-04-25 15:52:52 [restartedMain] INFO  - Tomcat initialized with port(s): 9002 (http)
2022-04-25 15:52:52 [restartedMain] INFO  - Initializing ProtocolHandler ["http-nio-9002"]
2022-04-25 15:52:52 [restartedMain] INFO  - Starting service [Tomcat]
2022-04-25 15:52:52 [restartedMain] INFO  - Starting Servlet engine: [Apache Tomcat/9.0.56]
2022-04-25 15:52:52 [restartedMain] INFO  - Initializing Spring embedded WebApplicationContext
2022-04-25 15:52:52 [restartedMain] INFO  - Root WebApplicationContext: initialization completed in 253 ms
2022-04-25 15:52:53 [restartedMain] INFO  - Initializing Dozer. Version: 6.4.0, Thread Name: restartedMain
2022-04-25 15:52:53 [restartedMain] INFO  - Trying to find Dozer configuration file: dozer.properties
2022-04-25 15:52:53 [restartedMain] INFO  - Failed to find dozer.properties via com.github.dozermapper.core.config.resolvers.LegacyPropertiesSettingsResolver.
2022-04-25 15:52:53 [restartedMain] INFO  - Using URL [cjDefaultDozerBeanMapping.xml] to load custom xml mappings
2022-04-25 15:52:53 [restartedMain] INFO  - Trying to resolve XML entity with public ID [null] and system ID [http://dozermapper.github.io/schema/bean-mapping.xsd]
2022-04-25 15:52:53 [restartedMain] INFO  - Resolved public ID [null] and system ID [http://dozermapper.github.io/schema/bean-mapping.xsd]
2022-04-25 15:52:53 [restartedMain] INFO  - Successfully loaded custom xml mapping.
2022-04-25 15:52:53 [restartedMain] INFO  - dynamic-datasource - add a datasource named [db1] success
2022-04-25 15:52:53 [restartedMain] INFO  - dynamic-datasource - add a datasource named [db2] success
2022-04-25 15:52:53 [restartedMain] INFO  - dynamic-datasource initial loaded [2] datasource,primary datasource named [db1]
2022-04-25 15:52:53 [restartedMain] INFO  - Initializing Dozer. Version: 6.4.0, Thread Name: restartedMain
2022-04-25 15:52:53 [restartedMain] INFO  - Trying to find Dozer configuration file: dozer.properties
2022-04-25 15:52:53 [restartedMain] INFO  - Failed to find dozer.properties via com.github.dozermapper.core.config.resolvers.LegacyPropertiesSettingsResolver.
2022-04-25 15:52:53 [restartedMain] WARN  - Unable to start LiveReload server
2022-04-25 15:52:53 [restartedMain] INFO  - Exposing 1 endpoint(s) beneath base path '/actuator'
2022-04-25 15:52:53 [restartedMain] INFO  - Starting ProtocolHandler ["http-nio-9002"]
2022-04-25 15:52:53 [restartedMain] INFO  - Tomcat started on port(s): 9002 (http) with context path ''
2022-04-25 15:52:53 [restartedMain] INFO  - Started CJMybatisPlusApplication in 0.615 seconds (JVM running for 229.662)
2022-04-25 15:52:53 [restartedMain] INFO  - Condition evaluation unchanged
2022-04-25 15:56:18 [Thread-21] INFO  - dynamic-datasource start closing ....
2022-04-25 15:56:18 [Thread-21] INFO  - dynamic-datasource all closed success,bye
2022-04-25 15:56:18 [restartedMain] INFO  - Starting CJMybatisPlusApplication using Java 1.8.0_161 on NS-20200706KEOF with PID 11144 (E:\java\cjProject\cj-springboot-all\mybatis-plus\target\classes started by Administrator in E:\java\cjProject\cj-springboot-all)
2022-04-25 15:56:18 [restartedMain] INFO  - The following profiles are active: dev
2022-04-25 15:56:18 [restartedMain] WARN  - No MyBatis mapper was found in '[cj.springboot2.template.mybatis.plus.dao]' package. Please check your configuration.
2022-04-25 15:56:18 [restartedMain] INFO  - Bean 'spring.datasource.dynamic-com.baomidou.dynamic.datasource.spring.boot.autoconfigure.DynamicDataSourceProperties' of type [com.baomidou.dynamic.datasource.spring.boot.autoconfigure.DynamicDataSourceProperties] is not eligible for getting processed by all BeanPostProcessors (for example: not eligible for auto-proxying)
2022-04-25 15:56:18 [restartedMain] INFO  - Bean 'com.baomidou.dynamic.datasource.spring.boot.autoconfigure.DynamicDataSourceAutoConfiguration' of type [com.baomidou.dynamic.datasource.spring.boot.autoconfigure.DynamicDataSourceAutoConfiguration$$EnhancerBySpringCGLIB$$5c3596dc] is not eligible for getting processed by all BeanPostProcessors (for example: not eligible for auto-proxying)
2022-04-25 15:56:19 [restartedMain] INFO  - Bean 'dsProcessor' of type [com.baomidou.dynamic.datasource.processor.DsHeaderProcessor] is not eligible for getting processed by all BeanPostProcessors (for example: not eligible for auto-proxying)
2022-04-25 15:56:19 [restartedMain] INFO  - Tomcat initialized with port(s): 9002 (http)
2022-04-25 15:56:19 [restartedMain] INFO  - Initializing ProtocolHandler ["http-nio-9002"]
2022-04-25 15:56:19 [restartedMain] INFO  - Starting service [Tomcat]
2022-04-25 15:56:19 [restartedMain] INFO  - Starting Servlet engine: [Apache Tomcat/9.0.56]
2022-04-25 15:56:19 [restartedMain] INFO  - Initializing Spring embedded WebApplicationContext
2022-04-25 15:56:19 [restartedMain] INFO  - Root WebApplicationContext: initialization completed in 248 ms
2022-04-25 15:56:19 [restartedMain] INFO  - Initializing Dozer. Version: 6.4.0, Thread Name: restartedMain
2022-04-25 15:56:19 [restartedMain] INFO  - Trying to find Dozer configuration file: dozer.properties
2022-04-25 15:56:19 [restartedMain] INFO  - Failed to find dozer.properties via com.github.dozermapper.core.config.resolvers.LegacyPropertiesSettingsResolver.
2022-04-25 15:56:19 [restartedMain] INFO  - Using URL [cjDefaultDozerBeanMapping.xml] to load custom xml mappings
2022-04-25 15:56:19 [restartedMain] INFO  - Trying to resolve XML entity with public ID [null] and system ID [http://dozermapper.github.io/schema/bean-mapping.xsd]
2022-04-25 15:56:19 [restartedMain] INFO  - Resolved public ID [null] and system ID [http://dozermapper.github.io/schema/bean-mapping.xsd]
2022-04-25 15:56:19 [restartedMain] INFO  - Successfully loaded custom xml mapping.
2022-04-25 15:56:19 [restartedMain] INFO  - dynamic-datasource - add a datasource named [db1] success
2022-04-25 15:56:19 [restartedMain] INFO  - dynamic-datasource - add a datasource named [db2] success
2022-04-25 15:56:19 [restartedMain] INFO  - dynamic-datasource initial loaded [2] datasource,primary datasource named [db1]
2022-04-25 15:56:19 [restartedMain] INFO  - Initializing Dozer. Version: 6.4.0, Thread Name: restartedMain
2022-04-25 15:56:19 [restartedMain] INFO  - Trying to find Dozer configuration file: dozer.properties
2022-04-25 15:56:19 [restartedMain] INFO  - Failed to find dozer.properties via com.github.dozermapper.core.config.resolvers.LegacyPropertiesSettingsResolver.
2022-04-25 15:56:19 [restartedMain] WARN  - Unable to start LiveReload server
2022-04-25 15:56:19 [restartedMain] INFO  - Exposing 1 endpoint(s) beneath base path '/actuator'
2022-04-25 15:56:19 [restartedMain] INFO  - Starting ProtocolHandler ["http-nio-9002"]
2022-04-25 15:56:19 [restartedMain] INFO  - Tomcat started on port(s): 9002 (http) with context path ''
2022-04-25 15:56:19 [restartedMain] INFO  - Started CJMybatisPlusApplication in 0.651 seconds (JVM running for 435.839)
2022-04-25 15:56:19 [restartedMain] INFO  - Condition evaluation unchanged
2022-04-25 15:58:58 [Thread-25] INFO  - dynamic-datasource start closing ....
2022-04-25 15:58:58 [Thread-25] INFO  - dynamic-datasource all closed success,bye
2022-04-25 15:58:58 [restartedMain] INFO  - Starting CJMybatisPlusApplication using Java 1.8.0_161 on NS-20200706KEOF with PID 11144 (E:\java\cjProject\cj-springboot-all\mybatis-plus\target\classes started by Administrator in E:\java\cjProject\cj-springboot-all)
2022-04-25 15:58:58 [restartedMain] INFO  - The following profiles are active: dev
2022-04-25 15:58:59 [restartedMain] WARN  - No MyBatis mapper was found in '[cj.springboot2.template.mybatis.plus.dao]' package. Please check your configuration.
2022-04-25 15:58:59 [restartedMain] INFO  - Bean 'spring.datasource.dynamic-com.baomidou.dynamic.datasource.spring.boot.autoconfigure.DynamicDataSourceProperties' of type [com.baomidou.dynamic.datasource.spring.boot.autoconfigure.DynamicDataSourceProperties] is not eligible for getting processed by all BeanPostProcessors (for example: not eligible for auto-proxying)
2022-04-25 15:58:59 [restartedMain] INFO  - Bean 'com.baomidou.dynamic.datasource.spring.boot.autoconfigure.DynamicDataSourceAutoConfiguration' of type [com.baomidou.dynamic.datasource.spring.boot.autoconfigure.DynamicDataSourceAutoConfiguration$$EnhancerBySpringCGLIB$$5c3596dc] is not eligible for getting processed by all BeanPostProcessors (for example: not eligible for auto-proxying)
2022-04-25 15:58:59 [restartedMain] INFO  - Bean 'dsProcessor' of type [com.baomidou.dynamic.datasource.processor.DsHeaderProcessor] is not eligible for getting processed by all BeanPostProcessors (for example: not eligible for auto-proxying)
2022-04-25 15:58:59 [restartedMain] INFO  - Tomcat initialized with port(s): 9002 (http)
2022-04-25 15:58:59 [restartedMain] INFO  - Initializing ProtocolHandler ["http-nio-9002"]
2022-04-25 15:58:59 [restartedMain] INFO  - Starting service [Tomcat]
2022-04-25 15:58:59 [restartedMain] INFO  - Starting Servlet engine: [Apache Tomcat/9.0.56]
2022-04-25 15:58:59 [restartedMain] INFO  - Initializing Spring embedded WebApplicationContext
2022-04-25 15:58:59 [restartedMain] INFO  - Root WebApplicationContext: initialization completed in 264 ms
2022-04-25 15:58:59 [restartedMain] INFO  - Initializing Dozer. Version: 6.4.0, Thread Name: restartedMain
2022-04-25 15:58:59 [restartedMain] INFO  - Trying to find Dozer configuration file: dozer.properties
2022-04-25 15:58:59 [restartedMain] INFO  - Failed to find dozer.properties via com.github.dozermapper.core.config.resolvers.LegacyPropertiesSettingsResolver.
2022-04-25 15:58:59 [restartedMain] INFO  - Using URL [cjDefaultDozerBeanMapping.xml] to load custom xml mappings
2022-04-25 15:58:59 [restartedMain] INFO  - Trying to resolve XML entity with public ID [null] and system ID [http://dozermapper.github.io/schema/bean-mapping.xsd]
2022-04-25 15:58:59 [restartedMain] INFO  - Resolved public ID [null] and system ID [http://dozermapper.github.io/schema/bean-mapping.xsd]
2022-04-25 15:58:59 [restartedMain] INFO  - Successfully loaded custom xml mapping.
2022-04-25 15:58:59 [restartedMain] INFO  - dynamic-datasource - add a datasource named [db1] success
2022-04-25 15:58:59 [restartedMain] INFO  - dynamic-datasource - add a datasource named [db2] success
2022-04-25 15:58:59 [restartedMain] INFO  - dynamic-datasource initial loaded [2] datasource,primary datasource named [db1]
2022-04-25 15:58:59 [restartedMain] INFO  - Initializing Dozer. Version: 6.4.0, Thread Name: restartedMain
2022-04-25 15:58:59 [restartedMain] INFO  - Trying to find Dozer configuration file: dozer.properties
2022-04-25 15:58:59 [restartedMain] INFO  - Failed to find dozer.properties via com.github.dozermapper.core.config.resolvers.LegacyPropertiesSettingsResolver.
2022-04-25 15:58:59 [restartedMain] WARN  - Unable to start LiveReload server
2022-04-25 15:58:59 [restartedMain] INFO  - Exposing 1 endpoint(s) beneath base path '/actuator'
2022-04-25 15:58:59 [restartedMain] INFO  - Starting ProtocolHandler ["http-nio-9002"]
2022-04-25 15:58:59 [restartedMain] INFO  - Tomcat started on port(s): 9002 (http) with context path ''
2022-04-25 15:58:59 [restartedMain] INFO  - Started CJMybatisPlusApplication in 0.64 seconds (JVM running for 595.866)
2022-04-25 15:58:59 [restartedMain] INFO  - Condition evaluation unchanged
2022-04-25 15:59:20 [Thread-29] INFO  - dynamic-datasource start closing ....
2022-04-25 15:59:20 [Thread-29] INFO  - dynamic-datasource all closed success,bye
2022-04-25 15:59:20 [restartedMain] INFO  - Starting CJMybatisPlusApplication using Java 1.8.0_161 on NS-20200706KEOF with PID 11144 (E:\java\cjProject\cj-springboot-all\mybatis-plus\target\classes started by Administrator in E:\java\cjProject\cj-springboot-all)
2022-04-25 15:59:20 [restartedMain] INFO  - The following profiles are active: dev
2022-04-25 15:59:20 [restartedMain] WARN  - No MyBatis mapper was found in '[cj.springboot2.template.mybatis.plus.dao]' package. Please check your configuration.
2022-04-25 15:59:20 [restartedMain] INFO  - Bean 'spring.datasource.dynamic-com.baomidou.dynamic.datasource.spring.boot.autoconfigure.DynamicDataSourceProperties' of type [com.baomidou.dynamic.datasource.spring.boot.autoconfigure.DynamicDataSourceProperties] is not eligible for getting processed by all BeanPostProcessors (for example: not eligible for auto-proxying)
2022-04-25 15:59:20 [restartedMain] INFO  - Bean 'com.baomidou.dynamic.datasource.spring.boot.autoconfigure.DynamicDataSourceAutoConfiguration' of type [com.baomidou.dynamic.datasource.spring.boot.autoconfigure.DynamicDataSourceAutoConfiguration$$EnhancerBySpringCGLIB$$5c3596dc] is not eligible for getting processed by all BeanPostProcessors (for example: not eligible for auto-proxying)
2022-04-25 15:59:20 [restartedMain] INFO  - Bean 'dsProcessor' of type [com.baomidou.dynamic.datasource.processor.DsHeaderProcessor] is not eligible for getting processed by all BeanPostProcessors (for example: not eligible for auto-proxying)
2022-04-25 15:59:20 [restartedMain] INFO  - Tomcat initialized with port(s): 9002 (http)
2022-04-25 15:59:20 [restartedMain] INFO  - Initializing ProtocolHandler ["http-nio-9002"]
2022-04-25 15:59:20 [restartedMain] INFO  - Starting service [Tomcat]
2022-04-25 15:59:20 [restartedMain] INFO  - Starting Servlet engine: [Apache Tomcat/9.0.56]
2022-04-25 15:59:20 [restartedMain] INFO  - Initializing Spring embedded WebApplicationContext
2022-04-25 15:59:20 [restartedMain] INFO  - Root WebApplicationContext: initialization completed in 253 ms
2022-04-25 15:59:20 [restartedMain] INFO  - Initializing Dozer. Version: 6.4.0, Thread Name: restartedMain
2022-04-25 15:59:20 [restartedMain] INFO  - Trying to find Dozer configuration file: dozer.properties
2022-04-25 15:59:20 [restartedMain] INFO  - Failed to find dozer.properties via com.github.dozermapper.core.config.resolvers.LegacyPropertiesSettingsResolver.
2022-04-25 15:59:20 [restartedMain] INFO  - Using URL [cjDefaultDozerBeanMapping.xml] to load custom xml mappings
2022-04-25 15:59:20 [restartedMain] INFO  - Trying to resolve XML entity with public ID [null] and system ID [http://dozermapper.github.io/schema/bean-mapping.xsd]
2022-04-25 15:59:20 [restartedMain] INFO  - Resolved public ID [null] and system ID [http://dozermapper.github.io/schema/bean-mapping.xsd]
2022-04-25 15:59:20 [restartedMain] INFO  - Successfully loaded custom xml mapping.
2022-04-25 15:59:20 [restartedMain] INFO  - dynamic-datasource - add a datasource named [db1] success
2022-04-25 15:59:20 [restartedMain] INFO  - dynamic-datasource - add a datasource named [db2] success
2022-04-25 15:59:20 [restartedMain] INFO  - dynamic-datasource initial loaded [2] datasource,primary datasource named [db1]
2022-04-25 15:59:20 [restartedMain] INFO  - Initializing Dozer. Version: 6.4.0, Thread Name: restartedMain
2022-04-25 15:59:20 [restartedMain] INFO  - Trying to find Dozer configuration file: dozer.properties
2022-04-25 15:59:20 [restartedMain] INFO  - Failed to find dozer.properties via com.github.dozermapper.core.config.resolvers.LegacyPropertiesSettingsResolver.
2022-04-25 15:59:20 [restartedMain] WARN  - Unable to start LiveReload server
2022-04-25 15:59:20 [restartedMain] INFO  - Exposing 1 endpoint(s) beneath base path '/actuator'
2022-04-25 15:59:20 [restartedMain] INFO  - Starting ProtocolHandler ["http-nio-9002"]
2022-04-25 15:59:20 [restartedMain] INFO  - Tomcat started on port(s): 9002 (http) with context path ''
2022-04-25 15:59:20 [restartedMain] INFO  - Started CJMybatisPlusApplication in 0.826 seconds (JVM running for 617.334)
2022-04-25 15:59:20 [restartedMain] INFO  - Condition evaluation unchanged
2022-04-25 15:59:22 [Thread-33] INFO  - dynamic-datasource start closing ....
2022-04-25 15:59:22 [Thread-33] INFO  - dynamic-datasource all closed success,bye
2022-04-25 15:59:22 [restartedMain] INFO  - Starting CJMybatisPlusApplication using Java 1.8.0_161 on NS-20200706KEOF with PID 11144 (E:\java\cjProject\cj-springboot-all\mybatis-plus\target\classes started by Administrator in E:\java\cjProject\cj-springboot-all)
2022-04-25 15:59:22 [restartedMain] INFO  - The following profiles are active: dev
2022-04-25 15:59:22 [restartedMain] INFO  - Bean 'spring.datasource.dynamic-com.baomidou.dynamic.datasource.spring.boot.autoconfigure.DynamicDataSourceProperties' of type [com.baomidou.dynamic.datasource.spring.boot.autoconfigure.DynamicDataSourceProperties] is not eligible for getting processed by all BeanPostProcessors (for example: not eligible for auto-proxying)
2022-04-25 15:59:22 [restartedMain] INFO  - Bean 'com.baomidou.dynamic.datasource.spring.boot.autoconfigure.DynamicDataSourceAutoConfiguration' of type [com.baomidou.dynamic.datasource.spring.boot.autoconfigure.DynamicDataSourceAutoConfiguration$$EnhancerBySpringCGLIB$$5c3596dc] is not eligible for getting processed by all BeanPostProcessors (for example: not eligible for auto-proxying)
2022-04-25 15:59:22 [restartedMain] INFO  - Bean 'dsProcessor' of type [com.baomidou.dynamic.datasource.processor.DsHeaderProcessor] is not eligible for getting processed by all BeanPostProcessors (for example: not eligible for auto-proxying)
2022-04-25 15:59:22 [restartedMain] INFO  - Tomcat initialized with port(s): 9002 (http)
2022-04-25 15:59:22 [restartedMain] INFO  - Initializing ProtocolHandler ["http-nio-9002"]
2022-04-25 15:59:22 [restartedMain] INFO  - Starting service [Tomcat]
2022-04-25 15:59:22 [restartedMain] INFO  - Starting Servlet engine: [Apache Tomcat/9.0.56]
2022-04-25 15:59:22 [restartedMain] INFO  - Initializing Spring embedded WebApplicationContext
2022-04-25 15:59:22 [restartedMain] INFO  - Root WebApplicationContext: initialization completed in 212 ms
2022-04-25 15:59:22 [restartedMain] INFO  - dynamic-datasource - add a datasource named [db1] success
2022-04-25 15:59:22 [restartedMain] INFO  - dynamic-datasource - add a datasource named [db2] success
2022-04-25 15:59:22 [restartedMain] INFO  - dynamic-datasource initial loaded [2] datasource,primary datasource named [db1]
2022-04-25 15:59:23 [restartedMain] INFO  - Initializing Dozer. Version: 6.4.0, Thread Name: restartedMain
2022-04-25 15:59:23 [restartedMain] INFO  - Trying to find Dozer configuration file: dozer.properties
2022-04-25 15:59:23 [restartedMain] INFO  - Failed to find dozer.properties via com.github.dozermapper.core.config.resolvers.LegacyPropertiesSettingsResolver.
2022-04-25 15:59:23 [restartedMain] INFO  - Using URL [cjDefaultDozerBeanMapping.xml] to load custom xml mappings
2022-04-25 15:59:23 [restartedMain] INFO  - Trying to resolve XML entity with public ID [null] and system ID [http://dozermapper.github.io/schema/bean-mapping.xsd]
2022-04-25 15:59:23 [restartedMain] INFO  - Resolved public ID [null] and system ID [http://dozermapper.github.io/schema/bean-mapping.xsd]
2022-04-25 15:59:23 [restartedMain] INFO  - Successfully loaded custom xml mapping.
2022-04-25 15:59:23 [restartedMain] INFO  - Initializing Dozer. Version: 6.4.0, Thread Name: restartedMain
2022-04-25 15:59:23 [restartedMain] INFO  - Trying to find Dozer configuration file: dozer.properties
2022-04-25 15:59:23 [restartedMain] INFO  - Failed to find dozer.properties via com.github.dozermapper.core.config.resolvers.LegacyPropertiesSettingsResolver.
2022-04-25 15:59:23 [restartedMain] WARN  - Unable to start LiveReload server
2022-04-25 15:59:23 [restartedMain] INFO  - Exposing 1 endpoint(s) beneath base path '/actuator'
2022-04-25 15:59:23 [restartedMain] INFO  - Starting ProtocolHandler ["http-nio-9002"]
2022-04-25 15:59:23 [restartedMain] INFO  - Tomcat started on port(s): 9002 (http) with context path ''
2022-04-25 15:59:23 [restartedMain] INFO  - Started CJMybatisPlusApplication in 0.676 seconds (JVM running for 619.628)
2022-04-25 15:59:23 [restartedMain] INFO  - Condition evaluation unchanged
2022-04-25 16:05:24 [restartedMain] INFO  - Starting CJMybatisPlusApplication using Java 1.8.0_161 on NS-20200706KEOF with PID 25640 (E:\java\cjProject\cj-springboot-all\mybatis-plus\target\classes started by Administrator in E:\java\cjProject\cj-springboot-all)
2022-04-25 16:05:24 [restartedMain] INFO  - The following profiles are active: dev
2022-04-25 16:05:24 [restartedMain] INFO  - Devtools property defaults active! Set 'spring.devtools.add-properties' to 'false' to disable
2022-04-25 16:05:24 [restartedMain] INFO  - For additional web related logging consider setting the 'logging.level.web' property to 'DEBUG'
2022-04-25 16:05:25 [restartedMain] INFO  - Bean 'spring.datasource.dynamic-com.baomidou.dynamic.datasource.spring.boot.autoconfigure.DynamicDataSourceProperties' of type [com.baomidou.dynamic.datasource.spring.boot.autoconfigure.DynamicDataSourceProperties] is not eligible for getting processed by all BeanPostProcessors (for example: not eligible for auto-proxying)
2022-04-25 16:05:25 [restartedMain] INFO  - Bean 'com.baomidou.dynamic.datasource.spring.boot.autoconfigure.DynamicDataSourceAutoConfiguration' of type [com.baomidou.dynamic.datasource.spring.boot.autoconfigure.DynamicDataSourceAutoConfiguration$$EnhancerBySpringCGLIB$$e7caed64] is not eligible for getting processed by all BeanPostProcessors (for example: not eligible for auto-proxying)
2022-04-25 16:05:25 [restartedMain] INFO  - Bean 'dsProcessor' of type [com.baomidou.dynamic.datasource.processor.DsHeaderProcessor] is not eligible for getting processed by all BeanPostProcessors (for example: not eligible for auto-proxying)
2022-04-25 16:05:25 [restartedMain] INFO  - Tomcat initialized with port(s): 9002 (http)
2022-04-25 16:05:25 [restartedMain] INFO  - Initializing ProtocolHandler ["http-nio-9002"]
2022-04-25 16:05:25 [restartedMain] INFO  - Starting service [Tomcat]
2022-04-25 16:05:25 [restartedMain] INFO  - Starting Servlet engine: [Apache Tomcat/9.0.56]
2022-04-25 16:05:25 [restartedMain] INFO  - Initializing Spring embedded WebApplicationContext
2022-04-25 16:05:25 [restartedMain] INFO  - Root WebApplicationContext: initialization completed in 991 ms
2022-04-25 16:05:25 [restartedMain] INFO  - dynamic-datasource - add a datasource named [db1] success
2022-04-25 16:05:25 [restartedMain] INFO  - dynamic-datasource - add a datasource named [db2] success
2022-04-25 16:05:25 [restartedMain] INFO  - dynamic-datasource initial loaded [2] datasource,primary datasource named [db1]
2022-04-25 16:05:26 [restartedMain] INFO  - Initializing Dozer. Version: 6.4.0, Thread Name: restartedMain
2022-04-25 16:05:26 [restartedMain] INFO  - OSGi support is false
2022-04-25 16:05:26 [restartedMain] INFO  - Trying to find Dozer configuration file: dozer.properties
2022-04-25 16:05:26 [restartedMain] INFO  - Failed to find dozer.properties via com.github.dozermapper.core.config.resolvers.LegacyPropertiesSettingsResolver.
2022-04-25 16:05:26 [restartedMain] INFO  - Using URL [cjDefaultDozerBeanMapping.xml] to load custom xml mappings
2022-04-25 16:05:26 [restartedMain] INFO  - Trying to resolve XML entity with public ID [null] and system ID [http://dozermapper.github.io/schema/bean-mapping.xsd]
2022-04-25 16:05:26 [restartedMain] INFO  - Resolved public ID [null] and system ID [http://dozermapper.github.io/schema/bean-mapping.xsd]
2022-04-25 16:05:26 [restartedMain] INFO  - Successfully loaded custom xml mapping.
2022-04-25 16:05:26 [restartedMain] INFO  - Initializing Dozer. Version: 6.4.0, Thread Name: restartedMain
2022-04-25 16:05:26 [restartedMain] INFO  - Trying to find Dozer configuration file: dozer.properties
2022-04-25 16:05:26 [restartedMain] INFO  - Failed to find dozer.properties via com.github.dozermapper.core.config.resolvers.LegacyPropertiesSettingsResolver.
2022-04-25 16:05:26 [restartedMain] INFO  - javax.el support is true
2022-04-25 16:05:26 [restartedMain] WARN  - Unable to start LiveReload server
2022-04-25 16:05:26 [restartedMain] INFO  - Exposing 1 endpoint(s) beneath base path '/actuator'
2022-04-25 16:05:26 [restartedMain] INFO  - Starting ProtocolHandler ["http-nio-9002"]
2022-04-25 16:05:26 [restartedMain] INFO  - Tomcat started on port(s): 9002 (http) with context path ''
2022-04-25 16:05:26 [restartedMain] INFO  - Started CJMybatisPlusApplication in 2.565 seconds (JVM running for 3.185)
2022-04-25 16:05:26 [RMI TCP Connection(1)-172.16.18.25] INFO  - Initializing Spring DispatcherServlet 'dispatcherServlet'
2022-04-25 16:05:26 [RMI TCP Connection(1)-172.16.18.25] INFO  - Initializing Servlet 'dispatcherServlet'
2022-04-25 16:05:26 [RMI TCP Connection(2)-172.16.18.25] INFO  - db1 - Starting...
2022-04-25 16:05:26 [RMI TCP Connection(1)-172.16.18.25] INFO  - Completed initialization in 1 ms
2022-04-25 16:05:29 [RMI TCP Connection(2)-172.16.18.25] INFO  - db1 - Start completed.
2022-04-25 16:06:08 [restartedMain] INFO  - Starting CJMybatisPlusApplication using Java 1.8.0_161 on NS-20200706KEOF with PID 24304 (E:\java\cjProject\cj-springboot-all\mybatis-plus\target\classes started by Administrator in E:\java\cjProject\cj-springboot-all)
2022-04-25 16:06:08 [restartedMain] INFO  - The following profiles are active: dev
2022-04-25 16:06:08 [restartedMain] INFO  - Devtools property defaults active! Set 'spring.devtools.add-properties' to 'false' to disable
2022-04-25 16:06:08 [restartedMain] INFO  - For additional web related logging consider setting the 'logging.level.web' property to 'DEBUG'
2022-04-25 16:06:09 [restartedMain] INFO  - Bean 'spring.datasource.dynamic-com.baomidou.dynamic.datasource.spring.boot.autoconfigure.DynamicDataSourceProperties' of type [com.baomidou.dynamic.datasource.spring.boot.autoconfigure.DynamicDataSourceProperties] is not eligible for getting processed by all BeanPostProcessors (for example: not eligible for auto-proxying)
2022-04-25 16:06:09 [restartedMain] INFO  - Bean 'com.baomidou.dynamic.datasource.spring.boot.autoconfigure.DynamicDataSourceAutoConfiguration' of type [com.baomidou.dynamic.datasource.spring.boot.autoconfigure.DynamicDataSourceAutoConfiguration$$EnhancerBySpringCGLIB$$13d906eb] is not eligible for getting processed by all BeanPostProcessors (for example: not eligible for auto-proxying)
2022-04-25 16:06:09 [restartedMain] INFO  - Bean 'dsProcessor' of type [com.baomidou.dynamic.datasource.processor.DsHeaderProcessor] is not eligible for getting processed by all BeanPostProcessors (for example: not eligible for auto-proxying)
2022-04-25 16:06:09 [restartedMain] INFO  - Tomcat initialized with port(s): 9002 (http)
2022-04-25 16:06:09 [restartedMain] INFO  - Initializing ProtocolHandler ["http-nio-9002"]
2022-04-25 16:06:09 [restartedMain] INFO  - Starting service [Tomcat]
2022-04-25 16:06:09 [restartedMain] INFO  - Starting Servlet engine: [Apache Tomcat/9.0.56]
2022-04-25 16:06:09 [restartedMain] INFO  - Initializing Spring embedded WebApplicationContext
2022-04-25 16:06:09 [restartedMain] INFO  - Root WebApplicationContext: initialization completed in 1042 ms
2022-04-25 16:06:09 [restartedMain] INFO  - dynamic-datasource - add a datasource named [db1] success
2022-04-25 16:06:09 [restartedMain] INFO  - dynamic-datasource - add a datasource named [db2] success
2022-04-25 16:06:09 [restartedMain] INFO  - dynamic-datasource initial loaded [2] datasource,primary datasource named [db1]
2022-04-25 16:06:10 [restartedMain] INFO  - Initializing Dozer. Version: 6.4.0, Thread Name: restartedMain
2022-04-25 16:06:10 [restartedMain] INFO  - OSGi support is false
2022-04-25 16:06:10 [restartedMain] INFO  - Trying to find Dozer configuration file: dozer.properties
2022-04-25 16:06:10 [restartedMain] INFO  - Failed to find dozer.properties via com.github.dozermapper.core.config.resolvers.LegacyPropertiesSettingsResolver.
2022-04-25 16:06:10 [restartedMain] INFO  - Using URL [cjDefaultDozerBeanMapping.xml] to load custom xml mappings
2022-04-25 16:06:10 [restartedMain] INFO  - Trying to resolve XML entity with public ID [null] and system ID [http://dozermapper.github.io/schema/bean-mapping.xsd]
2022-04-25 16:06:10 [restartedMain] INFO  - Resolved public ID [null] and system ID [http://dozermapper.github.io/schema/bean-mapping.xsd]
2022-04-25 16:06:10 [restartedMain] INFO  - Successfully loaded custom xml mapping.
2022-04-25 16:06:10 [restartedMain] INFO  - Initializing Dozer. Version: 6.4.0, Thread Name: restartedMain
2022-04-25 16:06:10 [restartedMain] INFO  - Trying to find Dozer configuration file: dozer.properties
2022-04-25 16:06:10 [restartedMain] INFO  - Failed to find dozer.properties via com.github.dozermapper.core.config.resolvers.LegacyPropertiesSettingsResolver.
2022-04-25 16:06:10 [restartedMain] INFO  - javax.el support is true
2022-04-25 16:06:10 [restartedMain] WARN  - Unable to start LiveReload server
2022-04-25 16:06:10 [restartedMain] INFO  - Exposing 1 endpoint(s) beneath base path '/actuator'
2022-04-25 16:06:10 [restartedMain] INFO  - Starting ProtocolHandler ["http-nio-9002"]
2022-04-25 16:06:10 [restartedMain] INFO  - Tomcat started on port(s): 9002 (http) with context path ''
2022-04-25 16:06:10 [restartedMain] INFO  - Started CJMybatisPlusApplication in 2.583 seconds (JVM running for 3.167)
2022-04-25 16:06:11 [RMI TCP Connection(2)-172.16.18.25] INFO  - Initializing Spring DispatcherServlet 'dispatcherServlet'
2022-04-25 16:06:11 [RMI TCP Connection(2)-172.16.18.25] INFO  - Initializing Servlet 'dispatcherServlet'
2022-04-25 16:06:11 [RMI TCP Connection(1)-172.16.18.25] INFO  - db1 - Starting...
2022-04-25 16:06:11 [RMI TCP Connection(2)-172.16.18.25] INFO  - Completed initialization in 1 ms
2022-04-25 16:06:11 [RMI TCP Connection(1)-172.16.18.25] INFO  - db1 - Start completed.
2022-04-25 16:07:17 [restartedMain] INFO  - Starting CJMybatisPlusApplication using Java 1.8.0_161 on NS-20200706KEOF with PID 3964 (E:\java\cjProject\cj-springboot-all\mybatis-plus\target\classes started by Administrator in E:\java\cjProject\cj-springboot-all)
2022-04-25 16:07:17 [restartedMain] INFO  - The following profiles are active: dev
2022-04-25 16:07:17 [restartedMain] INFO  - Devtools property defaults active! Set 'spring.devtools.add-properties' to 'false' to disable
2022-04-25 16:07:17 [restartedMain] INFO  - For additional web related logging consider setting the 'logging.level.web' property to 'DEBUG'
2022-04-25 16:07:18 [restartedMain] INFO  - Bean 'spring.datasource.dynamic-com.baomidou.dynamic.datasource.spring.boot.autoconfigure.DynamicDataSourceProperties' of type [com.baomidou.dynamic.datasource.spring.boot.autoconfigure.DynamicDataSourceProperties] is not eligible for getting processed by all BeanPostProcessors (for example: not eligible for auto-proxying)
2022-04-25 16:07:18 [restartedMain] INFO  - Bean 'com.baomidou.dynamic.datasource.spring.boot.autoconfigure.DynamicDataSourceAutoConfiguration' of type [com.baomidou.dynamic.datasource.spring.boot.autoconfigure.DynamicDataSourceAutoConfiguration$$EnhancerBySpringCGLIB$$43bbe8ed] is not eligible for getting processed by all BeanPostProcessors (for example: not eligible for auto-proxying)
2022-04-25 16:07:18 [restartedMain] INFO  - Bean 'dsProcessor' of type [com.baomidou.dynamic.datasource.processor.DsHeaderProcessor] is not eligible for getting processed by all BeanPostProcessors (for example: not eligible for auto-proxying)
2022-04-25 16:07:18 [restartedMain] INFO  - Tomcat initialized with port(s): 9002 (http)
2022-04-25 16:07:18 [restartedMain] INFO  - Initializing ProtocolHandler ["http-nio-9002"]
2022-04-25 16:07:18 [restartedMain] INFO  - Starting service [Tomcat]
2022-04-25 16:07:18 [restartedMain] INFO  - Starting Servlet engine: [Apache Tomcat/9.0.56]
2022-04-25 16:07:18 [restartedMain] INFO  - Initializing Spring embedded WebApplicationContext
2022-04-25 16:07:18 [restartedMain] INFO  - Root WebApplicationContext: initialization completed in 935 ms
2022-04-25 16:07:18 [restartedMain] WARN  - Exception encountered during context initialization - cancelling refresh attempt: org.springframework.beans.factory.UnsatisfiedDependencyException: Error creating bean with name 'sysUserController': Unsatisfied dependency expressed through field 'sysUserService'; nested exception is org.springframework.beans.factory.UnsatisfiedDependencyException: Error creating bean with name 'sysUserServiceImpl': Unsatisfied dependency expressed through field 'baseMapper'; nested exception is org.springframework.beans.factory.UnsatisfiedDependencyException: Error creating bean with name 'sysUserDao' defined in file [E:\java\cjProject\cj-springboot-all\mybatis-plus\target\classes\cj\springboot2\template\mybatis\plus\dao\SysUserDao.class]: Unsatisfied dependency expressed through bean property 'sqlSessionFactory'; nested exception is org.springframework.beans.factory.UnsatisfiedDependencyException: Error creating bean with name 'com.baomidou.mybatisplus.autoconfigure.MybatisPlusAutoConfiguration': Unsatisfied dependency expressed through constructor parameter 0; nested exception is org.springframework.boot.context.properties.ConfigurationPropertiesBindException: Error creating bean with name 'mybatis-plus-com.baomidou.mybatisplus.autoconfigure.MybatisPlusProperties': Could not bind properties to 'MybatisPlusProperties' : prefix=mybatis-plus, ignoreInvalidFields=false, ignoreUnknownFields=true; nested exception is org.springframework.boot.context.properties.bind.BindException: Failed to bind properties under 'mybatis-plus.configuration' to com.baomidou.mybatisplus.core.MybatisConfiguration
2022-04-25 16:07:18 [restartedMain] INFO  - Stopping service [Tomcat]
2022-04-25 16:07:18 [restartedMain] INFO  - 

Error starting ApplicationContext. To display the conditions report re-run your application with 'debug' enabled.
2022-04-25 16:07:18 [restartedMain] ERROR - 

***************************
APPLICATION FAILED TO START
***************************

Description:

Failed to bind properties under 'mybatis-plus.configuration' to com.baomidou.mybatisplus.core.MybatisConfiguration:

    Reason: org.springframework.core.convert.ConverterNotFoundException: No converter found capable of converting from type [java.lang.String] to type [@org.springframework.boot.context.properties.NestedConfigurationProperty com.baomidou.mybatisplus.core.MybatisConfiguration]

Action:

Update your application's configuration

2022-04-25 16:07:28 [restartedMain] INFO  - Starting CJMybatisPlusApplication using Java 1.8.0_161 on NS-20200706KEOF with PID 3668 (E:\java\cjProject\cj-springboot-all\mybatis-plus\target\classes started by Administrator in E:\java\cjProject\cj-springboot-all)
2022-04-25 16:07:28 [restartedMain] INFO  - The following profiles are active: dev
2022-04-25 16:07:28 [restartedMain] INFO  - Devtools property defaults active! Set 'spring.devtools.add-properties' to 'false' to disable
2022-04-25 16:07:28 [restartedMain] INFO  - For additional web related logging consider setting the 'logging.level.web' property to 'DEBUG'
2022-04-25 16:07:29 [restartedMain] INFO  - Bean 'spring.datasource.dynamic-com.baomidou.dynamic.datasource.spring.boot.autoconfigure.DynamicDataSourceProperties' of type [com.baomidou.dynamic.datasource.spring.boot.autoconfigure.DynamicDataSourceProperties] is not eligible for getting processed by all BeanPostProcessors (for example: not eligible for auto-proxying)
2022-04-25 16:07:29 [restartedMain] INFO  - Bean 'com.baomidou.dynamic.datasource.spring.boot.autoconfigure.DynamicDataSourceAutoConfiguration' of type [com.baomidou.dynamic.datasource.spring.boot.autoconfigure.DynamicDataSourceAutoConfiguration$$EnhancerBySpringCGLIB$$db35b46d] is not eligible for getting processed by all BeanPostProcessors (for example: not eligible for auto-proxying)
2022-04-25 16:07:29 [restartedMain] INFO  - Bean 'dsProcessor' of type [com.baomidou.dynamic.datasource.processor.DsHeaderProcessor] is not eligible for getting processed by all BeanPostProcessors (for example: not eligible for auto-proxying)
2022-04-25 16:07:29 [restartedMain] INFO  - Tomcat initialized with port(s): 9002 (http)
2022-04-25 16:07:29 [restartedMain] INFO  - Initializing ProtocolHandler ["http-nio-9002"]
2022-04-25 16:07:29 [restartedMain] INFO  - Starting service [Tomcat]
2022-04-25 16:07:29 [restartedMain] INFO  - Starting Servlet engine: [Apache Tomcat/9.0.56]
2022-04-25 16:07:29 [restartedMain] INFO  - Initializing Spring embedded WebApplicationContext
2022-04-25 16:07:29 [restartedMain] INFO  - Root WebApplicationContext: initialization completed in 927 ms
2022-04-25 16:07:30 [restartedMain] INFO  - dynamic-datasource - add a datasource named [db1] success
2022-04-25 16:07:30 [restartedMain] INFO  - dynamic-datasource - add a datasource named [db2] success
2022-04-25 16:07:30 [restartedMain] INFO  - dynamic-datasource initial loaded [2] datasource,primary datasource named [db1]
2022-04-25 16:07:30 [restartedMain] INFO  - Initializing Dozer. Version: 6.4.0, Thread Name: restartedMain
2022-04-25 16:07:30 [restartedMain] INFO  - OSGi support is false
2022-04-25 16:07:30 [restartedMain] INFO  - Trying to find Dozer configuration file: dozer.properties
2022-04-25 16:07:30 [restartedMain] INFO  - Failed to find dozer.properties via com.github.dozermapper.core.config.resolvers.LegacyPropertiesSettingsResolver.
2022-04-25 16:07:30 [restartedMain] INFO  - Using URL [cjDefaultDozerBeanMapping.xml] to load custom xml mappings
2022-04-25 16:07:30 [restartedMain] INFO  - Trying to resolve XML entity with public ID [null] and system ID [http://dozermapper.github.io/schema/bean-mapping.xsd]
2022-04-25 16:07:30 [restartedMain] INFO  - Resolved public ID [null] and system ID [http://dozermapper.github.io/schema/bean-mapping.xsd]
2022-04-25 16:07:30 [restartedMain] INFO  - Successfully loaded custom xml mapping.
2022-04-25 16:07:30 [restartedMain] INFO  - Initializing Dozer. Version: 6.4.0, Thread Name: restartedMain
2022-04-25 16:07:30 [restartedMain] INFO  - Trying to find Dozer configuration file: dozer.properties
2022-04-25 16:07:30 [restartedMain] INFO  - Failed to find dozer.properties via com.github.dozermapper.core.config.resolvers.LegacyPropertiesSettingsResolver.
2022-04-25 16:07:30 [restartedMain] INFO  - javax.el support is true
2022-04-25 16:07:30 [restartedMain] WARN  - Unable to start LiveReload server
2022-04-25 16:07:30 [restartedMain] INFO  - Exposing 1 endpoint(s) beneath base path '/actuator'
2022-04-25 16:07:31 [restartedMain] INFO  - Starting ProtocolHandler ["http-nio-9002"]
2022-04-25 16:07:31 [restartedMain] INFO  - Tomcat started on port(s): 9002 (http) with context path ''
2022-04-25 16:07:31 [restartedMain] INFO  - Started CJMybatisPlusApplication in 2.456 seconds (JVM running for 3.04)
2022-04-25 16:07:31 [RMI TCP Connection(2)-172.16.18.25] INFO  - Initializing Spring DispatcherServlet 'dispatcherServlet'
2022-04-25 16:07:31 [RMI TCP Connection(2)-172.16.18.25] INFO  - Initializing Servlet 'dispatcherServlet'
2022-04-25 16:07:31 [RMI TCP Connection(3)-172.16.18.25] INFO  - db1 - Starting...
2022-04-25 16:07:31 [RMI TCP Connection(2)-172.16.18.25] INFO  - Completed initialization in 1 ms
2022-04-25 16:07:34 [RMI TCP Connection(3)-172.16.18.25] INFO  - db1 - Start completed.
2022-04-25 16:08:20 [restartedMain] INFO  - Starting CJMybatisPlusApplication using Java 1.8.0_161 on NS-20200706KEOF with PID 15084 (E:\java\cjProject\cj-springboot-all\mybatis-plus\target\classes started by Administrator in E:\java\cjProject\cj-springboot-all)
2022-04-25 16:08:20 [restartedMain] INFO  - The following profiles are active: dev
2022-04-25 16:08:20 [restartedMain] INFO  - Devtools property defaults active! Set 'spring.devtools.add-properties' to 'false' to disable
2022-04-25 16:08:20 [restartedMain] INFO  - For additional web related logging consider setting the 'logging.level.web' property to 'DEBUG'
2022-04-25 16:08:21 [restartedMain] INFO  - Bean 'spring.datasource.dynamic-com.baomidou.dynamic.datasource.spring.boot.autoconfigure.DynamicDataSourceProperties' of type [com.baomidou.dynamic.datasource.spring.boot.autoconfigure.DynamicDataSourceProperties] is not eligible for getting processed by all BeanPostProcessors (for example: not eligible for auto-proxying)
2022-04-25 16:08:21 [restartedMain] INFO  - Bean 'com.baomidou.dynamic.datasource.spring.boot.autoconfigure.DynamicDataSourceAutoConfiguration' of type [com.baomidou.dynamic.datasource.spring.boot.autoconfigure.DynamicDataSourceAutoConfiguration$$EnhancerBySpringCGLIB$$3e0d1970] is not eligible for getting processed by all BeanPostProcessors (for example: not eligible for auto-proxying)
2022-04-25 16:08:21 [restartedMain] INFO  - Bean 'dsProcessor' of type [com.baomidou.dynamic.datasource.processor.DsHeaderProcessor] is not eligible for getting processed by all BeanPostProcessors (for example: not eligible for auto-proxying)
2022-04-25 16:08:21 [restartedMain] INFO  - Tomcat initialized with port(s): 9002 (http)
2022-04-25 16:08:21 [restartedMain] INFO  - Initializing ProtocolHandler ["http-nio-9002"]
2022-04-25 16:08:21 [restartedMain] INFO  - Starting service [Tomcat]
2022-04-25 16:08:21 [restartedMain] INFO  - Starting Servlet engine: [Apache Tomcat/9.0.56]
2022-04-25 16:08:21 [restartedMain] INFO  - Initializing Spring embedded WebApplicationContext
2022-04-25 16:08:21 [restartedMain] INFO  - Root WebApplicationContext: initialization completed in 943 ms
2022-04-25 16:08:22 [restartedMain] INFO  - dynamic-datasource - add a datasource named [db1] success
2022-04-25 16:08:22 [restartedMain] INFO  - dynamic-datasource - add a datasource named [db2] success
2022-04-25 16:08:22 [restartedMain] INFO  - dynamic-datasource initial loaded [2] datasource,primary datasource named [db1]
2022-04-25 16:08:22 [restartedMain] INFO  - Initializing Dozer. Version: 6.4.0, Thread Name: restartedMain
2022-04-25 16:08:22 [restartedMain] INFO  - OSGi support is false
2022-04-25 16:08:22 [restartedMain] INFO  - Trying to find Dozer configuration file: dozer.properties
2022-04-25 16:08:22 [restartedMain] INFO  - Failed to find dozer.properties via com.github.dozermapper.core.config.resolvers.LegacyPropertiesSettingsResolver.
2022-04-25 16:08:22 [restartedMain] INFO  - Using URL [cjDefaultDozerBeanMapping.xml] to load custom xml mappings
2022-04-25 16:08:22 [restartedMain] INFO  - Trying to resolve XML entity with public ID [null] and system ID [http://dozermapper.github.io/schema/bean-mapping.xsd]
2022-04-25 16:08:22 [restartedMain] INFO  - Resolved public ID [null] and system ID [http://dozermapper.github.io/schema/bean-mapping.xsd]
2022-04-25 16:08:22 [restartedMain] INFO  - Successfully loaded custom xml mapping.
2022-04-25 16:08:22 [restartedMain] INFO  - Initializing Dozer. Version: 6.4.0, Thread Name: restartedMain
2022-04-25 16:08:22 [restartedMain] INFO  - Trying to find Dozer configuration file: dozer.properties
2022-04-25 16:08:22 [restartedMain] INFO  - Failed to find dozer.properties via com.github.dozermapper.core.config.resolvers.LegacyPropertiesSettingsResolver.
2022-04-25 16:08:22 [restartedMain] INFO  - javax.el support is true
2022-04-25 16:08:22 [restartedMain] WARN  - Unable to start LiveReload server
2022-04-25 16:08:22 [restartedMain] INFO  - Exposing 1 endpoint(s) beneath base path '/actuator'
2022-04-25 16:08:22 [restartedMain] INFO  - Starting ProtocolHandler ["http-nio-9002"]
2022-04-25 16:08:23 [restartedMain] INFO  - Tomcat started on port(s): 9002 (http) with context path ''
2022-04-25 16:08:23 [restartedMain] INFO  - Started CJMybatisPlusApplication in 2.414 seconds (JVM running for 3.011)
2022-04-25 16:08:23 [RMI TCP Connection(1)-172.16.18.25] INFO  - Initializing Spring DispatcherServlet 'dispatcherServlet'
2022-04-25 16:08:23 [RMI TCP Connection(1)-172.16.18.25] INFO  - Initializing Servlet 'dispatcherServlet'
2022-04-25 16:08:23 [RMI TCP Connection(2)-172.16.18.25] INFO  - db1 - Starting...
2022-04-25 16:08:23 [RMI TCP Connection(1)-172.16.18.25] INFO  - Completed initialization in 1 ms
2022-04-25 16:08:23 [RMI TCP Connection(2)-172.16.18.25] INFO  - db1 - Start completed.
