2022-04-26 08:13:22 [restartedMain] INFO  - Starting CJRabbitMQProducer9110 using Java 1.8.0_161 on NS-20200706KEOF with PID 9388 (E:\java\cjProject\cj-springboot-all\rabbitmq-producer9110\target\classes started by Administrator in E:\java\cjProject\cj-springboot-all)
2022-04-26 08:13:22 [restartedMain] INFO  - The following profiles are active: dev
2022-04-26 08:13:22 [restartedMain] INFO  - Devtools property defaults active! Set 'spring.devtools.add-properties' to 'false' to disable
2022-04-26 08:13:22 [restartedMain] INFO  - For additional web related logging consider setting the 'logging.level.web' property to 'DEBUG'
2022-04-26 08:13:23 [restartedMain] INFO  - Tomcat initialized with port(s): 9110 (http)
2022-04-26 08:13:23 [restartedMain] INFO  - Initializing ProtocolHandler ["http-nio-9110"]
2022-04-26 08:13:23 [restartedMain] INFO  - Starting service [Tomcat]
2022-04-26 08:13:23 [restartedMain] INFO  - Starting Servlet engine: [Apache Tomcat/9.0.56]
2022-04-26 08:13:23 [restartedMain] INFO  - Initializing Spring embedded WebApplicationContext
2022-04-26 08:13:23 [restartedMain] INFO  - Root WebApplicationContext: initialization completed in 1356 ms
2022-04-26 08:13:24 [restartedMain] INFO  - Initializing Dozer. Version: 6.4.0, Thread Name: restartedMain
2022-04-26 08:13:24 [restartedMain] INFO  - OSGi support is false
2022-04-26 08:13:24 [restartedMain] INFO  - Trying to find Dozer configuration file: dozer.properties
2022-04-26 08:13:24 [restartedMain] INFO  - Failed to find dozer.properties via com.github.dozermapper.core.config.resolvers.LegacyPropertiesSettingsResolver.
2022-04-26 08:13:24 [restartedMain] INFO  - Using URL [cjDefaultDozerBeanMapping.xml] to load custom xml mappings
2022-04-26 08:13:24 [restartedMain] INFO  - Trying to resolve XML entity with public ID [null] and system ID [http://dozermapper.github.io/schema/bean-mapping.xsd]
2022-04-26 08:13:24 [restartedMain] INFO  - Resolved public ID [null] and system ID [http://dozermapper.github.io/schema/bean-mapping.xsd]
2022-04-26 08:13:24 [restartedMain] INFO  - Successfully loaded custom xml mapping.
2022-04-26 08:13:24 [restartedMain] INFO  - Initializing Dozer. Version: 6.4.0, Thread Name: restartedMain
2022-04-26 08:13:24 [restartedMain] INFO  - Trying to find Dozer configuration file: dozer.properties
2022-04-26 08:13:24 [restartedMain] INFO  - Failed to find dozer.properties via com.github.dozermapper.core.config.resolvers.LegacyPropertiesSettingsResolver.
2022-04-26 08:13:24 [restartedMain] INFO  - javax.el support is true
2022-04-26 08:13:25 [restartedMain] INFO  - LiveReload server is running on port 35729
2022-04-26 08:13:25 [restartedMain] INFO  - Exposing 1 endpoint(s) beneath base path '/actuator'
2022-04-26 08:13:25 [restartedMain] INFO  - Starting ProtocolHandler ["http-nio-9110"]
2022-04-26 08:13:25 [restartedMain] INFO  - Tomcat started on port(s): 9110 (http) with context path ''
2022-04-26 08:13:25 [restartedMain] INFO  - Started CJRabbitMQProducer9110 in 3.233 seconds (JVM running for 4.14)
2022-04-26 08:13:25 [RMI TCP Connection(1)-172.16.18.25] INFO  - Initializing Spring DispatcherServlet 'dispatcherServlet'
2022-04-26 08:13:25 [RMI TCP Connection(1)-172.16.18.25] INFO  - Initializing Servlet 'dispatcherServlet'
2022-04-26 08:13:25 [RMI TCP Connection(1)-172.16.18.25] INFO  - Completed initialization in 1 ms
2022-04-26 08:13:25 [RMI TCP Connection(3)-172.16.18.25] INFO  - Attempting to connect to: [172.16.207.221:5672]
2022-04-26 08:13:25 [RMI TCP Connection(3)-172.16.18.25] INFO  - Created new connection: rabbitConnectionFactory#1bf8ef3a:0/SimpleConnection@4dbce155 [delegate=amqp://admin@172.16.207.221:5672/, localPort= 2111]
2022-04-26 08:16:47 [http-nio-9110-exec-3] INFO  - Producer message send time: Tue Apr 26 08:16:47 CST 2022,发送的消息: nihao中国
2022-04-26 08:18:47 [restartedMain] INFO  - Starting CJRabbitMQProducer9110 using Java 1.8.0_161 on NS-20200706KEOF with PID 9388 (E:\java\cjProject\cj-springboot-all\rabbitmq-producer9110\target\classes started by Administrator in E:\java\cjProject\cj-springboot-all)
2022-04-26 08:18:47 [restartedMain] INFO  - The following profiles are active: dev
2022-04-26 08:18:47 [restartedMain] INFO  - Tomcat initialized with port(s): 9110 (http)
2022-04-26 08:18:47 [restartedMain] INFO  - Initializing ProtocolHandler ["http-nio-9110"]
2022-04-26 08:18:47 [restartedMain] INFO  - Starting service [Tomcat]
2022-04-26 08:18:47 [restartedMain] INFO  - Starting Servlet engine: [Apache Tomcat/9.0.56]
2022-04-26 08:18:47 [restartedMain] INFO  - Initializing Spring embedded WebApplicationContext
2022-04-26 08:18:47 [restartedMain] INFO  - Root WebApplicationContext: initialization completed in 348 ms
2022-04-26 08:18:47 [restartedMain] INFO  - Initializing Dozer. Version: 6.4.0, Thread Name: restartedMain
2022-04-26 08:18:47 [restartedMain] INFO  - Trying to find Dozer configuration file: dozer.properties
2022-04-26 08:18:47 [restartedMain] INFO  - Failed to find dozer.properties via com.github.dozermapper.core.config.resolvers.LegacyPropertiesSettingsResolver.
2022-04-26 08:18:47 [restartedMain] INFO  - Using URL [cjDefaultDozerBeanMapping.xml] to load custom xml mappings
2022-04-26 08:18:47 [restartedMain] INFO  - Trying to resolve XML entity with public ID [null] and system ID [http://dozermapper.github.io/schema/bean-mapping.xsd]
2022-04-26 08:18:47 [restartedMain] INFO  - Resolved public ID [null] and system ID [http://dozermapper.github.io/schema/bean-mapping.xsd]
2022-04-26 08:18:47 [restartedMain] INFO  - Successfully loaded custom xml mapping.
2022-04-26 08:18:47 [restartedMain] INFO  - Initializing Dozer. Version: 6.4.0, Thread Name: restartedMain
2022-04-26 08:18:47 [restartedMain] INFO  - Trying to find Dozer configuration file: dozer.properties
2022-04-26 08:18:47 [restartedMain] INFO  - Failed to find dozer.properties via com.github.dozermapper.core.config.resolvers.LegacyPropertiesSettingsResolver.
2022-04-26 08:18:47 [restartedMain] INFO  - LiveReload server is running on port 35729
2022-04-26 08:18:47 [restartedMain] INFO  - Exposing 1 endpoint(s) beneath base path '/actuator'
2022-04-26 08:18:47 [restartedMain] INFO  - Starting ProtocolHandler ["http-nio-9110"]
2022-04-26 08:18:47 [restartedMain] INFO  - Tomcat started on port(s): 9110 (http) with context path ''
2022-04-26 08:18:48 [restartedMain] INFO  - Started CJRabbitMQProducer9110 in 0.604 seconds (JVM running for 326.967)
2022-04-26 08:18:48 [restartedMain] INFO  - Condition evaluation unchanged
2022-04-26 08:18:50 [restartedMain] INFO  - Starting CJRabbitMQProducer9110 using Java 1.8.0_161 on NS-20200706KEOF with PID 9388 (E:\java\cjProject\cj-springboot-all\rabbitmq-producer9110\target\classes started by Administrator in E:\java\cjProject\cj-springboot-all)
2022-04-26 08:18:50 [restartedMain] INFO  - The following profiles are active: dev
2022-04-26 08:18:50 [restartedMain] INFO  - Tomcat initialized with port(s): 9110 (http)
2022-04-26 08:18:50 [restartedMain] INFO  - Initializing ProtocolHandler ["http-nio-9110"]
2022-04-26 08:18:50 [restartedMain] INFO  - Starting service [Tomcat]
2022-04-26 08:18:50 [restartedMain] INFO  - Starting Servlet engine: [Apache Tomcat/9.0.56]
2022-04-26 08:18:50 [restartedMain] INFO  - Initializing Spring embedded WebApplicationContext
2022-04-26 08:18:50 [restartedMain] INFO  - Root WebApplicationContext: initialization completed in 202 ms
2022-04-26 08:18:50 [restartedMain] INFO  - Initializing Dozer. Version: 6.4.0, Thread Name: restartedMain
2022-04-26 08:18:50 [restartedMain] INFO  - Trying to find Dozer configuration file: dozer.properties
2022-04-26 08:18:50 [restartedMain] INFO  - Failed to find dozer.properties via com.github.dozermapper.core.config.resolvers.LegacyPropertiesSettingsResolver.
2022-04-26 08:18:50 [restartedMain] INFO  - Using URL [cjDefaultDozerBeanMapping.xml] to load custom xml mappings
2022-04-26 08:18:50 [restartedMain] INFO  - Trying to resolve XML entity with public ID [null] and system ID [http://dozermapper.github.io/schema/bean-mapping.xsd]
2022-04-26 08:18:50 [restartedMain] INFO  - Resolved public ID [null] and system ID [http://dozermapper.github.io/schema/bean-mapping.xsd]
2022-04-26 08:18:50 [restartedMain] INFO  - Successfully loaded custom xml mapping.
2022-04-26 08:18:50 [restartedMain] INFO  - Initializing Dozer. Version: 6.4.0, Thread Name: restartedMain
2022-04-26 08:18:50 [restartedMain] INFO  - Trying to find Dozer configuration file: dozer.properties
2022-04-26 08:18:50 [restartedMain] INFO  - Failed to find dozer.properties via com.github.dozermapper.core.config.resolvers.LegacyPropertiesSettingsResolver.
2022-04-26 08:18:50 [restartedMain] INFO  - LiveReload server is running on port 35729
2022-04-26 08:18:50 [restartedMain] INFO  - Exposing 1 endpoint(s) beneath base path '/actuator'
2022-04-26 08:18:50 [restartedMain] INFO  - Starting ProtocolHandler ["http-nio-9110"]
2022-04-26 08:18:50 [restartedMain] INFO  - Tomcat started on port(s): 9110 (http) with context path ''
2022-04-26 08:18:50 [restartedMain] INFO  - Started CJRabbitMQProducer9110 in 0.381 seconds (JVM running for 329.955)
2022-04-26 08:18:50 [restartedMain] INFO  - Condition evaluation unchanged
2022-04-26 08:21:33 [restartedMain] INFO  - Starting CJRabbitMQProducer9110 using Java 1.8.0_161 on NS-20200706KEOF with PID 9388 (E:\java\cjProject\cj-springboot-all\rabbitmq-producer9110\target\classes started by Administrator in E:\java\cjProject\cj-springboot-all)
2022-04-26 08:21:33 [restartedMain] INFO  - The following profiles are active: dev
2022-04-26 08:21:33 [restartedMain] INFO  - Tomcat initialized with port(s): 9110 (http)
2022-04-26 08:21:33 [restartedMain] INFO  - Initializing ProtocolHandler ["http-nio-9110"]
2022-04-26 08:21:33 [restartedMain] INFO  - Starting service [Tomcat]
2022-04-26 08:21:33 [restartedMain] INFO  - Starting Servlet engine: [Apache Tomcat/9.0.56]
2022-04-26 08:21:33 [restartedMain] INFO  - Initializing Spring embedded WebApplicationContext
2022-04-26 08:21:33 [restartedMain] INFO  - Root WebApplicationContext: initialization completed in 233 ms
2022-04-26 08:21:33 [restartedMain] INFO  - Initializing Dozer. Version: 6.4.0, Thread Name: restartedMain
2022-04-26 08:21:33 [restartedMain] INFO  - Trying to find Dozer configuration file: dozer.properties
2022-04-26 08:21:33 [restartedMain] INFO  - Failed to find dozer.properties via com.github.dozermapper.core.config.resolvers.LegacyPropertiesSettingsResolver.
2022-04-26 08:21:33 [restartedMain] INFO  - Using URL [cjDefaultDozerBeanMapping.xml] to load custom xml mappings
2022-04-26 08:21:33 [restartedMain] INFO  - Trying to resolve XML entity with public ID [null] and system ID [http://dozermapper.github.io/schema/bean-mapping.xsd]
2022-04-26 08:21:33 [restartedMain] INFO  - Resolved public ID [null] and system ID [http://dozermapper.github.io/schema/bean-mapping.xsd]
2022-04-26 08:21:33 [restartedMain] INFO  - Successfully loaded custom xml mapping.
2022-04-26 08:21:33 [restartedMain] INFO  - Initializing Dozer. Version: 6.4.0, Thread Name: restartedMain
2022-04-26 08:21:33 [restartedMain] INFO  - Trying to find Dozer configuration file: dozer.properties
2022-04-26 08:21:33 [restartedMain] INFO  - Failed to find dozer.properties via com.github.dozermapper.core.config.resolvers.LegacyPropertiesSettingsResolver.
2022-04-26 08:21:33 [restartedMain] INFO  - LiveReload server is running on port 35729
2022-04-26 08:21:33 [restartedMain] INFO  - Exposing 1 endpoint(s) beneath base path '/actuator'
2022-04-26 08:21:33 [restartedMain] INFO  - Starting ProtocolHandler ["http-nio-9110"]
2022-04-26 08:21:33 [restartedMain] INFO  - Tomcat started on port(s): 9110 (http) with context path ''
2022-04-26 08:21:33 [restartedMain] INFO  - Started CJRabbitMQProducer9110 in 0.433 seconds (JVM running for 492.379)
2022-04-26 08:21:33 [restartedMain] INFO  - Condition evaluation unchanged
2022-04-26 08:21:35 [restartedMain] INFO  - Starting CJRabbitMQProducer9110 using Java 1.8.0_161 on NS-20200706KEOF with PID 9388 (E:\java\cjProject\cj-springboot-all\rabbitmq-producer9110\target\classes started by Administrator in E:\java\cjProject\cj-springboot-all)
2022-04-26 08:21:35 [restartedMain] INFO  - The following profiles are active: dev
2022-04-26 08:21:35 [restartedMain] INFO  - Tomcat initialized with port(s): 9110 (http)
2022-04-26 08:21:35 [restartedMain] INFO  - Initializing ProtocolHandler ["http-nio-9110"]
2022-04-26 08:21:35 [restartedMain] INFO  - Starting service [Tomcat]
2022-04-26 08:21:35 [restartedMain] INFO  - Starting Servlet engine: [Apache Tomcat/9.0.56]
2022-04-26 08:21:35 [restartedMain] INFO  - Initializing Spring embedded WebApplicationContext
2022-04-26 08:21:35 [restartedMain] INFO  - Root WebApplicationContext: initialization completed in 173 ms
2022-04-26 08:21:35 [restartedMain] INFO  - Initializing Dozer. Version: 6.4.0, Thread Name: restartedMain
2022-04-26 08:21:35 [restartedMain] INFO  - Trying to find Dozer configuration file: dozer.properties
2022-04-26 08:21:35 [restartedMain] INFO  - Failed to find dozer.properties via com.github.dozermapper.core.config.resolvers.LegacyPropertiesSettingsResolver.
2022-04-26 08:21:35 [restartedMain] INFO  - Using URL [cjDefaultDozerBeanMapping.xml] to load custom xml mappings
2022-04-26 08:21:35 [restartedMain] INFO  - Trying to resolve XML entity with public ID [null] and system ID [http://dozermapper.github.io/schema/bean-mapping.xsd]
2022-04-26 08:21:35 [restartedMain] INFO  - Resolved public ID [null] and system ID [http://dozermapper.github.io/schema/bean-mapping.xsd]
2022-04-26 08:21:35 [restartedMain] INFO  - Successfully loaded custom xml mapping.
2022-04-26 08:21:35 [restartedMain] INFO  - Initializing Dozer. Version: 6.4.0, Thread Name: restartedMain
2022-04-26 08:21:35 [restartedMain] INFO  - Trying to find Dozer configuration file: dozer.properties
2022-04-26 08:21:35 [restartedMain] INFO  - Failed to find dozer.properties via com.github.dozermapper.core.config.resolvers.LegacyPropertiesSettingsResolver.
2022-04-26 08:21:35 [restartedMain] INFO  - LiveReload server is running on port 35729
2022-04-26 08:21:35 [restartedMain] INFO  - Exposing 1 endpoint(s) beneath base path '/actuator'
2022-04-26 08:21:35 [restartedMain] INFO  - Starting ProtocolHandler ["http-nio-9110"]
2022-04-26 08:21:35 [restartedMain] INFO  - Tomcat started on port(s): 9110 (http) with context path ''
2022-04-26 08:21:35 [restartedMain] INFO  - Started CJRabbitMQProducer9110 in 0.341 seconds (JVM running for 494.307)
2022-04-26 08:21:35 [restartedMain] INFO  - Condition evaluation unchanged
2022-04-26 08:22:52 [restartedMain] INFO  - Starting CJRabbitMQProducer9110 using Java 1.8.0_161 on NS-20200706KEOF with PID 9388 (E:\java\cjProject\cj-springboot-all\rabbitmq-producer9110\target\classes started by Administrator in E:\java\cjProject\cj-springboot-all)
2022-04-26 08:22:52 [restartedMain] INFO  - The following profiles are active: dev
2022-04-26 08:22:52 [restartedMain] ERROR - Application run failed
java.lang.ArrayStoreException: sun.reflect.annotation.TypeNotPresentExceptionProxy
	at sun.reflect.annotation.AnnotationParser.parseClassArray(AnnotationParser.java:724)
	at sun.reflect.annotation.AnnotationParser.parseArray(AnnotationParser.java:531)
	at sun.reflect.annotation.AnnotationParser.parseMemberValue(AnnotationParser.java:355)
	at sun.reflect.annotation.AnnotationParser.parseAnnotation2(AnnotationParser.java:286)
	at sun.reflect.annotation.AnnotationParser.parseAnnotations2(AnnotationParser.java:120)
	at sun.reflect.annotation.AnnotationParser.parseAnnotations(AnnotationParser.java:72)
	at java.lang.Class.createAnnotationData(Class.java:3521)
	at java.lang.Class.annotationData(Class.java:3510)
	at java.lang.Class.getDeclaredAnnotations(Class.java:3477)
	at org.springframework.core.annotation.AnnotationsScanner.getDeclaredAnnotations(AnnotationsScanner.java:454)
	at org.springframework.core.annotation.AnnotationsScanner.isKnownEmpty(AnnotationsScanner.java:492)
	at org.springframework.core.annotation.TypeMappedAnnotations.from(TypeMappedAnnotations.java:251)
	at org.springframework.core.annotation.MergedAnnotations.from(MergedAnnotations.java:351)
	at org.springframework.core.annotation.MergedAnnotations.from(MergedAnnotations.java:330)
	at org.springframework.core.type.StandardAnnotationMetadata.<init>(StandardAnnotationMetadata.java:86)
	at org.springframework.core.type.StandardAnnotationMetadata.from(StandardAnnotationMetadata.java:175)
	at org.springframework.core.type.AnnotationMetadata.introspect(AnnotationMetadata.java:127)
	at org.springframework.beans.factory.annotation.AnnotatedGenericBeanDefinition.<init>(AnnotatedGenericBeanDefinition.java:58)
	at org.springframework.context.annotation.AnnotatedBeanDefinitionReader.doRegisterBean(AnnotatedBeanDefinitionReader.java:253)
	at org.springframework.context.annotation.AnnotatedBeanDefinitionReader.registerBean(AnnotatedBeanDefinitionReader.java:147)
	at org.springframework.context.annotation.AnnotatedBeanDefinitionReader.register(AnnotatedBeanDefinitionReader.java:137)
	at org.springframework.boot.BeanDefinitionLoader.load(BeanDefinitionLoader.java:168)
	at org.springframework.boot.BeanDefinitionLoader.load(BeanDefinitionLoader.java:143)
	at org.springframework.boot.BeanDefinitionLoader.load(BeanDefinitionLoader.java:136)
	at org.springframework.boot.SpringApplication.load(SpringApplication.java:712)
	at org.springframework.boot.SpringApplication.prepareContext(SpringApplication.java:439)
	at org.springframework.boot.SpringApplication.run(SpringApplication.java:337)
	at org.springframework.boot.SpringApplication.run(SpringApplication.java:1356)
	at org.springframework.boot.SpringApplication.run(SpringApplication.java:1345)
	at cj.springboot2.producer.CJRabbitMQProducer9110.main(CJRabbitMQProducer9110.java:12)
	at sun.reflect.NativeMethodAccessorImpl.invoke0(Native Method)
	at sun.reflect.NativeMethodAccessorImpl.invoke(NativeMethodAccessorImpl.java:62)
	at sun.reflect.DelegatingMethodAccessorImpl.invoke(DelegatingMethodAccessorImpl.java:43)
	at java.lang.reflect.Method.invoke(Method.java:498)
	at org.springframework.boot.devtools.restart.RestartLauncher.run(RestartLauncher.java:49)
2022-04-26 08:22:53 [restartedMain] INFO  - Starting CJRabbitMQProducer9110 using Java 1.8.0_161 on NS-20200706KEOF with PID 9388 (E:\java\cjProject\cj-springboot-all\rabbitmq-producer9110\target\classes started by Administrator in E:\java\cjProject\cj-springboot-all)
2022-04-26 08:22:53 [restartedMain] INFO  - The following profiles are active: dev
2022-04-26 08:22:53 [restartedMain] INFO  - Tomcat initialized with port(s): 9110 (http)
2022-04-26 08:22:53 [restartedMain] INFO  - Initializing ProtocolHandler ["http-nio-9110"]
2022-04-26 08:22:53 [restartedMain] INFO  - Starting service [Tomcat]
2022-04-26 08:22:53 [restartedMain] INFO  - Starting Servlet engine: [Apache Tomcat/9.0.56]
2022-04-26 08:22:53 [restartedMain] INFO  - Initializing Spring embedded WebApplicationContext
2022-04-26 08:22:53 [restartedMain] INFO  - Root WebApplicationContext: initialization completed in 248 ms
2022-04-26 08:22:53 [restartedMain] INFO  - Initializing Dozer. Version: 6.4.0, Thread Name: restartedMain
2022-04-26 08:22:53 [restartedMain] INFO  - Trying to find Dozer configuration file: dozer.properties
2022-04-26 08:22:53 [restartedMain] INFO  - Failed to find dozer.properties via com.github.dozermapper.core.config.resolvers.LegacyPropertiesSettingsResolver.
2022-04-26 08:22:53 [restartedMain] INFO  - Using URL [cjDefaultDozerBeanMapping.xml] to load custom xml mappings
2022-04-26 08:22:53 [restartedMain] INFO  - Trying to resolve XML entity with public ID [null] and system ID [http://dozermapper.github.io/schema/bean-mapping.xsd]
2022-04-26 08:22:53 [restartedMain] INFO  - Resolved public ID [null] and system ID [http://dozermapper.github.io/schema/bean-mapping.xsd]
2022-04-26 08:22:53 [restartedMain] INFO  - Successfully loaded custom xml mapping.
2022-04-26 08:22:53 [restartedMain] INFO  - Initializing Dozer. Version: 6.4.0, Thread Name: restartedMain
2022-04-26 08:22:53 [restartedMain] INFO  - Trying to find Dozer configuration file: dozer.properties
2022-04-26 08:22:53 [restartedMain] INFO  - Failed to find dozer.properties via com.github.dozermapper.core.config.resolvers.LegacyPropertiesSettingsResolver.
2022-04-26 08:22:53 [restartedMain] INFO  - LiveReload server is running on port 35729
2022-04-26 08:22:53 [restartedMain] INFO  - Exposing 1 endpoint(s) beneath base path '/actuator'
2022-04-26 08:22:53 [restartedMain] INFO  - Starting ProtocolHandler ["http-nio-9110"]
2022-04-26 08:22:53 [restartedMain] INFO  - Tomcat started on port(s): 9110 (http) with context path ''
2022-04-26 08:22:53 [restartedMain] INFO  - Started CJRabbitMQProducer9110 in 0.417 seconds (JVM running for 572.931)
2022-04-26 08:22:53 [restartedMain] INFO  - Condition evaluation unchanged
2022-04-26 08:23:03 [http-nio-9110-exec-1] INFO  - Initializing Spring DispatcherServlet 'dispatcherServlet'
2022-04-26 08:23:03 [http-nio-9110-exec-1] INFO  - Initializing Servlet 'dispatcherServlet'
2022-04-26 08:23:03 [http-nio-9110-exec-1] INFO  - Completed initialization in 0 ms
2022-04-26 08:27:23 [restartedMain] INFO  - Starting CJRabbitMQProducer9110 using Java 1.8.0_161 on NS-20200706KEOF with PID 9388 (E:\java\cjProject\cj-springboot-all\rabbitmq-producer9110\target\classes started by Administrator in E:\java\cjProject\cj-springboot-all)
2022-04-26 08:27:23 [restartedMain] INFO  - The following profiles are active: dev
2022-04-26 08:27:23 [restartedMain] INFO  - Tomcat initialized with port(s): 9110 (http)
2022-04-26 08:27:23 [restartedMain] INFO  - Initializing ProtocolHandler ["http-nio-9110"]
2022-04-26 08:27:23 [restartedMain] INFO  - Starting service [Tomcat]
2022-04-26 08:27:23 [restartedMain] INFO  - Starting Servlet engine: [Apache Tomcat/9.0.56]
2022-04-26 08:27:23 [restartedMain] INFO  - Initializing Spring embedded WebApplicationContext
2022-04-26 08:27:23 [restartedMain] INFO  - Root WebApplicationContext: initialization completed in 424 ms
2022-04-26 08:27:23 [restartedMain] INFO  - Initializing Dozer. Version: 6.4.0, Thread Name: restartedMain
2022-04-26 08:27:23 [restartedMain] INFO  - Trying to find Dozer configuration file: dozer.properties
2022-04-26 08:27:23 [restartedMain] INFO  - Failed to find dozer.properties via com.github.dozermapper.core.config.resolvers.LegacyPropertiesSettingsResolver.
2022-04-26 08:27:23 [restartedMain] INFO  - Using URL [cjDefaultDozerBeanMapping.xml] to load custom xml mappings
2022-04-26 08:27:23 [restartedMain] INFO  - Trying to resolve XML entity with public ID [null] and system ID [http://dozermapper.github.io/schema/bean-mapping.xsd]
2022-04-26 08:27:23 [restartedMain] INFO  - Resolved public ID [null] and system ID [http://dozermapper.github.io/schema/bean-mapping.xsd]
2022-04-26 08:27:23 [restartedMain] INFO  - Successfully loaded custom xml mapping.
2022-04-26 08:27:23 [restartedMain] INFO  - Initializing Dozer. Version: 6.4.0, Thread Name: restartedMain
2022-04-26 08:27:23 [restartedMain] INFO  - Trying to find Dozer configuration file: dozer.properties
2022-04-26 08:27:23 [restartedMain] INFO  - Failed to find dozer.properties via com.github.dozermapper.core.config.resolvers.LegacyPropertiesSettingsResolver.
2022-04-26 08:27:23 [restartedMain] INFO  - LiveReload server is running on port 35729
2022-04-26 08:27:23 [restartedMain] INFO  - Exposing 1 endpoint(s) beneath base path '/actuator'
2022-04-26 08:27:23 [restartedMain] INFO  - Starting ProtocolHandler ["http-nio-9110"]
2022-04-26 08:27:23 [restartedMain] INFO  - Tomcat started on port(s): 9110 (http) with context path ''
2022-04-26 08:27:23 [restartedMain] INFO  - Started CJRabbitMQProducer9110 in 0.753 seconds (JVM running for 842.891)
2022-04-26 08:27:23 [restartedMain] INFO  - Condition evaluation unchanged
2022-04-26 08:27:25 [restartedMain] INFO  - Starting CJRabbitMQProducer9110 using Java 1.8.0_161 on NS-20200706KEOF with PID 9388 (E:\java\cjProject\cj-springboot-all\rabbitmq-producer9110\target\classes started by Administrator in E:\java\cjProject\cj-springboot-all)
2022-04-26 08:27:25 [restartedMain] INFO  - The following profiles are active: dev
2022-04-26 08:27:25 [restartedMain] INFO  - Tomcat initialized with port(s): 9110 (http)
2022-04-26 08:27:25 [restartedMain] INFO  - Initializing ProtocolHandler ["http-nio-9110"]
2022-04-26 08:27:25 [restartedMain] INFO  - Starting service [Tomcat]
2022-04-26 08:27:25 [restartedMain] INFO  - Starting Servlet engine: [Apache Tomcat/9.0.56]
2022-04-26 08:27:25 [restartedMain] INFO  - Initializing Spring embedded WebApplicationContext
2022-04-26 08:27:25 [restartedMain] INFO  - Root WebApplicationContext: initialization completed in 183 ms
2022-04-26 08:27:25 [restartedMain] INFO  - Initializing Dozer. Version: 6.4.0, Thread Name: restartedMain
2022-04-26 08:27:25 [restartedMain] INFO  - Trying to find Dozer configuration file: dozer.properties
2022-04-26 08:27:25 [restartedMain] INFO  - Failed to find dozer.properties via com.github.dozermapper.core.config.resolvers.LegacyPropertiesSettingsResolver.
2022-04-26 08:27:25 [restartedMain] INFO  - Using URL [cjDefaultDozerBeanMapping.xml] to load custom xml mappings
2022-04-26 08:27:25 [restartedMain] INFO  - Trying to resolve XML entity with public ID [null] and system ID [http://dozermapper.github.io/schema/bean-mapping.xsd]
2022-04-26 08:27:25 [restartedMain] INFO  - Resolved public ID [null] and system ID [http://dozermapper.github.io/schema/bean-mapping.xsd]
2022-04-26 08:27:25 [restartedMain] INFO  - Successfully loaded custom xml mapping.
2022-04-26 08:27:25 [restartedMain] INFO  - Initializing Dozer. Version: 6.4.0, Thread Name: restartedMain
2022-04-26 08:27:25 [restartedMain] INFO  - Trying to find Dozer configuration file: dozer.properties
2022-04-26 08:27:25 [restartedMain] INFO  - Failed to find dozer.properties via com.github.dozermapper.core.config.resolvers.LegacyPropertiesSettingsResolver.
2022-04-26 08:27:25 [restartedMain] INFO  - LiveReload server is running on port 35729
2022-04-26 08:27:25 [restartedMain] INFO  - Exposing 1 endpoint(s) beneath base path '/actuator'
2022-04-26 08:27:25 [restartedMain] INFO  - Starting ProtocolHandler ["http-nio-9110"]
2022-04-26 08:27:25 [restartedMain] INFO  - Tomcat started on port(s): 9110 (http) with context path ''
2022-04-26 08:27:25 [restartedMain] INFO  - Started CJRabbitMQProducer9110 in 0.356 seconds (JVM running for 844.838)
2022-04-26 08:27:25 [restartedMain] INFO  - Condition evaluation unchanged
2022-04-26 08:27:36 [http-nio-9110-exec-1] INFO  - Initializing Spring DispatcherServlet 'dispatcherServlet'
2022-04-26 08:27:36 [http-nio-9110-exec-1] INFO  - Initializing Servlet 'dispatcherServlet'
2022-04-26 08:27:36 [http-nio-9110-exec-1] INFO  - Completed initialization in 1 ms
2022-04-26 08:27:36 [http-nio-9110-exec-1] INFO  - Producer message send time: Tue Apr 26 08:27:36 CST 2022,发送的消息: nihao中国
2022-04-26 08:27:36 [http-nio-9110-exec-1] INFO  - Attempting to connect to: [localhost:5672]
2022-04-26 08:27:40 [http-nio-9110-exec-1] ERROR - Servlet.service() for servlet [dispatcherServlet] in context with path [] threw exception [Request processing failed; nested exception is org.springframework.amqp.AmqpConnectException: java.net.ConnectException: Connection refused: connect] with root cause
java.net.ConnectException: Connection refused: connect
	at java.net.DualStackPlainSocketImpl.waitForConnect(Native Method)
	at java.net.DualStackPlainSocketImpl.socketConnect(DualStackPlainSocketImpl.java:85)
	at java.net.AbstractPlainSocketImpl.doConnect(AbstractPlainSocketImpl.java:350)
	at java.net.AbstractPlainSocketImpl.connectToAddress(AbstractPlainSocketImpl.java:206)
	at java.net.AbstractPlainSocketImpl.connect(AbstractPlainSocketImpl.java:188)
	at java.net.PlainSocketImpl.connect(PlainSocketImpl.java:172)
	at java.net.SocksSocketImpl.connect(SocksSocketImpl.java:392)
	at java.net.Socket.connect(Socket.java:589)
	at com.rabbitmq.client.impl.SocketFrameHandlerFactory.create(SocketFrameHandlerFactory.java:60)
	at com.rabbitmq.client.ConnectionFactory.newConnection(ConnectionFactory.java:1220)
	at com.rabbitmq.client.ConnectionFactory.newConnection(ConnectionFactory.java:1170)
	at org.springframework.amqp.rabbit.connection.AbstractConnectionFactory.connectAddresses(AbstractConnectionFactory.java:640)
	at org.springframework.amqp.rabbit.connection.AbstractConnectionFactory.connect(AbstractConnectionFactory.java:615)
	at org.springframework.amqp.rabbit.connection.AbstractConnectionFactory.createBareConnection(AbstractConnectionFactory.java:565)
	at org.springframework.amqp.rabbit.connection.CachingConnectionFactory.createConnection(CachingConnectionFactory.java:724)
	at org.springframework.amqp.rabbit.connection.ConnectionFactoryUtils.createConnection(ConnectionFactoryUtils.java:252)
	at org.springframework.amqp.rabbit.core.RabbitTemplate.doExecute(RabbitTemplate.java:2175)
	at org.springframework.amqp.rabbit.core.RabbitTemplate.execute(RabbitTemplate.java:2148)
	at org.springframework.amqp.rabbit.core.RabbitTemplate.send(RabbitTemplate.java:1075)
	at org.springframework.amqp.rabbit.core.RabbitTemplate.convertAndSend(RabbitTemplate.java:1140)
	at org.springframework.amqp.rabbit.core.RabbitTemplate.convertAndSend(RabbitTemplate.java:1133)
	at cj.springboot2.producer.controller.CJRabbitMQProducer.sendMsg(CJRabbitMQProducer.java:40)
	at sun.reflect.NativeMethodAccessorImpl.invoke0(Native Method)
	at sun.reflect.NativeMethodAccessorImpl.invoke(NativeMethodAccessorImpl.java:62)
	at sun.reflect.DelegatingMethodAccessorImpl.invoke(DelegatingMethodAccessorImpl.java:43)
	at java.lang.reflect.Method.invoke(Method.java:498)
	at org.springframework.web.method.support.InvocableHandlerMethod.doInvoke(InvocableHandlerMethod.java:205)
	at org.springframework.web.method.support.InvocableHandlerMethod.invokeForRequest(InvocableHandlerMethod.java:150)
	at org.springframework.web.servlet.mvc.method.annotation.ServletInvocableHandlerMethod.invokeAndHandle(ServletInvocableHandlerMethod.java:117)
	at org.springframework.web.servlet.mvc.method.annotation.RequestMappingHandlerAdapter.invokeHandlerMethod(RequestMappingHandlerAdapter.java:895)
	at org.springframework.web.servlet.mvc.method.annotation.RequestMappingHandlerAdapter.handleInternal(RequestMappingHandlerAdapter.java:808)
	at org.springframework.web.servlet.mvc.method.AbstractHandlerMethodAdapter.handle(AbstractHandlerMethodAdapter.java:87)
	at org.springframework.web.servlet.DispatcherServlet.doDispatch(DispatcherServlet.java:1067)
	at org.springframework.web.servlet.DispatcherServlet.doService(DispatcherServlet.java:963)
	at org.springframework.web.servlet.FrameworkServlet.processRequest(FrameworkServlet.java:1006)
	at org.springframework.web.servlet.FrameworkServlet.doGet(FrameworkServlet.java:898)
	at javax.servlet.http.HttpServlet.service(HttpServlet.java:655)
	at org.springframework.web.servlet.FrameworkServlet.service(FrameworkServlet.java:883)
	at javax.servlet.http.HttpServlet.service(HttpServlet.java:764)
	at org.apache.catalina.core.ApplicationFilterChain.internalDoFilter(ApplicationFilterChain.java:227)
	at org.apache.catalina.core.ApplicationFilterChain.doFilter(ApplicationFilterChain.java:162)
	at org.apache.tomcat.websocket.server.WsFilter.doFilter(WsFilter.java:53)
	at org.apache.catalina.core.ApplicationFilterChain.internalDoFilter(ApplicationFilterChain.java:189)
	at org.apache.catalina.core.ApplicationFilterChain.doFilter(ApplicationFilterChain.java:162)
	at org.springframework.web.filter.RequestContextFilter.doFilterInternal(RequestContextFilter.java:100)
	at org.springframework.web.filter.OncePerRequestFilter.doFilter(OncePerRequestFilter.java:117)
	at org.apache.catalina.core.ApplicationFilterChain.internalDoFilter(ApplicationFilterChain.java:189)
	at org.apache.catalina.core.ApplicationFilterChain.doFilter(ApplicationFilterChain.java:162)
	at org.springframework.web.filter.FormContentFilter.doFilterInternal(FormContentFilter.java:93)
	at org.springframework.web.filter.OncePerRequestFilter.doFilter(OncePerRequestFilter.java:117)
	at org.apache.catalina.core.ApplicationFilterChain.internalDoFilter(ApplicationFilterChain.java:189)
	at org.apache.catalina.core.ApplicationFilterChain.doFilter(ApplicationFilterChain.java:162)
	at org.springframework.boot.actuate.metrics.web.servlet.WebMvcMetricsFilter.doFilterInternal(WebMvcMetricsFilter.java:96)
	at org.springframework.web.filter.OncePerRequestFilter.doFilter(OncePerRequestFilter.java:117)
	at org.apache.catalina.core.ApplicationFilterChain.internalDoFilter(ApplicationFilterChain.java:189)
	at org.apache.catalina.core.ApplicationFilterChain.doFilter(ApplicationFilterChain.java:162)
	at org.springframework.web.filter.CharacterEncodingFilter.doFilterInternal(CharacterEncodingFilter.java:201)
	at org.springframework.web.filter.OncePerRequestFilter.doFilter(OncePerRequestFilter.java:117)
	at org.apache.catalina.core.ApplicationFilterChain.internalDoFilter(ApplicationFilterChain.java:189)
	at org.apache.catalina.core.ApplicationFilterChain.doFilter(ApplicationFilterChain.java:162)
	at org.apache.catalina.core.StandardWrapperValve.invoke(StandardWrapperValve.java:197)
	at org.apache.catalina.core.StandardContextValve.invoke(StandardContextValve.java:97)
	at org.apache.catalina.authenticator.AuthenticatorBase.invoke(AuthenticatorBase.java:540)
	at org.apache.catalina.core.StandardHostValve.invoke(StandardHostValve.java:135)
	at org.apache.catalina.valves.ErrorReportValve.invoke(ErrorReportValve.java:92)
	at org.apache.catalina.core.StandardEngineValve.invoke(StandardEngineValve.java:78)
	at org.apache.catalina.connector.CoyoteAdapter.service(CoyoteAdapter.java:357)
	at org.apache.coyote.http11.Http11Processor.service(Http11Processor.java:382)
	at org.apache.coyote.AbstractProcessorLight.process(AbstractProcessorLight.java:65)
	at org.apache.coyote.AbstractProtocol$ConnectionHandler.process(AbstractProtocol.java:895)
	at org.apache.tomcat.util.net.NioEndpoint$SocketProcessor.doRun(NioEndpoint.java:1732)
	at org.apache.tomcat.util.net.SocketProcessorBase.run(SocketProcessorBase.java:49)
	at org.apache.tomcat.util.threads.ThreadPoolExecutor.runWorker(ThreadPoolExecutor.java:1191)
	at org.apache.tomcat.util.threads.ThreadPoolExecutor$Worker.run(ThreadPoolExecutor.java:659)
	at org.apache.tomcat.util.threads.TaskThread$WrappingRunnable.run(TaskThread.java:61)
	at java.lang.Thread.run(Thread.java:748)
2022-04-26 08:28:01 [http-nio-9110-exec-3] INFO  - Producer message send time: Tue Apr 26 08:28:01 CST 2022,发送的消息: nihao中国
2022-04-26 08:28:01 [http-nio-9110-exec-3] INFO  - Attempting to connect to: [localhost:5672]
2022-04-26 08:28:05 [http-nio-9110-exec-3] ERROR - Servlet.service() for servlet [dispatcherServlet] in context with path [] threw exception [Request processing failed; nested exception is org.springframework.amqp.AmqpConnectException: java.net.ConnectException: Connection refused: connect] with root cause
java.net.ConnectException: Connection refused: connect
	at java.net.DualStackPlainSocketImpl.waitForConnect(Native Method)
	at java.net.DualStackPlainSocketImpl.socketConnect(DualStackPlainSocketImpl.java:85)
	at java.net.AbstractPlainSocketImpl.doConnect(AbstractPlainSocketImpl.java:350)
	at java.net.AbstractPlainSocketImpl.connectToAddress(AbstractPlainSocketImpl.java:206)
	at java.net.AbstractPlainSocketImpl.connect(AbstractPlainSocketImpl.java:188)
	at java.net.PlainSocketImpl.connect(PlainSocketImpl.java:172)
	at java.net.SocksSocketImpl.connect(SocksSocketImpl.java:392)
	at java.net.Socket.connect(Socket.java:589)
	at com.rabbitmq.client.impl.SocketFrameHandlerFactory.create(SocketFrameHandlerFactory.java:60)
	at com.rabbitmq.client.ConnectionFactory.newConnection(ConnectionFactory.java:1220)
	at com.rabbitmq.client.ConnectionFactory.newConnection(ConnectionFactory.java:1170)
	at org.springframework.amqp.rabbit.connection.AbstractConnectionFactory.connectAddresses(AbstractConnectionFactory.java:640)
	at org.springframework.amqp.rabbit.connection.AbstractConnectionFactory.connect(AbstractConnectionFactory.java:615)
	at org.springframework.amqp.rabbit.connection.AbstractConnectionFactory.createBareConnection(AbstractConnectionFactory.java:565)
	at org.springframework.amqp.rabbit.connection.CachingConnectionFactory.createConnection(CachingConnectionFactory.java:724)
	at org.springframework.amqp.rabbit.connection.ConnectionFactoryUtils.createConnection(ConnectionFactoryUtils.java:252)
	at org.springframework.amqp.rabbit.core.RabbitTemplate.doExecute(RabbitTemplate.java:2175)
	at org.springframework.amqp.rabbit.core.RabbitTemplate.execute(RabbitTemplate.java:2148)
	at org.springframework.amqp.rabbit.core.RabbitTemplate.send(RabbitTemplate.java:1075)
	at org.springframework.amqp.rabbit.core.RabbitTemplate.convertAndSend(RabbitTemplate.java:1140)
	at org.springframework.amqp.rabbit.core.RabbitTemplate.convertAndSend(RabbitTemplate.java:1133)
	at cj.springboot2.producer.controller.CJRabbitMQProducer.sendMsg(CJRabbitMQProducer.java:40)
	at sun.reflect.NativeMethodAccessorImpl.invoke0(Native Method)
	at sun.reflect.NativeMethodAccessorImpl.invoke(NativeMethodAccessorImpl.java:62)
	at sun.reflect.DelegatingMethodAccessorImpl.invoke(DelegatingMethodAccessorImpl.java:43)
	at java.lang.reflect.Method.invoke(Method.java:498)
	at org.springframework.web.method.support.InvocableHandlerMethod.doInvoke(InvocableHandlerMethod.java:205)
	at org.springframework.web.method.support.InvocableHandlerMethod.invokeForRequest(InvocableHandlerMethod.java:150)
	at org.springframework.web.servlet.mvc.method.annotation.ServletInvocableHandlerMethod.invokeAndHandle(ServletInvocableHandlerMethod.java:117)
	at org.springframework.web.servlet.mvc.method.annotation.RequestMappingHandlerAdapter.invokeHandlerMethod(RequestMappingHandlerAdapter.java:895)
	at org.springframework.web.servlet.mvc.method.annotation.RequestMappingHandlerAdapter.handleInternal(RequestMappingHandlerAdapter.java:808)
	at org.springframework.web.servlet.mvc.method.AbstractHandlerMethodAdapter.handle(AbstractHandlerMethodAdapter.java:87)
	at org.springframework.web.servlet.DispatcherServlet.doDispatch(DispatcherServlet.java:1067)
	at org.springframework.web.servlet.DispatcherServlet.doService(DispatcherServlet.java:963)
	at org.springframework.web.servlet.FrameworkServlet.processRequest(FrameworkServlet.java:1006)
	at org.springframework.web.servlet.FrameworkServlet.doGet(FrameworkServlet.java:898)
	at javax.servlet.http.HttpServlet.service(HttpServlet.java:655)
	at org.springframework.web.servlet.FrameworkServlet.service(FrameworkServlet.java:883)
	at javax.servlet.http.HttpServlet.service(HttpServlet.java:764)
	at org.apache.catalina.core.ApplicationFilterChain.internalDoFilter(ApplicationFilterChain.java:227)
	at org.apache.catalina.core.ApplicationFilterChain.doFilter(ApplicationFilterChain.java:162)
	at org.apache.tomcat.websocket.server.WsFilter.doFilter(WsFilter.java:53)
	at org.apache.catalina.core.ApplicationFilterChain.internalDoFilter(ApplicationFilterChain.java:189)
	at org.apache.catalina.core.ApplicationFilterChain.doFilter(ApplicationFilterChain.java:162)
	at org.springframework.web.filter.RequestContextFilter.doFilterInternal(RequestContextFilter.java:100)
	at org.springframework.web.filter.OncePerRequestFilter.doFilter(OncePerRequestFilter.java:117)
	at org.apache.catalina.core.ApplicationFilterChain.internalDoFilter(ApplicationFilterChain.java:189)
	at org.apache.catalina.core.ApplicationFilterChain.doFilter(ApplicationFilterChain.java:162)
	at org.springframework.web.filter.FormContentFilter.doFilterInternal(FormContentFilter.java:93)
	at org.springframework.web.filter.OncePerRequestFilter.doFilter(OncePerRequestFilter.java:117)
	at org.apache.catalina.core.ApplicationFilterChain.internalDoFilter(ApplicationFilterChain.java:189)
	at org.apache.catalina.core.ApplicationFilterChain.doFilter(ApplicationFilterChain.java:162)
	at org.springframework.boot.actuate.metrics.web.servlet.WebMvcMetricsFilter.doFilterInternal(WebMvcMetricsFilter.java:96)
	at org.springframework.web.filter.OncePerRequestFilter.doFilter(OncePerRequestFilter.java:117)
	at org.apache.catalina.core.ApplicationFilterChain.internalDoFilter(ApplicationFilterChain.java:189)
	at org.apache.catalina.core.ApplicationFilterChain.doFilter(ApplicationFilterChain.java:162)
	at org.springframework.web.filter.CharacterEncodingFilter.doFilterInternal(CharacterEncodingFilter.java:201)
	at org.springframework.web.filter.OncePerRequestFilter.doFilter(OncePerRequestFilter.java:117)
	at org.apache.catalina.core.ApplicationFilterChain.internalDoFilter(ApplicationFilterChain.java:189)
	at org.apache.catalina.core.ApplicationFilterChain.doFilter(ApplicationFilterChain.java:162)
	at org.apache.catalina.core.StandardWrapperValve.invoke(StandardWrapperValve.java:197)
	at org.apache.catalina.core.StandardContextValve.invoke(StandardContextValve.java:97)
	at org.apache.catalina.authenticator.AuthenticatorBase.invoke(AuthenticatorBase.java:540)
	at org.apache.catalina.core.StandardHostValve.invoke(StandardHostValve.java:135)
	at org.apache.catalina.valves.ErrorReportValve.invoke(ErrorReportValve.java:92)
	at org.apache.catalina.core.StandardEngineValve.invoke(StandardEngineValve.java:78)
	at org.apache.catalina.connector.CoyoteAdapter.service(CoyoteAdapter.java:357)
	at org.apache.coyote.http11.Http11Processor.service(Http11Processor.java:382)
	at org.apache.coyote.AbstractProcessorLight.process(AbstractProcessorLight.java:65)
	at org.apache.coyote.AbstractProtocol$ConnectionHandler.process(AbstractProtocol.java:895)
	at org.apache.tomcat.util.net.NioEndpoint$SocketProcessor.doRun(NioEndpoint.java:1732)
	at org.apache.tomcat.util.net.SocketProcessorBase.run(SocketProcessorBase.java:49)
	at org.apache.tomcat.util.threads.ThreadPoolExecutor.runWorker(ThreadPoolExecutor.java:1191)
	at org.apache.tomcat.util.threads.ThreadPoolExecutor$Worker.run(ThreadPoolExecutor.java:659)
	at org.apache.tomcat.util.threads.TaskThread$WrappingRunnable.run(TaskThread.java:61)
	at java.lang.Thread.run(Thread.java:748)
2022-04-26 08:28:14 [restartedMain] INFO  - Starting CJRabbitMQProducer9110 using Java 1.8.0_161 on NS-20200706KEOF with PID 30932 (E:\java\cjProject\cj-springboot-all\rabbitmq-producer9110\target\classes started by Administrator in E:\java\cjProject\cj-springboot-all)
2022-04-26 08:28:14 [restartedMain] INFO  - The following profiles are active: dev
2022-04-26 08:28:14 [restartedMain] INFO  - Devtools property defaults active! Set 'spring.devtools.add-properties' to 'false' to disable
2022-04-26 08:28:14 [restartedMain] INFO  - For additional web related logging consider setting the 'logging.level.web' property to 'DEBUG'
2022-04-26 08:28:15 [restartedMain] INFO  - Tomcat initialized with port(s): 9110 (http)
2022-04-26 08:28:15 [restartedMain] INFO  - Initializing ProtocolHandler ["http-nio-9110"]
2022-04-26 08:28:15 [restartedMain] INFO  - Starting service [Tomcat]
2022-04-26 08:28:15 [restartedMain] INFO  - Starting Servlet engine: [Apache Tomcat/9.0.56]
2022-04-26 08:28:15 [restartedMain] INFO  - Initializing Spring embedded WebApplicationContext
2022-04-26 08:28:15 [restartedMain] INFO  - Root WebApplicationContext: initialization completed in 922 ms
2022-04-26 08:28:16 [restartedMain] INFO  - Initializing Dozer. Version: 6.4.0, Thread Name: restartedMain
2022-04-26 08:28:16 [restartedMain] INFO  - OSGi support is false
2022-04-26 08:28:16 [restartedMain] INFO  - Trying to find Dozer configuration file: dozer.properties
2022-04-26 08:28:16 [restartedMain] INFO  - Failed to find dozer.properties via com.github.dozermapper.core.config.resolvers.LegacyPropertiesSettingsResolver.
2022-04-26 08:28:16 [restartedMain] INFO  - Using URL [cjDefaultDozerBeanMapping.xml] to load custom xml mappings
2022-04-26 08:28:16 [restartedMain] INFO  - Trying to resolve XML entity with public ID [null] and system ID [http://dozermapper.github.io/schema/bean-mapping.xsd]
2022-04-26 08:28:16 [restartedMain] INFO  - Resolved public ID [null] and system ID [http://dozermapper.github.io/schema/bean-mapping.xsd]
2022-04-26 08:28:16 [restartedMain] INFO  - Successfully loaded custom xml mapping.
2022-04-26 08:28:16 [restartedMain] INFO  - Initializing Dozer. Version: 6.4.0, Thread Name: restartedMain
2022-04-26 08:28:16 [restartedMain] INFO  - Trying to find Dozer configuration file: dozer.properties
2022-04-26 08:28:16 [restartedMain] INFO  - Failed to find dozer.properties via com.github.dozermapper.core.config.resolvers.LegacyPropertiesSettingsResolver.
2022-04-26 08:28:16 [restartedMain] INFO  - javax.el support is true
2022-04-26 08:28:16 [restartedMain] INFO  - LiveReload server is running on port 35729
2022-04-26 08:28:16 [restartedMain] INFO  - Exposing 1 endpoint(s) beneath base path '/actuator'
2022-04-26 08:28:16 [restartedMain] INFO  - Starting ProtocolHandler ["http-nio-9110"]
2022-04-26 08:28:16 [restartedMain] INFO  - Tomcat started on port(s): 9110 (http) with context path ''
2022-04-26 08:28:16 [restartedMain] INFO  - Started CJRabbitMQProducer9110 in 2.37 seconds (JVM running for 3.014)
2022-04-26 08:28:17 [RMI TCP Connection(3)-172.16.18.25] INFO  - Attempting to connect to: [localhost:5672]
2022-04-26 08:28:17 [RMI TCP Connection(2)-172.16.18.25] INFO  - Initializing Spring DispatcherServlet 'dispatcherServlet'
2022-04-26 08:28:17 [RMI TCP Connection(2)-172.16.18.25] INFO  - Initializing Servlet 'dispatcherServlet'
2022-04-26 08:28:17 [RMI TCP Connection(2)-172.16.18.25] INFO  - Completed initialization in 1 ms
2022-04-26 08:28:21 [RMI TCP Connection(3)-172.16.18.25] WARN  - Rabbit health check failed
org.springframework.amqp.AmqpConnectException: java.net.ConnectException: Connection refused: connect
	at org.springframework.amqp.rabbit.support.RabbitExceptionTranslator.convertRabbitAccessException(RabbitExceptionTranslator.java:61)
	at org.springframework.amqp.rabbit.connection.AbstractConnectionFactory.createBareConnection(AbstractConnectionFactory.java:602)
	at org.springframework.amqp.rabbit.connection.CachingConnectionFactory.createConnection(CachingConnectionFactory.java:724)
	at org.springframework.amqp.rabbit.connection.ConnectionFactoryUtils.createConnection(ConnectionFactoryUtils.java:252)
	at org.springframework.amqp.rabbit.core.RabbitTemplate.doExecute(RabbitTemplate.java:2175)
	at org.springframework.amqp.rabbit.core.RabbitTemplate.execute(RabbitTemplate.java:2148)
	at org.springframework.amqp.rabbit.core.RabbitTemplate.execute(RabbitTemplate.java:2128)
	at org.springframework.boot.actuate.amqp.RabbitHealthIndicator.getVersion(RabbitHealthIndicator.java:49)
	at org.springframework.boot.actuate.amqp.RabbitHealthIndicator.doHealthCheck(RabbitHealthIndicator.java:44)
	at org.springframework.boot.actuate.health.AbstractHealthIndicator.health(AbstractHealthIndicator.java:82)
	at org.springframework.boot.actuate.health.HealthIndicator.getHealth(HealthIndicator.java:37)
	at org.springframework.boot.actuate.health.HealthEndpoint.getHealth(HealthEndpoint.java:71)
	at org.springframework.boot.actuate.health.HealthEndpoint.getHealth(HealthEndpoint.java:39)
	at org.springframework.boot.actuate.health.HealthEndpointSupport.getContribution(HealthEndpointSupport.java:99)
	at org.springframework.boot.actuate.health.HealthEndpointSupport.getAggregateHealth(HealthEndpointSupport.java:110)
	at org.springframework.boot.actuate.health.HealthEndpointSupport.getContribution(HealthEndpointSupport.java:96)
	at org.springframework.boot.actuate.health.HealthEndpointSupport.getHealth(HealthEndpointSupport.java:74)
	at org.springframework.boot.actuate.health.HealthEndpointSupport.getHealth(HealthEndpointSupport.java:61)
	at org.springframework.boot.actuate.health.HealthEndpoint.health(HealthEndpoint.java:65)
	at org.springframework.boot.actuate.health.HealthEndpoint.health(HealthEndpoint.java:55)
	at sun.reflect.NativeMethodAccessorImpl.invoke0(Native Method)
	at sun.reflect.NativeMethodAccessorImpl.invoke(NativeMethodAccessorImpl.java:62)
	at sun.reflect.DelegatingMethodAccessorImpl.invoke(DelegatingMethodAccessorImpl.java:43)
	at java.lang.reflect.Method.invoke(Method.java:498)
	at org.springframework.util.ReflectionUtils.invokeMethod(ReflectionUtils.java:282)
	at org.springframework.boot.actuate.endpoint.invoke.reflect.ReflectiveOperationInvoker.invoke(ReflectiveOperationInvoker.java:74)
	at org.springframework.boot.actuate.endpoint.annotation.AbstractDiscoveredOperation.invoke(AbstractDiscoveredOperation.java:60)
	at org.springframework.boot.actuate.endpoint.jmx.EndpointMBean.invoke(EndpointMBean.java:121)
	at org.springframework.boot.actuate.endpoint.jmx.EndpointMBean.invoke(EndpointMBean.java:96)
	at com.sun.jmx.interceptor.DefaultMBeanServerInterceptor.invoke(DefaultMBeanServerInterceptor.java:819)
	at com.sun.jmx.mbeanserver.JmxMBeanServer.invoke(JmxMBeanServer.java:801)
	at javax.management.remote.rmi.RMIConnectionImpl.doOperation(RMIConnectionImpl.java:1468)
	at javax.management.remote.rmi.RMIConnectionImpl.access$300(RMIConnectionImpl.java:76)
	at javax.management.remote.rmi.RMIConnectionImpl$PrivilegedOperation.run(RMIConnectionImpl.java:1309)
	at javax.management.remote.rmi.RMIConnectionImpl.doPrivilegedOperation(RMIConnectionImpl.java:1401)
	at javax.management.remote.rmi.RMIConnectionImpl.invoke(RMIConnectionImpl.java:829)
	at sun.reflect.GeneratedMethodAccessor60.invoke(Unknown Source)
	at sun.reflect.DelegatingMethodAccessorImpl.invoke(DelegatingMethodAccessorImpl.java:43)
	at java.lang.reflect.Method.invoke(Method.java:498)
	at sun.rmi.server.UnicastServerRef.dispatch(UnicastServerRef.java:361)
	at sun.rmi.transport.Transport$1.run(Transport.java:200)
	at sun.rmi.transport.Transport$1.run(Transport.java:197)
	at java.security.AccessController.doPrivileged(Native Method)
	at sun.rmi.transport.Transport.serviceCall(Transport.java:196)
	at sun.rmi.transport.tcp.TCPTransport.handleMessages(TCPTransport.java:568)
	at sun.rmi.transport.tcp.TCPTransport$ConnectionHandler.run0(TCPTransport.java:826)
	at sun.rmi.transport.tcp.TCPTransport$ConnectionHandler.lambda$run$0(TCPTransport.java:683)
	at java.security.AccessController.doPrivileged(Native Method)
	at sun.rmi.transport.tcp.TCPTransport$ConnectionHandler.run(TCPTransport.java:682)
	at java.util.concurrent.ThreadPoolExecutor.runWorker(ThreadPoolExecutor.java:1149)
	at java.util.concurrent.ThreadPoolExecutor$Worker.run(ThreadPoolExecutor.java:624)
	at java.lang.Thread.run(Thread.java:748)
Caused by: java.net.ConnectException: Connection refused: connect
	at java.net.DualStackPlainSocketImpl.waitForConnect(Native Method)
	at java.net.DualStackPlainSocketImpl.socketConnect(DualStackPlainSocketImpl.java:85)
	at java.net.AbstractPlainSocketImpl.doConnect(AbstractPlainSocketImpl.java:350)
	at java.net.AbstractPlainSocketImpl.connectToAddress(AbstractPlainSocketImpl.java:206)
	at java.net.AbstractPlainSocketImpl.connect(AbstractPlainSocketImpl.java:188)
	at java.net.PlainSocketImpl.connect(PlainSocketImpl.java:172)
	at java.net.SocksSocketImpl.connect(SocksSocketImpl.java:392)
	at java.net.Socket.connect(Socket.java:589)
	at com.rabbitmq.client.impl.SocketFrameHandlerFactory.create(SocketFrameHandlerFactory.java:60)
	at com.rabbitmq.client.ConnectionFactory.newConnection(ConnectionFactory.java:1220)
	at com.rabbitmq.client.ConnectionFactory.newConnection(ConnectionFactory.java:1170)
	at org.springframework.amqp.rabbit.connection.AbstractConnectionFactory.connectAddresses(AbstractConnectionFactory.java:640)
	at org.springframework.amqp.rabbit.connection.AbstractConnectionFactory.connect(AbstractConnectionFactory.java:615)
	at org.springframework.amqp.rabbit.connection.AbstractConnectionFactory.createBareConnection(AbstractConnectionFactory.java:565)
	... 50 common frames omitted
2022-04-26 08:28:44 [restartedMain] INFO  - Starting CJRabbitMQProducer9110 using Java 1.8.0_161 on NS-20200706KEOF with PID 31332 (E:\java\cjProject\cj-springboot-all\rabbitmq-producer9110\target\classes started by Administrator in E:\java\cjProject\cj-springboot-all)
2022-04-26 08:28:44 [restartedMain] INFO  - The following profiles are active: dev
2022-04-26 08:28:44 [restartedMain] INFO  - Devtools property defaults active! Set 'spring.devtools.add-properties' to 'false' to disable
2022-04-26 08:28:44 [restartedMain] INFO  - For additional web related logging consider setting the 'logging.level.web' property to 'DEBUG'
2022-04-26 08:28:45 [restartedMain] INFO  - Tomcat initialized with port(s): 9110 (http)
2022-04-26 08:28:45 [restartedMain] INFO  - Initializing ProtocolHandler ["http-nio-9110"]
2022-04-26 08:28:45 [restartedMain] INFO  - Starting service [Tomcat]
2022-04-26 08:28:45 [restartedMain] INFO  - Starting Servlet engine: [Apache Tomcat/9.0.56]
2022-04-26 08:28:45 [restartedMain] INFO  - Initializing Spring embedded WebApplicationContext
2022-04-26 08:28:45 [restartedMain] INFO  - Root WebApplicationContext: initialization completed in 857 ms
2022-04-26 08:28:46 [restartedMain] INFO  - Initializing Dozer. Version: 6.4.0, Thread Name: restartedMain
2022-04-26 08:28:46 [restartedMain] INFO  - OSGi support is false
2022-04-26 08:28:46 [restartedMain] INFO  - Trying to find Dozer configuration file: dozer.properties
2022-04-26 08:28:46 [restartedMain] INFO  - Failed to find dozer.properties via com.github.dozermapper.core.config.resolvers.LegacyPropertiesSettingsResolver.
2022-04-26 08:28:46 [restartedMain] INFO  - Using URL [cjDefaultDozerBeanMapping.xml] to load custom xml mappings
2022-04-26 08:28:46 [restartedMain] INFO  - Trying to resolve XML entity with public ID [null] and system ID [http://dozermapper.github.io/schema/bean-mapping.xsd]
2022-04-26 08:28:46 [restartedMain] INFO  - Resolved public ID [null] and system ID [http://dozermapper.github.io/schema/bean-mapping.xsd]
2022-04-26 08:28:46 [restartedMain] INFO  - Successfully loaded custom xml mapping.
2022-04-26 08:28:46 [restartedMain] INFO  - Initializing Dozer. Version: 6.4.0, Thread Name: restartedMain
2022-04-26 08:28:46 [restartedMain] INFO  - Trying to find Dozer configuration file: dozer.properties
2022-04-26 08:28:46 [restartedMain] INFO  - Failed to find dozer.properties via com.github.dozermapper.core.config.resolvers.LegacyPropertiesSettingsResolver.
2022-04-26 08:28:46 [restartedMain] INFO  - javax.el support is true
2022-04-26 08:28:46 [restartedMain] INFO  - LiveReload server is running on port 35729
2022-04-26 08:28:46 [restartedMain] INFO  - Exposing 1 endpoint(s) beneath base path '/actuator'
2022-04-26 08:28:46 [restartedMain] INFO  - Starting ProtocolHandler ["http-nio-9110"]
2022-04-26 08:28:46 [restartedMain] INFO  - Tomcat started on port(s): 9110 (http) with context path ''
2022-04-26 08:28:46 [restartedMain] INFO  - Started CJRabbitMQProducer9110 in 2.161 seconds (JVM running for 2.793)
2022-04-26 08:28:46 [RMI TCP Connection(1)-172.16.18.25] INFO  - Initializing Spring DispatcherServlet 'dispatcherServlet'
2022-04-26 08:28:46 [RMI TCP Connection(1)-172.16.18.25] INFO  - Initializing Servlet 'dispatcherServlet'
2022-04-26 08:28:46 [RMI TCP Connection(1)-172.16.18.25] INFO  - Completed initialization in 0 ms
2022-04-26 08:28:47 [RMI TCP Connection(3)-172.16.18.25] INFO  - Attempting to connect to: [172.16.207.221:5672]
2022-04-26 08:28:47 [RMI TCP Connection(3)-172.16.18.25] INFO  - Created new connection: rabbitConnectionFactory#7a2bea85:0/SimpleConnection@57817290 [delegate=amqp://admin@172.16.207.221:5672/, localPort= 3308]
2022-04-26 08:28:48 [http-nio-9110-exec-1] INFO  - Producer message send time: Tue Apr 26 08:28:48 CST 2022,发送的消息: nihao中国
2022-04-26 08:28:57 [http-nio-9110-exec-3] INFO  - Producer message send time: Tue Apr 26 08:28:57 CST 2022,发送的消息: nihao中国
2022-04-26 08:30:34 [restartedMain] INFO  - Starting CJRabbitMQProducer9110 using Java 1.8.0_161 on NS-20200706KEOF with PID 31332 (E:\java\cjProject\cj-springboot-all\rabbitmq-producer9110\target\classes started by Administrator in E:\java\cjProject\cj-springboot-all)
2022-04-26 08:30:34 [restartedMain] INFO  - The following profiles are active: dev
2022-04-26 08:30:34 [restartedMain] INFO  - Tomcat initialized with port(s): 9110 (http)
2022-04-26 08:30:34 [restartedMain] INFO  - Initializing ProtocolHandler ["http-nio-9110"]
2022-04-26 08:30:34 [restartedMain] INFO  - Starting service [Tomcat]
2022-04-26 08:30:34 [restartedMain] INFO  - Starting Servlet engine: [Apache Tomcat/9.0.56]
2022-04-26 08:30:34 [restartedMain] INFO  - Initializing Spring embedded WebApplicationContext
2022-04-26 08:30:34 [restartedMain] INFO  - Root WebApplicationContext: initialization completed in 296 ms
2022-04-26 08:30:34 [restartedMain] INFO  - Initializing Dozer. Version: 6.4.0, Thread Name: restartedMain
2022-04-26 08:30:34 [restartedMain] INFO  - Trying to find Dozer configuration file: dozer.properties
2022-04-26 08:30:34 [restartedMain] INFO  - Failed to find dozer.properties via com.github.dozermapper.core.config.resolvers.LegacyPropertiesSettingsResolver.
2022-04-26 08:30:34 [restartedMain] INFO  - Using URL [cjDefaultDozerBeanMapping.xml] to load custom xml mappings
2022-04-26 08:30:34 [restartedMain] INFO  - Trying to resolve XML entity with public ID [null] and system ID [http://dozermapper.github.io/schema/bean-mapping.xsd]
2022-04-26 08:30:34 [restartedMain] INFO  - Resolved public ID [null] and system ID [http://dozermapper.github.io/schema/bean-mapping.xsd]
2022-04-26 08:30:34 [restartedMain] INFO  - Successfully loaded custom xml mapping.
2022-04-26 08:30:34 [restartedMain] INFO  - Initializing Dozer. Version: 6.4.0, Thread Name: restartedMain
2022-04-26 08:30:34 [restartedMain] INFO  - Trying to find Dozer configuration file: dozer.properties
2022-04-26 08:30:34 [restartedMain] INFO  - Failed to find dozer.properties via com.github.dozermapper.core.config.resolvers.LegacyPropertiesSettingsResolver.
2022-04-26 08:30:34 [restartedMain] INFO  - LiveReload server is running on port 35729
2022-04-26 08:30:34 [restartedMain] INFO  - Exposing 1 endpoint(s) beneath base path '/actuator'
2022-04-26 08:30:34 [restartedMain] INFO  - Starting ProtocolHandler ["http-nio-9110"]
2022-04-26 08:30:34 [restartedMain] INFO  - Tomcat started on port(s): 9110 (http) with context path ''
2022-04-26 08:30:34 [restartedMain] INFO  - Started CJRabbitMQProducer9110 in 0.533 seconds (JVM running for 111.113)
2022-04-26 08:30:34 [restartedMain] INFO  - Condition evaluation unchanged
2022-04-26 08:35:27 [http-nio-9110-exec-1] INFO  - Initializing Spring DispatcherServlet 'dispatcherServlet'
2022-04-26 08:35:27 [http-nio-9110-exec-1] INFO  - Initializing Servlet 'dispatcherServlet'
2022-04-26 08:35:27 [http-nio-9110-exec-1] INFO  - Completed initialization in 1 ms
2022-04-26 08:35:27 [http-nio-9110-exec-1] INFO  - Producer message send time: Tue Apr 26 08:35:27 CST 2022,发送的消息: nihao中国
2022-04-26 08:35:27 [http-nio-9110-exec-1] INFO  - Attempting to connect to: [172.16.207.221:5672]
2022-04-26 08:35:27 [http-nio-9110-exec-1] INFO  - Created new connection: rabbitConnectionFactory#14eaa23c:0/SimpleConnection@1c5608ea [delegate=amqp://admin@172.16.207.221:5672/, localPort= 3707]
2022-04-26 08:35:31 [http-nio-9110-exec-3] INFO  - Producer message send time: Tue Apr 26 08:35:31 CST 2022,发送的消息: nihao中国
