2022-04-25 17:08:15 [restartedMain] INFO  - Starting CJRedisBasicApplication using Java 1.8.0_161 on NS-20200706KEOF with PID 16540 (E:\java\cjProject\cj-springboot-all\redis-basic\target\classes started by Administrator in E:\java\cjProject\cj-springboot-all)
2022-04-25 17:08:15 [restartedMain] INFO  - The following profiles are active: dev
2022-04-25 17:08:15 [restartedMain] INFO  - Devtools property defaults active! Set 'spring.devtools.add-properties' to 'false' to disable
2022-04-25 17:08:15 [restartedMain] INFO  - For additional web related logging consider setting the 'logging.level.web' property to 'DEBUG'
2022-04-25 17:08:17 [restartedMain] INFO  - Multiple Spring Data modules found, entering strict repository configuration mode!
2022-04-25 17:08:17 [restartedMain] INFO  - Bootstrapping Spring Data Redis repositories in DEFAULT mode.
2022-04-25 17:08:17 [restartedMain] INFO  - Finished Spring Data repository scanning in 4 ms. Found 0 Redis repository interfaces.
2022-04-25 17:08:17 [restartedMain] INFO  - Tomcat initialized with port(s): 9003 (http)
2022-04-25 17:08:17 [restartedMain] INFO  - Initializing ProtocolHandler ["http-nio-9003"]
2022-04-25 17:08:17 [restartedMain] INFO  - Starting service [Tomcat]
2022-04-25 17:08:17 [restartedMain] INFO  - Starting Servlet engine: [Apache Tomcat/9.0.56]
2022-04-25 17:08:17 [restartedMain] INFO  - Initializing Spring embedded WebApplicationContext
2022-04-25 17:08:17 [restartedMain] INFO  - Root WebApplicationContext: initialization completed in 1784 ms
2022-04-25 17:08:18 [restartedMain] INFO  - Initializing Dozer. Version: 6.4.0, Thread Name: restartedMain
2022-04-25 17:08:18 [restartedMain] INFO  - OSGi support is false
2022-04-25 17:08:18 [restartedMain] INFO  - Trying to find Dozer configuration file: dozer.properties
2022-04-25 17:08:18 [restartedMain] INFO  - Failed to find dozer.properties via com.github.dozermapper.core.config.resolvers.LegacyPropertiesSettingsResolver.
2022-04-25 17:08:18 [restartedMain] INFO  - Using URL [cjDefaultDozerBeanMapping.xml] to load custom xml mappings
2022-04-25 17:08:18 [restartedMain] INFO  - Trying to resolve XML entity with public ID [null] and system ID [http://dozermapper.github.io/schema/bean-mapping.xsd]
2022-04-25 17:08:18 [restartedMain] INFO  - Resolved public ID [null] and system ID [http://dozermapper.github.io/schema/bean-mapping.xsd]
2022-04-25 17:08:18 [restartedMain] INFO  - Successfully loaded custom xml mapping.
2022-04-25 17:08:18 [restartedMain] INFO  - Initializing Dozer. Version: 6.4.0, Thread Name: restartedMain
2022-04-25 17:08:18 [restartedMain] INFO  - Trying to find Dozer configuration file: dozer.properties
2022-04-25 17:08:18 [restartedMain] INFO  - Failed to find dozer.properties via com.github.dozermapper.core.config.resolvers.LegacyPropertiesSettingsResolver.
2022-04-25 17:08:18 [restartedMain] INFO  - javax.el support is true
2022-04-25 17:08:18 [restartedMain] INFO  - LiveReload server is running on port 35729
2022-04-25 17:08:18 [restartedMain] INFO  - Exposing 1 endpoint(s) beneath base path '/actuator'
2022-04-25 17:08:18 [restartedMain] INFO  - Starting ProtocolHandler ["http-nio-9003"]
2022-04-25 17:08:18 [restartedMain] INFO  - Tomcat started on port(s): 9003 (http) with context path ''
2022-04-25 17:08:18 [restartedMain] INFO  - Started CJRedisBasicApplication in 3.52 seconds (JVM running for 5.581)
2022-04-25 17:08:19 [RMI TCP Connection(2)-172.16.18.25] INFO  - Initializing Spring DispatcherServlet 'dispatcherServlet'
2022-04-25 17:08:19 [RMI TCP Connection(2)-172.16.18.25] INFO  - Initializing Servlet 'dispatcherServlet'
2022-04-25 17:08:19 [RMI TCP Connection(2)-172.16.18.25] INFO  - Completed initialization in 1 ms
2022-04-25 17:10:01 [http-nio-9003-exec-3] ERROR - Servlet.service() for servlet [dispatcherServlet] in context with path [] threw exception [Request processing failed; nested exception is java.lang.ClassCastException: java.lang.Integer cannot be cast to java.lang.String] with root cause
java.lang.ClassCastException: java.lang.Integer cannot be cast to java.lang.String
	at cj.springboot2.redis.basic.controller.CJRedisBasicController.getAppValue(CJRedisBasicController.java:32)
	at sun.reflect.NativeMethodAccessorImpl.invoke0(Native Method)
	at sun.reflect.NativeMethodAccessorImpl.invoke(NativeMethodAccessorImpl.java:62)
	at sun.reflect.DelegatingMethodAccessorImpl.invoke(DelegatingMethodAccessorImpl.java:43)
	at java.lang.reflect.Method.invoke(Method.java:498)
	at org.springframework.web.method.support.InvocableHandlerMethod.doInvoke(InvocableHandlerMethod.java:205)
	at org.springframework.web.method.support.InvocableHandlerMethod.invokeForRequest(InvocableHandlerMethod.java:150)
	at org.springframework.web.servlet.mvc.method.annotation.ServletInvocableHandlerMethod.invokeAndHandle(ServletInvocableHandlerMethod.java:117)
	at org.springframework.web.servlet.mvc.method.annotation.RequestMappingHandlerAdapter.invokeHandlerMethod(RequestMappingHandlerAdapter.java:895)
	at org.springframework.web.servlet.mvc.method.annotation.RequestMappingHandlerAdapter.handleInternal(RequestMappingHandlerAdapter.java:808)
	at org.springframework.web.servlet.mvc.method.AbstractHandlerMethodAdapter.handle(AbstractHandlerMethodAdapter.java:87)
	at org.springframework.web.servlet.DispatcherServlet.doDispatch(DispatcherServlet.java:1067)
	at org.springframework.web.servlet.DispatcherServlet.doService(DispatcherServlet.java:963)
	at org.springframework.web.servlet.FrameworkServlet.processRequest(FrameworkServlet.java:1006)
	at org.springframework.web.servlet.FrameworkServlet.doGet(FrameworkServlet.java:898)
	at javax.servlet.http.HttpServlet.service(HttpServlet.java:655)
	at org.springframework.web.servlet.FrameworkServlet.service(FrameworkServlet.java:883)
	at javax.servlet.http.HttpServlet.service(HttpServlet.java:764)
	at org.apache.catalina.core.ApplicationFilterChain.internalDoFilter(ApplicationFilterChain.java:227)
	at org.apache.catalina.core.ApplicationFilterChain.doFilter(ApplicationFilterChain.java:162)
	at org.apache.tomcat.websocket.server.WsFilter.doFilter(WsFilter.java:53)
	at org.apache.catalina.core.ApplicationFilterChain.internalDoFilter(ApplicationFilterChain.java:189)
	at org.apache.catalina.core.ApplicationFilterChain.doFilter(ApplicationFilterChain.java:162)
	at org.springframework.web.filter.RequestContextFilter.doFilterInternal(RequestContextFilter.java:100)
	at org.springframework.web.filter.OncePerRequestFilter.doFilter(OncePerRequestFilter.java:117)
	at org.apache.catalina.core.ApplicationFilterChain.internalDoFilter(ApplicationFilterChain.java:189)
	at org.apache.catalina.core.ApplicationFilterChain.doFilter(ApplicationFilterChain.java:162)
	at org.springframework.web.filter.FormContentFilter.doFilterInternal(FormContentFilter.java:93)
	at org.springframework.web.filter.OncePerRequestFilter.doFilter(OncePerRequestFilter.java:117)
	at org.apache.catalina.core.ApplicationFilterChain.internalDoFilter(ApplicationFilterChain.java:189)
	at org.apache.catalina.core.ApplicationFilterChain.doFilter(ApplicationFilterChain.java:162)
	at org.springframework.boot.actuate.metrics.web.servlet.WebMvcMetricsFilter.doFilterInternal(WebMvcMetricsFilter.java:96)
	at org.springframework.web.filter.OncePerRequestFilter.doFilter(OncePerRequestFilter.java:117)
	at org.apache.catalina.core.ApplicationFilterChain.internalDoFilter(ApplicationFilterChain.java:189)
	at org.apache.catalina.core.ApplicationFilterChain.doFilter(ApplicationFilterChain.java:162)
	at org.springframework.web.filter.CharacterEncodingFilter.doFilterInternal(CharacterEncodingFilter.java:201)
	at org.springframework.web.filter.OncePerRequestFilter.doFilter(OncePerRequestFilter.java:117)
	at org.apache.catalina.core.ApplicationFilterChain.internalDoFilter(ApplicationFilterChain.java:189)
	at org.apache.catalina.core.ApplicationFilterChain.doFilter(ApplicationFilterChain.java:162)
	at org.apache.catalina.core.StandardWrapperValve.invoke(StandardWrapperValve.java:197)
	at org.apache.catalina.core.StandardContextValve.invoke(StandardContextValve.java:97)
	at org.apache.catalina.authenticator.AuthenticatorBase.invoke(AuthenticatorBase.java:540)
	at org.apache.catalina.core.StandardHostValve.invoke(StandardHostValve.java:135)
	at org.apache.catalina.valves.ErrorReportValve.invoke(ErrorReportValve.java:92)
	at org.apache.catalina.core.StandardEngineValve.invoke(StandardEngineValve.java:78)
	at org.apache.catalina.connector.CoyoteAdapter.service(CoyoteAdapter.java:357)
	at org.apache.coyote.http11.Http11Processor.service(Http11Processor.java:382)
	at org.apache.coyote.AbstractProcessorLight.process(AbstractProcessorLight.java:65)
	at org.apache.coyote.AbstractProtocol$ConnectionHandler.process(AbstractProtocol.java:895)
	at org.apache.tomcat.util.net.NioEndpoint$SocketProcessor.doRun(NioEndpoint.java:1732)
	at org.apache.tomcat.util.net.SocketProcessorBase.run(SocketProcessorBase.java:49)
	at org.apache.tomcat.util.threads.ThreadPoolExecutor.runWorker(ThreadPoolExecutor.java:1191)
	at org.apache.tomcat.util.threads.ThreadPoolExecutor$Worker.run(ThreadPoolExecutor.java:659)
	at org.apache.tomcat.util.threads.TaskThread$WrappingRunnable.run(TaskThread.java:61)
	at java.lang.Thread.run(Thread.java:748)
2022-04-25 17:10:32 [restartedMain] INFO  - Starting CJRedisBasicApplication using Java 1.8.0_161 on NS-20200706KEOF with PID 16540 (E:\java\cjProject\cj-springboot-all\redis-basic\target\classes started by Administrator in E:\java\cjProject\cj-springboot-all)
2022-04-25 17:10:32 [restartedMain] INFO  - The following profiles are active: dev
2022-04-25 17:10:32 [restartedMain] INFO  - Multiple Spring Data modules found, entering strict repository configuration mode!
2022-04-25 17:10:32 [restartedMain] INFO  - Bootstrapping Spring Data Redis repositories in DEFAULT mode.
2022-04-25 17:10:32 [restartedMain] INFO  - Finished Spring Data repository scanning in 1 ms. Found 0 Redis repository interfaces.
2022-04-25 17:10:32 [restartedMain] INFO  - Tomcat initialized with port(s): 9003 (http)
2022-04-25 17:10:32 [restartedMain] INFO  - Initializing ProtocolHandler ["http-nio-9003"]
2022-04-25 17:10:32 [restartedMain] INFO  - Starting service [Tomcat]
2022-04-25 17:10:32 [restartedMain] INFO  - Starting Servlet engine: [Apache Tomcat/9.0.56]
2022-04-25 17:10:32 [restartedMain] INFO  - Initializing Spring embedded WebApplicationContext
2022-04-25 17:10:32 [restartedMain] INFO  - Root WebApplicationContext: initialization completed in 268 ms
2022-04-25 17:10:32 [restartedMain] INFO  - Initializing Dozer. Version: 6.4.0, Thread Name: restartedMain
2022-04-25 17:10:32 [restartedMain] INFO  - Trying to find Dozer configuration file: dozer.properties
2022-04-25 17:10:32 [restartedMain] INFO  - Failed to find dozer.properties via com.github.dozermapper.core.config.resolvers.LegacyPropertiesSettingsResolver.
2022-04-25 17:10:32 [restartedMain] INFO  - Using URL [cjDefaultDozerBeanMapping.xml] to load custom xml mappings
2022-04-25 17:10:32 [restartedMain] INFO  - Trying to resolve XML entity with public ID [null] and system ID [http://dozermapper.github.io/schema/bean-mapping.xsd]
2022-04-25 17:10:32 [restartedMain] INFO  - Resolved public ID [null] and system ID [http://dozermapper.github.io/schema/bean-mapping.xsd]
2022-04-25 17:10:32 [restartedMain] INFO  - Successfully loaded custom xml mapping.
2022-04-25 17:10:32 [restartedMain] INFO  - Initializing Dozer. Version: 6.4.0, Thread Name: restartedMain
2022-04-25 17:10:32 [restartedMain] INFO  - Trying to find Dozer configuration file: dozer.properties
2022-04-25 17:10:32 [restartedMain] INFO  - Failed to find dozer.properties via com.github.dozermapper.core.config.resolvers.LegacyPropertiesSettingsResolver.
2022-04-25 17:10:32 [restartedMain] INFO  - LiveReload server is running on port 35729
2022-04-25 17:10:32 [restartedMain] INFO  - Exposing 1 endpoint(s) beneath base path '/actuator'
2022-04-25 17:10:32 [restartedMain] INFO  - Starting ProtocolHandler ["http-nio-9003"]
2022-04-25 17:10:32 [restartedMain] INFO  - Tomcat started on port(s): 9003 (http) with context path ''
2022-04-25 17:10:32 [restartedMain] INFO  - Started CJRedisBasicApplication in 0.486 seconds (JVM running for 139.213)
2022-04-25 17:10:32 [restartedMain] INFO  - Condition evaluation unchanged
2022-04-25 17:10:34 [restartedMain] INFO  - Starting CJRedisBasicApplication using Java 1.8.0_161 on NS-20200706KEOF with PID 16540 (E:\java\cjProject\cj-springboot-all\redis-basic\target\classes started by Administrator in E:\java\cjProject\cj-springboot-all)
2022-04-25 17:10:34 [restartedMain] INFO  - The following profiles are active: dev
2022-04-25 17:10:34 [restartedMain] INFO  - Multiple Spring Data modules found, entering strict repository configuration mode!
2022-04-25 17:10:34 [restartedMain] INFO  - Bootstrapping Spring Data Redis repositories in DEFAULT mode.
2022-04-25 17:10:34 [restartedMain] INFO  - Finished Spring Data repository scanning in 1 ms. Found 0 Redis repository interfaces.
2022-04-25 17:10:34 [restartedMain] INFO  - Tomcat initialized with port(s): 9003 (http)
2022-04-25 17:10:34 [restartedMain] INFO  - Initializing ProtocolHandler ["http-nio-9003"]
2022-04-25 17:10:34 [restartedMain] INFO  - Starting service [Tomcat]
2022-04-25 17:10:34 [restartedMain] INFO  - Starting Servlet engine: [Apache Tomcat/9.0.56]
2022-04-25 17:10:34 [restartedMain] INFO  - Initializing Spring embedded WebApplicationContext
2022-04-25 17:10:34 [restartedMain] INFO  - Root WebApplicationContext: initialization completed in 236 ms
2022-04-25 17:10:34 [restartedMain] INFO  - Initializing Dozer. Version: 6.4.0, Thread Name: restartedMain
2022-04-25 17:10:34 [restartedMain] INFO  - Trying to find Dozer configuration file: dozer.properties
2022-04-25 17:10:34 [restartedMain] INFO  - Failed to find dozer.properties via com.github.dozermapper.core.config.resolvers.LegacyPropertiesSettingsResolver.
2022-04-25 17:10:34 [restartedMain] INFO  - Using URL [cjDefaultDozerBeanMapping.xml] to load custom xml mappings
2022-04-25 17:10:34 [restartedMain] INFO  - Trying to resolve XML entity with public ID [null] and system ID [http://dozermapper.github.io/schema/bean-mapping.xsd]
2022-04-25 17:10:34 [restartedMain] INFO  - Resolved public ID [null] and system ID [http://dozermapper.github.io/schema/bean-mapping.xsd]
2022-04-25 17:10:34 [restartedMain] INFO  - Successfully loaded custom xml mapping.
2022-04-25 17:10:34 [restartedMain] INFO  - Initializing Dozer. Version: 6.4.0, Thread Name: restartedMain
2022-04-25 17:10:34 [restartedMain] INFO  - Trying to find Dozer configuration file: dozer.properties
2022-04-25 17:10:34 [restartedMain] INFO  - Failed to find dozer.properties via com.github.dozermapper.core.config.resolvers.LegacyPropertiesSettingsResolver.
2022-04-25 17:10:34 [restartedMain] INFO  - LiveReload server is running on port 35729
2022-04-25 17:10:34 [restartedMain] INFO  - Exposing 1 endpoint(s) beneath base path '/actuator'
2022-04-25 17:10:34 [restartedMain] INFO  - Starting ProtocolHandler ["http-nio-9003"]
2022-04-25 17:10:34 [restartedMain] INFO  - Tomcat started on port(s): 9003 (http) with context path ''
2022-04-25 17:10:34 [restartedMain] INFO  - Started CJRedisBasicApplication in 0.412 seconds (JVM running for 141.262)
2022-04-25 17:10:34 [restartedMain] INFO  - Condition evaluation unchanged
2022-04-25 17:10:52 [restartedMain] INFO  - Starting CJRedisBasicApplication using Java 1.8.0_161 on NS-20200706KEOF with PID 16540 (E:\java\cjProject\cj-springboot-all\redis-basic\target\classes started by Administrator in E:\java\cjProject\cj-springboot-all)
2022-04-25 17:10:52 [restartedMain] INFO  - The following profiles are active: dev
2022-04-25 17:10:52 [restartedMain] INFO  - Multiple Spring Data modules found, entering strict repository configuration mode!
2022-04-25 17:10:52 [restartedMain] INFO  - Bootstrapping Spring Data Redis repositories in DEFAULT mode.
2022-04-25 17:10:52 [restartedMain] INFO  - Finished Spring Data repository scanning in 1 ms. Found 0 Redis repository interfaces.
2022-04-25 17:10:52 [restartedMain] INFO  - Tomcat initialized with port(s): 9003 (http)
2022-04-25 17:10:52 [restartedMain] INFO  - Initializing ProtocolHandler ["http-nio-9003"]
2022-04-25 17:10:52 [restartedMain] INFO  - Starting service [Tomcat]
2022-04-25 17:10:52 [restartedMain] INFO  - Starting Servlet engine: [Apache Tomcat/9.0.56]
2022-04-25 17:10:52 [restartedMain] INFO  - Initializing Spring embedded WebApplicationContext
2022-04-25 17:10:52 [restartedMain] INFO  - Root WebApplicationContext: initialization completed in 252 ms
2022-04-25 17:10:52 [restartedMain] INFO  - Initializing Dozer. Version: 6.4.0, Thread Name: restartedMain
2022-04-25 17:10:52 [restartedMain] INFO  - Trying to find Dozer configuration file: dozer.properties
2022-04-25 17:10:52 [restartedMain] INFO  - Failed to find dozer.properties via com.github.dozermapper.core.config.resolvers.LegacyPropertiesSettingsResolver.
2022-04-25 17:10:52 [restartedMain] INFO  - Using URL [cjDefaultDozerBeanMapping.xml] to load custom xml mappings
2022-04-25 17:10:52 [restartedMain] INFO  - Trying to resolve XML entity with public ID [null] and system ID [http://dozermapper.github.io/schema/bean-mapping.xsd]
2022-04-25 17:10:52 [restartedMain] INFO  - Resolved public ID [null] and system ID [http://dozermapper.github.io/schema/bean-mapping.xsd]
2022-04-25 17:10:52 [restartedMain] INFO  - Successfully loaded custom xml mapping.
2022-04-25 17:10:52 [restartedMain] INFO  - Initializing Dozer. Version: 6.4.0, Thread Name: restartedMain
2022-04-25 17:10:52 [restartedMain] INFO  - Trying to find Dozer configuration file: dozer.properties
2022-04-25 17:10:52 [restartedMain] INFO  - Failed to find dozer.properties via com.github.dozermapper.core.config.resolvers.LegacyPropertiesSettingsResolver.
2022-04-25 17:10:52 [restartedMain] INFO  - LiveReload server is running on port 35729
2022-04-25 17:10:52 [restartedMain] INFO  - Exposing 1 endpoint(s) beneath base path '/actuator'
2022-04-25 17:10:52 [restartedMain] INFO  - Starting ProtocolHandler ["http-nio-9003"]
2022-04-25 17:10:52 [restartedMain] INFO  - Tomcat started on port(s): 9003 (http) with context path ''
2022-04-25 17:10:52 [restartedMain] INFO  - Started CJRedisBasicApplication in 0.434 seconds (JVM running for 159.4)
2022-04-25 17:10:52 [restartedMain] INFO  - Condition evaluation unchanged
2022-04-25 17:10:54 [restartedMain] INFO  - Starting CJRedisBasicApplication using Java 1.8.0_161 on NS-20200706KEOF with PID 16540 (E:\java\cjProject\cj-springboot-all\redis-basic\target\classes started by Administrator in E:\java\cjProject\cj-springboot-all)
2022-04-25 17:10:54 [restartedMain] INFO  - The following profiles are active: dev
2022-04-25 17:10:54 [restartedMain] INFO  - Multiple Spring Data modules found, entering strict repository configuration mode!
2022-04-25 17:10:54 [restartedMain] INFO  - Bootstrapping Spring Data Redis repositories in DEFAULT mode.
2022-04-25 17:10:54 [restartedMain] INFO  - Finished Spring Data repository scanning in 1 ms. Found 0 Redis repository interfaces.
2022-04-25 17:10:54 [restartedMain] INFO  - Tomcat initialized with port(s): 9003 (http)
2022-04-25 17:10:54 [restartedMain] INFO  - Initializing ProtocolHandler ["http-nio-9003"]
2022-04-25 17:10:54 [restartedMain] INFO  - Starting service [Tomcat]
2022-04-25 17:10:54 [restartedMain] INFO  - Starting Servlet engine: [Apache Tomcat/9.0.56]
2022-04-25 17:10:54 [restartedMain] INFO  - Initializing Spring embedded WebApplicationContext
2022-04-25 17:10:54 [restartedMain] INFO  - Root WebApplicationContext: initialization completed in 192 ms
2022-04-25 17:10:54 [restartedMain] INFO  - Initializing Dozer. Version: 6.4.0, Thread Name: restartedMain
2022-04-25 17:10:54 [restartedMain] INFO  - Trying to find Dozer configuration file: dozer.properties
2022-04-25 17:10:54 [restartedMain] INFO  - Failed to find dozer.properties via com.github.dozermapper.core.config.resolvers.LegacyPropertiesSettingsResolver.
2022-04-25 17:10:54 [restartedMain] INFO  - Using URL [cjDefaultDozerBeanMapping.xml] to load custom xml mappings
2022-04-25 17:10:54 [restartedMain] INFO  - Trying to resolve XML entity with public ID [null] and system ID [http://dozermapper.github.io/schema/bean-mapping.xsd]
2022-04-25 17:10:54 [restartedMain] INFO  - Resolved public ID [null] and system ID [http://dozermapper.github.io/schema/bean-mapping.xsd]
2022-04-25 17:10:54 [restartedMain] INFO  - Successfully loaded custom xml mapping.
2022-04-25 17:10:54 [restartedMain] INFO  - Initializing Dozer. Version: 6.4.0, Thread Name: restartedMain
2022-04-25 17:10:54 [restartedMain] INFO  - Trying to find Dozer configuration file: dozer.properties
2022-04-25 17:10:54 [restartedMain] INFO  - Failed to find dozer.properties via com.github.dozermapper.core.config.resolvers.LegacyPropertiesSettingsResolver.
2022-04-25 17:10:54 [restartedMain] INFO  - LiveReload server is running on port 35729
2022-04-25 17:10:54 [restartedMain] INFO  - Exposing 1 endpoint(s) beneath base path '/actuator'
2022-04-25 17:10:54 [restartedMain] INFO  - Starting ProtocolHandler ["http-nio-9003"]
2022-04-25 17:10:54 [restartedMain] INFO  - Tomcat started on port(s): 9003 (http) with context path ''
2022-04-25 17:10:54 [restartedMain] INFO  - Started CJRedisBasicApplication in 0.358 seconds (JVM running for 161.382)
2022-04-25 17:10:54 [restartedMain] INFO  - Condition evaluation unchanged
2022-04-25 17:10:55 [http-nio-9003-exec-1] INFO  - Initializing Spring DispatcherServlet 'dispatcherServlet'
2022-04-25 17:10:55 [http-nio-9003-exec-1] INFO  - Initializing Servlet 'dispatcherServlet'
2022-04-25 17:10:55 [http-nio-9003-exec-1] INFO  - Completed initialization in 1 ms
